[1/105] cl /c /Zc:__cplusplus /Zp8 /GR /W3 /EHs /nologo /MD /D_CRT_SECURE_NO_DEPRECATE /D_SCL_SECURE_NO_DEPRECATE /D_SECURE_SCL=0   /DMATLAB_MEX_FILE  /DMATLAB_MEX_FILE /O2 /Oy- /DNDEBUG /fp:strict /utf-8 /I "." /I "C:\Users\kovac\Desktop\TESI\master_thesis_2025\src\MATLAB_R2024b" /I ".\interface" /I "C:\Program Files\MATLAB\R2024b\extern\include" /I "." -DHAVE_LAPACK_CONFIG_H -DLAPACK_COMPLEX_STRUCTURE -DMW_HAVE_LAPACK_DECLS -DMODEL=mexFunctions -DMW_NEEDS_VERSION_H /wd4251  rt_nonfinite.cpp /Fobuild\win64\rt_nonfinite.obj
rt_nonfinite.cpp
[2/105] cl /c /Zc:__cplusplus /Zp8 /GR /W3 /EHs /nologo /MD /D_CRT_SECURE_NO_DEPRECATE /D_SCL_SECURE_NO_DEPRECATE /D_SECURE_SCL=0   /DMATLAB_MEX_FILE  /DMATLAB_MEX_FILE /O2 /Oy- /DNDEBUG /fp:strict /utf-8 /I "." /I "C:\Users\kovac\Desktop\TESI\master_thesis_2025\src\MATLAB_R2024b" /I ".\interface" /I "C:\Program Files\MATLAB\R2024b\extern\include" /I "." -DHAVE_LAPACK_CONFIG_H -DLAPACK_COMPLEX_STRUCTURE -DMW_HAVE_LAPACK_DECLS -DMODEL=mexFunctions -DMW_NEEDS_VERSION_H /wd4251  mexFunctions_data.cpp /Fobuild\win64\mexFunctions_data.obj
mexFunctions_data.cpp
[3/105] cl /c /Zc:__cplusplus /Zp8 /GR /W3 /EHs /nologo /MD /D_CRT_SECURE_NO_DEPRECATE /D_SCL_SECURE_NO_DEPRECATE /D_SECURE_SCL=0   /DMATLAB_MEX_FILE  /DMATLAB_MEX_FILE /O2 /Oy- /DNDEBUG /fp:strict /utf-8 /I "." /I "C:\Users\kovac\Desktop\TESI\master_thesis_2025\src\MATLAB_R2024b" /I ".\interface" /I "C:\Program Files\MATLAB\R2024b\extern\include" /I "." -DHAVE_LAPACK_CONFIG_H -DLAPACK_COMPLEX_STRUCTURE -DMW_HAVE_LAPACK_DECLS -DMODEL=mexFunctions -DMW_NEEDS_VERSION_H /wd4251  factoryConstruct1.cpp /Fobuild\win64\factoryConstruct1.obj
factoryConstruct1.cpp
[4/105] cl /c /Zc:__cplusplus /Zp8 /GR /W3 /EHs /nologo /MD /D_CRT_SECURE_NO_DEPRECATE /D_SCL_SECURE_NO_DEPRECATE /D_SECURE_SCL=0   /DMATLAB_MEX_FILE  /DMATLAB_MEX_FILE /O2 /Oy- /DNDEBUG /fp:strict /utf-8 /I "." /I "C:\Users\kovac\Desktop\TESI\master_thesis_2025\src\MATLAB_R2024b" /I ".\interface" /I "C:\Program Files\MATLAB\R2024b\extern\include" /I "." -DHAVE_LAPACK_CONFIG_H -DLAPACK_COMPLEX_STRUCTURE -DMW_HAVE_LAPACK_DECLS -DMODEL=mexFunctions -DMW_NEEDS_VERSION_H /wd4251  checkVectorNonFinite.cpp /Fobuild\win64\checkVectorNonFinite.obj
checkVectorNonFinite.cpp
[5/105] cl /c /Zc:__cplusplus /Zp8 /GR /W3 /EHs /nologo /MD /D_CRT_SECURE_NO_DEPRECATE /D_SCL_SECURE_NO_DEPRECATE /D_SECURE_SCL=0   /DMATLAB_MEX_FILE  /DMATLAB_MEX_FILE /O2 /Oy- /DNDEBUG /fp:strict /utf-8 /I "." /I "C:\Users\kovac\Desktop\TESI\master_thesis_2025\src\MATLAB_R2024b" /I ".\interface" /I "C:\Program Files\MATLAB\R2024b\extern\include" /I "." -DHAVE_LAPACK_CONFIG_H -DLAPACK_COMPLEX_STRUCTURE -DMW_HAVE_LAPACK_DECLS -DMODEL=mexFunctions -DMW_NEEDS_VERSION_H /wd4251  computeDualFeasError.cpp /Fobuild\win64\computeDualFeasError.obj
computeDualFeasError.cpp
[6/105] cl /c /Zc:__cplusplus /Zp8 /GR /W3 /EHs /nologo /MD /D_CRT_SECURE_NO_DEPRECATE /D_SCL_SECURE_NO_DEPRECATE /D_SECURE_SCL=0   /DMATLAB_MEX_FILE  /DMATLAB_MEX_FILE /O2 /Oy- /DNDEBUG /fp:strict /utf-8 /I "." /I "C:\Users\kovac\Desktop\TESI\master_thesis_2025\src\MATLAB_R2024b" /I ".\interface" /I "C:\Program Files\MATLAB\R2024b\extern\include" /I "." -DHAVE_LAPACK_CONFIG_H -DLAPACK_COMPLEX_STRUCTURE -DMW_HAVE_LAPACK_DECLS -DMODEL=mexFunctions -DMW_NEEDS_VERSION_H /wd4251  mexFunctions_terminate.cpp /Fobuild\win64\mexFunctions_terminate.obj
mexFunctions_terminate.cpp
[7/105] cl /c /Zc:__cplusplus /Zp8 /GR /W3 /EHs /nologo /MD /D_CRT_SECURE_NO_DEPRECATE /D_SCL_SECURE_NO_DEPRECATE /D_SECURE_SCL=0   /DMATLAB_MEX_FILE  /DMATLAB_MEX_FILE /O2 /Oy- /DNDEBUG /fp:strict /utf-8 /I "." /I "C:\Users\kovac\Desktop\TESI\master_thesis_2025\src\MATLAB_R2024b" /I ".\interface" /I "C:\Program Files\MATLAB\R2024b\extern\include" /I "." -DHAVE_LAPACK_CONFIG_H -DLAPACK_COMPLEX_STRUCTURE -DMW_HAVE_LAPACK_DECLS -DMODEL=mexFunctions -DMW_NEEDS_VERSION_H /wd4251  mexFunctions_initialize.cpp /Fobuild\win64\mexFunctions_initialize.obj
mexFunctions_initialize.cpp
[8/105] cl /c /Zc:__cplusplus /Zp8 /GR /W3 /EHs /nologo /MD /D_CRT_SECURE_NO_DEPRECATE /D_SCL_SECURE_NO_DEPRECATE /D_SECURE_SCL=0   /DMATLAB_MEX_FILE  /DMATLAB_MEX_FILE /O2 /Oy- /DNDEBUG /fp:strict /utf-8 /I "." /I "C:\Users\kovac\Desktop\TESI\master_thesis_2025\src\MATLAB_R2024b" /I ".\interface" /I "C:\Program Files\MATLAB\R2024b\extern\include" /I "." -DHAVE_LAPACK_CONFIG_H -DLAPACK_COMPLEX_STRUCTURE -DMW_HAVE_LAPACK_DECLS -DMODEL=mexFunctions -DMW_NEEDS_VERSION_H /wd4251  factoryConstruct2.cpp /Fobuild\win64\factoryConstruct2.obj
factoryConstruct2.cpp
[9/105] cl /c /Zc:__cplusplus /Zp8 /GR /W3 /EHs /nologo /MD /D_CRT_SECURE_NO_DEPRECATE /D_SCL_SECURE_NO_DEPRECATE /D_SECURE_SCL=0   /DMATLAB_MEX_FILE  /DMATLAB_MEX_FILE /O2 /Oy- /DNDEBUG /fp:strict /utf-8 /I "." /I "C:\Users\kovac\Desktop\TESI\master_thesis_2025\src\MATLAB_R2024b" /I ".\interface" /I "C:\Program Files\MATLAB\R2024b\extern\include" /I "." -DHAVE_LAPACK_CONFIG_H -DLAPACK_COMPLEX_STRUCTURE -DMW_HAVE_LAPACK_DECLS -DMODEL=mexFunctions -DMW_NEEDS_VERSION_H /wd4251  sumMatrixIncludeNaN.cpp /Fobuild\win64\sumMatrixIncludeNaN.obj
sumMatrixIncludeNaN.cpp
[10/105] cl /c /Zc:__cplusplus /Zp8 /GR /W3 /EHs /nologo /MD /D_CRT_SECURE_NO_DEPRECATE /D_SCL_SECURE_NO_DEPRECATE /D_SECURE_SCL=0   /DMATLAB_MEX_FILE  /DMATLAB_MEX_FILE /O2 /Oy- /DNDEBUG /fp:strict /utf-8 /I "." /I "C:\Users\kovac\Desktop\TESI\master_thesis_2025\src\MATLAB_R2024b" /I ".\interface" /I "C:\Program Files\MATLAB\R2024b\extern\include" /I "." -DHAVE_LAPACK_CONFIG_H -DLAPACK_COMPLEX_STRUCTURE -DMW_HAVE_LAPACK_DECLS -DMODEL=mexFunctions -DMW_NEEDS_VERSION_H /wd4251  getObstacleInfo.cpp /Fobuild\win64\getObstacleInfo.obj
getObstacleInfo.cpp
[11/105] cl /c /Zc:__cplusplus /Zp8 /GR /W3 /EHs /nologo /MD /D_CRT_SECURE_NO_DEPRECATE /D_SCL_SECURE_NO_DEPRECATE /D_SECURE_SCL=0   /DMATLAB_MEX_FILE  /DMATLAB_MEX_FILE /O2 /Oy- /DNDEBUG /fp:strict /utf-8 /I "." /I "C:\Users\kovac\Desktop\TESI\master_thesis_2025\src\MATLAB_R2024b" /I ".\interface" /I "C:\Program Files\MATLAB\R2024b\extern\include" /I "." -DHAVE_LAPACK_CONFIG_H -DLAPACK_COMPLEX_STRUCTURE -DMW_HAVE_LAPACK_DECLS -DMODEL=mexFunctions -DMW_NEEDS_VERSION_H /wd4251  sum.cpp /Fobuild\win64\sum.obj
sum.cpp
[12/105] cl /c /Zc:__cplusplus /Zp8 /GR /W3 /EHs /nologo /MD /D_CRT_SECURE_NO_DEPRECATE /D_SCL_SECURE_NO_DEPRECATE /D_SECURE_SCL=0   /DMATLAB_MEX_FILE  /DMATLAB_MEX_FILE /O2 /Oy- /DNDEBUG /fp:strict /utf-8 /I "." /I "C:\Users\kovac\Desktop\TESI\master_thesis_2025\src\MATLAB_R2024b" /I ".\interface" /I "C:\Program Files\MATLAB\R2024b\extern\include" /I "." -DHAVE_LAPACK_CONFIG_H -DLAPACK_COMPLEX_STRUCTURE -DMW_HAVE_LAPACK_DECLS -DMODEL=mexFunctions -DMW_NEEDS_VERSION_H /wd4251  factoryConstruct.cpp /Fobuild\win64\factoryConstruct.obj
factoryConstruct.cpp
[13/105] cl /c /Zc:__cplusplus /Zp8 /GR /W3 /EHs /nologo /MD /D_CRT_SECURE_NO_DEPRECATE /D_SCL_SECURE_NO_DEPRECATE /D_SECURE_SCL=0   /DMATLAB_MEX_FILE  /DMATLAB_MEX_FILE /O2 /Oy- /DNDEBUG /fp:strict /utf-8 /I "." /I "C:\Users\kovac\Desktop\TESI\master_thesis_2025\src\MATLAB_R2024b" /I ".\interface" /I "C:\Program Files\MATLAB\R2024b\extern\include" /I "." -DHAVE_LAPACK_CONFIG_H -DLAPACK_COMPLEX_STRUCTURE -DMW_HAVE_LAPACK_DECLS -DMODEL=mexFunctions -DMW_NEEDS_VERSION_H /wd4251  stateEvolution.cpp /Fobuild\win64\stateEvolution.obj
stateEvolution.cpp
[14/105] cl /c /Zc:__cplusplus /Zp8 /GR /W3 /EHs /nologo /MD /D_CRT_SECURE_NO_DEPRECATE /D_SCL_SECURE_NO_DEPRECATE /D_SECURE_SCL=0   /DMATLAB_MEX_FILE  /DMATLAB_MEX_FILE /O2 /Oy- /DNDEBUG /fp:strict /utf-8 /I "." /I "C:\Users\kovac\Desktop\TESI\master_thesis_2025\src\MATLAB_R2024b" /I ".\interface" /I "C:\Program Files\MATLAB\R2024b\extern\include" /I "." -DHAVE_LAPACK_CONFIG_H -DLAPACK_COMPLEX_STRUCTURE -DMW_HAVE_LAPACK_DECLS -DMODEL=mexFunctions -DMW_NEEDS_VERSION_H /wd4251  xnrm2.cpp /Fobuild\win64\xnrm2.obj
xnrm2.cpp
[15/105] cl /c /Zc:__cplusplus /Zp8 /GR /W3 /EHs /nologo /MD /D_CRT_SECURE_NO_DEPRECATE /D_SCL_SECURE_NO_DEPRECATE /D_SECURE_SCL=0   /DMATLAB_MEX_FILE  /DMATLAB_MEX_FILE /O2 /Oy- /DNDEBUG /fp:strict /utf-8 /I "." /I "C:\Users\kovac\Desktop\TESI\master_thesis_2025\src\MATLAB_R2024b" /I ".\interface" /I "C:\Program Files\MATLAB\R2024b\extern\include" /I "." -DHAVE_LAPACK_CONFIG_H -DLAPACK_COMPLEX_STRUCTURE -DMW_HAVE_LAPACK_DECLS -DMODEL=mexFunctions -DMW_NEEDS_VERSION_H /wd4251  mtimes.cpp /Fobuild\win64\mtimes.obj
mtimes.cpp
[16/105] cl /c /Zc:__cplusplus /Zp8 /GR /W3 /EHs /nologo /MD /D_CRT_SECURE_NO_DEPRECATE /D_SCL_SECURE_NO_DEPRECATE /D_SECURE_SCL=0   /DMATLAB_MEX_FILE  /DMATLAB_MEX_FILE /O2 /Oy- /DNDEBUG /fp:strict /utf-8 /I "." /I "C:\Users\kovac\Desktop\TESI\master_thesis_2025\src\MATLAB_R2024b" /I ".\interface" /I "C:\Program Files\MATLAB\R2024b\extern\include" /I "." -DHAVE_LAPACK_CONFIG_H -DLAPACK_COMPLEX_STRUCTURE -DMW_HAVE_LAPACK_DECLS -DMODEL=mexFunctions -DMW_NEEDS_VERSION_H /wd4251  followerMPCandUpdate.cpp /Fobuild\win64\followerMPCandUpdate.obj
followerMPCandUpdate.cpp
[17/105] cl /c /Zc:__cplusplus /Zp8 /GR /W3 /EHs /nologo /MD /D_CRT_SECURE_NO_DEPRECATE /D_SCL_SECURE_NO_DEPRECATE /D_SECURE_SCL=0   /DMATLAB_MEX_FILE  /DMATLAB_MEX_FILE /O2 /Oy- /DNDEBUG /fp:strict /utf-8 /I "." /I "C:\Users\kovac\Desktop\TESI\master_thesis_2025\src\MATLAB_R2024b" /I ".\interface" /I "C:\Program Files\MATLAB\R2024b\extern\include" /I "." -DHAVE_LAPACK_CONFIG_H -DLAPACK_COMPLEX_STRUCTURE -DMW_HAVE_LAPACK_DECLS -DMODEL=mexFunctions -DMW_NEEDS_VERSION_H /wd4251  xasum.cpp /Fobuild\win64\xasum.obj
xasum.cpp
[18/105] cl /c /Zc:__cplusplus /Zp8 /GR /W3 /EHs /nologo /MD /D_CRT_SECURE_NO_DEPRECATE /D_SCL_SECURE_NO_DEPRECATE /D_SECURE_SCL=0   /DMATLAB_MEX_FILE  /DMATLAB_MEX_FILE /O2 /Oy- /DNDEBUG /fp:strict /utf-8 /I "." /I "C:\Users\kovac\Desktop\TESI\master_thesis_2025\src\MATLAB_R2024b" /I ".\interface" /I "C:\Program Files\MATLAB\R2024b\extern\include" /I "." -DHAVE_LAPACK_CONFIG_H -DLAPACK_COMPLEX_STRUCTURE -DMW_HAVE_LAPACK_DECLS -DMODEL=mexFunctions -DMW_NEEDS_VERSION_H /wd4251  repmat.cpp /Fobuild\win64\repmat.obj
repmat.cpp
[19/105] cl /c /Zc:__cplusplus /Zp8 /GR /W3 /EHs /nologo /MD /D_CRT_SECURE_NO_DEPRECATE /D_SCL_SECURE_NO_DEPRECATE /D_SECURE_SCL=0   /DMATLAB_MEX_FILE  /DMATLAB_MEX_FILE /O2 /Oy- /DNDEBUG /fp:strict /utf-8 /I "." /I "C:\Users\kovac\Desktop\TESI\master_thesis_2025\src\MATLAB_R2024b" /I ".\interface" /I "C:\Program Files\MATLAB\R2024b\extern\include" /I "." -DHAVE_LAPACK_CONFIG_H -DLAPACK_COMPLEX_STRUCTURE -DMW_HAVE_LAPACK_DECLS -DMODEL=mexFunctions -DMW_NEEDS_VERSION_H /wd4251  evaluateObstacles.cpp /Fobuild\win64\evaluateObstacles.obj
evaluateObstacles.cpp
[20/105] cl /c /Zc:__cplusplus /Zp8 /GR /W3 /EHs /nologo /MD /D_CRT_SECURE_NO_DEPRECATE /D_SCL_SECURE_NO_DEPRECATE /D_SECURE_SCL=0   /DMATLAB_MEX_FILE  /DMATLAB_MEX_FILE /O2 /Oy- /DNDEBUG /fp:strict /utf-8 /I "." /I "C:\Users\kovac\Desktop\TESI\master_thesis_2025\src\MATLAB_R2024b" /I ".\interface" /I "C:\Program Files\MATLAB\R2024b\extern\include" /I "." -DHAVE_LAPACK_CONFIG_H -DLAPACK_COMPLEX_STRUCTURE -DMW_HAVE_LAPACK_DECLS -DMODEL=mexFunctions -DMW_NEEDS_VERSION_H /wd4251  fillOutputStruct.cpp /Fobuild\win64\fillOutputStruct.obj
fillOutputStruct.cpp
[21/105] cl /c /Zc:__cplusplus /Zp8 /GR /W3 /EHs /nologo /MD /D_CRT_SECURE_NO_DEPRECATE /D_SCL_SECURE_NO_DEPRECATE /D_SECURE_SCL=0   /DMATLAB_MEX_FILE  /DMATLAB_MEX_FILE /O2 /Oy- /DNDEBUG /fp:strict /utf-8 /I "." /I "C:\Users\kovac\Desktop\TESI\master_thesis_2025\src\MATLAB_R2024b" /I ".\interface" /I "C:\Program Files\MATLAB\R2024b\extern\include" /I "." -DHAVE_LAPACK_CONFIG_H -DLAPACK_COMPLEX_STRUCTURE -DMW_HAVE_LAPACK_DECLS -DMODEL=mexFunctions -DMW_NEEDS_VERSION_H /wd4251  Rmat.cpp /Fobuild\win64\Rmat.obj
Rmat.cpp
[22/105] cl /c /Zc:__cplusplus /Zp8 /GR /W3 /EHs /nologo /MD /D_CRT_SECURE_NO_DEPRECATE /D_SCL_SECURE_NO_DEPRECATE /D_SECURE_SCL=0   /DMATLAB_MEX_FILE  /DMATLAB_MEX_FILE /O2 /Oy- /DNDEBUG /fp:strict /utf-8 /I "." /I "C:\Users\kovac\Desktop\TESI\master_thesis_2025\src\MATLAB_R2024b" /I ".\interface" /I "C:\Program Files\MATLAB\R2024b\extern\include" /I "." -DHAVE_LAPACK_CONFIG_H -DLAPACK_COMPLEX_STRUCTURE -DMW_HAVE_LAPACK_DECLS -DMODEL=mexFunctions -DMW_NEEDS_VERSION_H /wd4251  interface\_coder_mexFunctions_mex.cpp /Fobuild\win64\_coder_mexFunctions_mex.obj
_coder_mexFunctions_mex.cpp
[23/105] cl /c /Zc:__cplusplus /Zp8 /GR /W3 /EHs /nologo /MD /D_CRT_SECURE_NO_DEPRECATE /D_SCL_SECURE_NO_DEPRECATE /D_SECURE_SCL=0   /DMATLAB_MEX_FILE  /DMATLAB_MEX_FILE /O2 /Oy- /DNDEBUG /fp:strict /utf-8 /I "." /I "C:\Users\kovac\Desktop\TESI\master_thesis_2025\src\MATLAB_R2024b" /I ".\interface" /I "C:\Program Files\MATLAB\R2024b\extern\include" /I "." -DHAVE_LAPACK_CONFIG_H -DLAPACK_COMPLEX_STRUCTURE -DMW_HAVE_LAPACK_DECLS -DMODEL=mexFunctions -DMW_NEEDS_VERSION_H /wd4251  computeComplError.cpp /Fobuild\win64\computeComplError.obj
computeComplError.cpp
[24/105] cl /c /Zc:__cplusplus /Zp8 /GR /W3 /EHs /nologo /MD /D_CRT_SECURE_NO_DEPRECATE /D_SCL_SECURE_NO_DEPRECATE /D_SECURE_SCL=0   /DMATLAB_MEX_FILE  /DMATLAB_MEX_FILE /O2 /Oy- /DNDEBUG /fp:strict /utf-8 /I "." /I "C:\Users\kovac\Desktop\TESI\master_thesis_2025\src\MATLAB_R2024b" /I ".\interface" /I "C:\Program Files\MATLAB\R2024b\extern\include" /I "." -DHAVE_LAPACK_CONFIG_H -DLAPACK_COMPLEX_STRUCTURE -DMW_HAVE_LAPACK_DECLS -DMODEL=mexFunctions -DMW_NEEDS_VERSION_H /wd4251  factoryConstruct3.cpp /Fobuild\win64\factoryConstruct3.obj
factoryConstruct3.cpp
[25/105] cl /c /Zc:__cplusplus /Zp8 /GR /W3 /EHs /nologo /MD /D_CRT_SECURE_NO_DEPRECATE /D_SCL_SECURE_NO_DEPRECATE /D_SECURE_SCL=0   /DMATLAB_MEX_FILE  /DMATLAB_MEX_FILE /O2 /Oy- /DNDEBUG /fp:strict /utf-8 /I "." /I "C:\Users\kovac\Desktop\TESI\master_thesis_2025\src\MATLAB_R2024b" /I ".\interface" /I "C:\Program Files\MATLAB\R2024b\extern\include" /I "." -DHAVE_LAPACK_CONFIG_H -DLAPACK_COMPLEX_STRUCTURE -DMW_HAVE_LAPACK_DECLS -DMODEL=mexFunctions -DMW_NEEDS_VERSION_H /wd4251  xdot.cpp /Fobuild\win64\xdot.obj
xdot.cpp
[26/105] cl /c /Zc:__cplusplus /Zp8 /GR /W3 /EHs /nologo /MD /D_CRT_SECURE_NO_DEPRECATE /D_SCL_SECURE_NO_DEPRECATE /D_SECURE_SCL=0   /DMATLAB_MEX_FILE  /DMATLAB_MEX_FILE /O2 /Oy- /DNDEBUG /fp:strict /utf-8 /I "." /I "C:\Users\kovac\Desktop\TESI\master_thesis_2025\src\MATLAB_R2024b" /I ".\interface" /I "C:\Program Files\MATLAB\R2024b\extern\include" /I "." -DHAVE_LAPACK_CONFIG_H -DLAPACK_COMPLEX_STRUCTURE -DMW_HAVE_LAPACK_DECLS -DMODEL=mexFunctions -DMW_NEEDS_VERSION_H /wd4251  leaderMPCandUpdate.cpp /Fobuild\win64\leaderMPCandUpdate.obj
leaderMPCandUpdate.cpp
[27/105] cl /c /Zc:__cplusplus /Zp8 /GR /W3 /EHs /nologo /MD /D_CRT_SECURE_NO_DEPRECATE /D_SCL_SECURE_NO_DEPRECATE /D_SECURE_SCL=0   /DMATLAB_MEX_FILE  /DMATLAB_MEX_FILE /O2 /Oy- /DNDEBUG /fp:strict /utf-8 /I "." /I "C:\Users\kovac\Desktop\TESI\master_thesis_2025\src\MATLAB_R2024b" /I ".\interface" /I "C:\Program Files\MATLAB\R2024b\extern\include" /I "." -DHAVE_LAPACK_CONFIG_H -DLAPACK_COMPLEX_STRUCTURE -DMW_HAVE_LAPACK_DECLS -DMODEL=mexFunctions -DMW_NEEDS_VERSION_H /wd4251  strcmp.cpp /Fobuild\win64\strcmp.obj
strcmp.cpp
[28/105] cl /c /Zc:__cplusplus /Zp8 /GR /W3 /EHs /nologo /MD /D_CRT_SECURE_NO_DEPRECATE /D_SCL_SECURE_NO_DEPRECATE /D_SECURE_SCL=0   /DMATLAB_MEX_FILE  /DMATLAB_MEX_FILE /O2 /Oy- /DNDEBUG /fp:strict /utf-8 /I "." /I "C:\Users\kovac\Desktop\TESI\master_thesis_2025\src\MATLAB_R2024b" /I ".\interface" /I "C:\Program Files\MATLAB\R2024b\extern\include" /I "." -DHAVE_LAPACK_CONFIG_H -DLAPACK_COMPLEX_STRUCTURE -DMW_HAVE_LAPACK_DECLS -DMODEL=mexFunctions -DMW_NEEDS_VERSION_H /wd4251  finDiffEvalAndChkErr.cpp /Fobuild\win64\finDiffEvalAndChkErr.obj
finDiffEvalAndChkErr.cpp
[29/105] cl /c /Zc:__cplusplus /Zp8 /GR /W3 /EHs /nologo /MD /D_CRT_SECURE_NO_DEPRECATE /D_SCL_SECURE_NO_DEPRECATE /D_SECURE_SCL=0   /DMATLAB_MEX_FILE  /DMATLAB_MEX_FILE /O2 /Oy- /DNDEBUG /fp:strict /utf-8 /I "." /I "C:\Users\kovac\Desktop\TESI\master_thesis_2025\src\MATLAB_R2024b" /I ".\interface" /I "C:\Program Files\MATLAB\R2024b\extern\include" /I "." -DHAVE_LAPACK_CONFIG_H -DLAPACK_COMPLEX_STRUCTURE -DMW_HAVE_LAPACK_DECLS -DMODEL=mexFunctions -DMW_NEEDS_VERSION_H /wd4251  maxConstraintViolation.cpp /Fobuild\win64\maxConstraintViolation.obj
maxConstraintViolation.cpp
[30/105] cl /c /Zc:__cplusplus /Zp8 /GR /W3 /EHs /nologo /MD /D_CRT_SECURE_NO_DEPRECATE /D_SCL_SECURE_NO_DEPRECATE /D_SECURE_SCL=0   /DMATLAB_MEX_FILE  /DMATLAB_MEX_FILE /O2 /Oy- /DNDEBUG /fp:strict /utf-8 /I "." /I "C:\Users\kovac\Desktop\TESI\master_thesis_2025\src\MATLAB_R2024b" /I ".\interface" /I "C:\Program Files\MATLAB\R2024b\extern\include" /I "." -DHAVE_LAPACK_CONFIG_H -DLAPACK_COMPLEX_STRUCTURE -DMW_HAVE_LAPACK_DECLS -DMODEL=mexFunctions -DMW_NEEDS_VERSION_H /wd4251  computePrimalFeasError.cpp /Fobuild\win64\computePrimalFeasError.obj
computePrimalFeasError.cpp
[31/105] cl /c /Zc:__cplusplus /Zp8 /GR /W3 /EHs /nologo /MD /D_CRT_SECURE_NO_DEPRECATE /D_SCL_SECURE_NO_DEPRECATE /D_SECURE_SCL=0   /DMATLAB_MEX_FILE  /DMATLAB_MEX_FILE /O2 /Oy- /DNDEBUG /fp:strict /utf-8 /I "." /I "C:\Users\kovac\Desktop\TESI\master_thesis_2025\src\MATLAB_R2024b" /I ".\interface" /I "C:\Program Files\MATLAB\R2024b\extern\include" /I "." -DHAVE_LAPACK_CONFIG_H -DLAPACK_COMPLEX_STRUCTURE -DMW_HAVE_LAPACK_DECLS -DMODEL=mexFunctions -DMW_NEEDS_VERSION_H /wd4251  loadProblem.cpp /Fobuild\win64\loadProblem.obj
loadProblem.cpp
[32/105] cl /c /Zc:__cplusplus /Zp8 /GR /W3 /EHs /nologo /MD /D_CRT_SECURE_NO_DEPRECATE /D_SCL_SECURE_NO_DEPRECATE /D_SECURE_SCL=0   /DMATLAB_MEX_FILE  /DMATLAB_MEX_FILE /O2 /Oy- /DNDEBUG /fp:strict /utf-8 /I "." /I "C:\Users\kovac\Desktop\TESI\master_thesis_2025\src\MATLAB_R2024b" /I ".\interface" /I "C:\Program Files\MATLAB\R2024b\extern\include" /I "." -DHAVE_LAPACK_CONFIG_H -DLAPACK_COMPLEX_STRUCTURE -DMW_HAVE_LAPACK_DECLS -DMODEL=mexFunctions -DMW_NEEDS_VERSION_H /wd4251  interface\_coder_mexFunctions_api.cpp /Fobuild\win64\_coder_mexFunctions_api.obj
_coder_mexFunctions_api.cpp
[33/105] cl /c /Zc:__cplusplus /Zp8 /GR /W3 /EHs /nologo /MD /D_CRT_SECURE_NO_DEPRECATE /D_SCL_SECURE_NO_DEPRECATE /D_SECURE_SCL=0   /DMATLAB_MEX_FILE  /DMATLAB_MEX_FILE /O2 /Oy- /DNDEBUG /fp:strict /utf-8 /I "." /I "C:\Users\kovac\Desktop\TESI\master_thesis_2025\src\MATLAB_R2024b" /I ".\interface" /I "C:\Program Files\MATLAB\R2024b\extern\include" /I "." -DHAVE_LAPACK_CONFIG_H -DLAPACK_COMPLEX_STRUCTURE -DMW_HAVE_LAPACK_DECLS -DMODEL=mexFunctions -DMW_NEEDS_VERSION_H /wd4251  leaderMPCandUpdateHalt.cpp /Fobuild\win64\leaderMPCandUpdateHalt.obj
leaderMPCandUpdateHalt.cpp
[34/105] cl /c /Zc:__cplusplus /Zp8 /GR /W3 /EHs /nologo /MD /D_CRT_SECURE_NO_DEPRECATE /D_SCL_SECURE_NO_DEPRECATE /D_SECURE_SCL=0   /DMATLAB_MEX_FILE  /DMATLAB_MEX_FILE /O2 /Oy- /DNDEBUG /fp:strict /utf-8 /I "." /I "C:\Users\kovac\Desktop\TESI\master_thesis_2025\src\MATLAB_R2024b" /I ".\interface" /I "C:\Program Files\MATLAB\R2024b\extern\include" /I "." -DHAVE_LAPACK_CONFIG_H -DLAPACK_COMPLEX_STRUCTURE -DMW_HAVE_LAPACK_DECLS -DMODEL=mexFunctions -DMW_NEEDS_VERSION_H /wd4251  factorQRE.cpp /Fobuild\win64\factorQRE.obj
factorQRE.cpp
[35/105] cl /c /Zc:__cplusplus /Zp8 /GR /W3 /EHs /nologo /MD /D_CRT_SECURE_NO_DEPRECATE /D_SCL_SECURE_NO_DEPRECATE /D_SECURE_SCL=0   /DMATLAB_MEX_FILE  /DMATLAB_MEX_FILE /O2 /Oy- /DNDEBUG /fp:strict /utf-8 /I "." /I "C:\Users\kovac\Desktop\TESI\master_thesis_2025\src\MATLAB_R2024b" /I ".\interface" /I "C:\Program Files\MATLAB\R2024b\extern\include" /I "." -DHAVE_LAPACK_CONFIG_H -DLAPACK_COMPLEX_STRUCTURE -DMW_HAVE_LAPACK_DECLS -DMODEL=mexFunctions -DMW_NEEDS_VERSION_H /wd4251  driver.cpp /Fobuild\win64\driver.obj
driver.cpp
[36/105] cl /c /Zc:__cplusplus /Zp8 /GR /W3 /EHs /nologo /MD /D_CRT_SECURE_NO_DEPRECATE /D_SCL_SECURE_NO_DEPRECATE /D_SECURE_SCL=0   /DMATLAB_MEX_FILE  /DMATLAB_MEX_FILE /O2 /Oy- /DNDEBUG /fp:strict /utf-8 /I "." /I "C:\Users\kovac\Desktop\TESI\master_thesis_2025\src\MATLAB_R2024b" /I ".\interface" /I "C:\Program Files\MATLAB\R2024b\extern\include" /I "." -DHAVE_LAPACK_CONFIG_H -DLAPACK_COMPLEX_STRUCTURE -DMW_HAVE_LAPACK_DECLS -DMODEL=mexFunctions -DMW_NEEDS_VERSION_H /wd4251  setProblemType.cpp /Fobuild\win64\setProblemType.obj
setProblemType.cpp
[37/105] cl /c /Zc:__cplusplus /Zp8 /GR /W3 /EHs /nologo /MD /D_CRT_SECURE_NO_DEPRECATE /D_SCL_SECURE_NO_DEPRECATE /D_SECURE_SCL=0   /DMATLAB_MEX_FILE  /DMATLAB_MEX_FILE /O2 /Oy- /DNDEBUG /fp:strict /utf-8 /I "." /I "C:\Users\kovac\Desktop\TESI\master_thesis_2025\src\MATLAB_R2024b" /I ".\interface" /I "C:\Program Files\MATLAB\R2024b\extern\include" /I "." -DHAVE_LAPACK_CONFIG_H -DLAPACK_COMPLEX_STRUCTURE -DMW_HAVE_LAPACK_DECLS -DMODEL=mexFunctions -DMW_NEEDS_VERSION_H /wd4251  modifyOverheadPhaseOne_.cpp /Fobuild\win64\modifyOverheadPhaseOne_.obj
modifyOverheadPhaseOne_.cpp
[38/105] cl /c /Zc:__cplusplus /Zp8 /GR /W3 /EHs /nologo /MD /D_CRT_SECURE_NO_DEPRECATE /D_SCL_SECURE_NO_DEPRECATE /D_SECURE_SCL=0   /DMATLAB_MEX_FILE  /DMATLAB_MEX_FILE /O2 /Oy- /DNDEBUG /fp:strict /utf-8 /I "." /I "C:\Users\kovac\Desktop\TESI\master_thesis_2025\src\MATLAB_R2024b" /I ".\interface" /I "C:\Program Files\MATLAB\R2024b\extern\include" /I "." -DHAVE_LAPACK_CONFIG_H -DLAPACK_COMPLEX_STRUCTURE -DMW_HAVE_LAPACK_DECLS -DMODEL=mexFunctions -DMW_NEEDS_VERSION_H /wd4251  fwdFinDiffInsideBnds.cpp /Fobuild\win64\fwdFinDiffInsideBnds.obj
fwdFinDiffInsideBnds.cpp
[39/105] cl /c /Zc:__cplusplus /Zp8 /GR /W3 /EHs /nologo /MD /D_CRT_SECURE_NO_DEPRECATE /D_SCL_SECURE_NO_DEPRECATE /D_SECURE_SCL=0   /DMATLAB_MEX_FILE  /DMATLAB_MEX_FILE /O2 /Oy- /DNDEBUG /fp:strict /utf-8 /I "." /I "C:\Users\kovac\Desktop\TESI\master_thesis_2025\src\MATLAB_R2024b" /I ".\interface" /I "C:\Program Files\MATLAB\R2024b\extern\include" /I "." -DHAVE_LAPACK_CONFIG_H -DLAPACK_COMPLEX_STRUCTURE -DMW_HAVE_LAPACK_DECLS -DMODEL=mexFunctions -DMW_NEEDS_VERSION_H /wd4251  test_exit.cpp /Fobuild\win64\test_exit.obj
test_exit.cpp
[40/105] cl /c /Zc:__cplusplus /Zp8 /GR /W3 /EHs /nologo /MD /D_CRT_SECURE_NO_DEPRECATE /D_SCL_SECURE_NO_DEPRECATE /D_SECURE_SCL=0   /DMATLAB_MEX_FILE  /DMATLAB_MEX_FILE /O2 /Oy- /DNDEBUG /fp:strict /utf-8 /I "." /I "C:\Users\kovac\Desktop\TESI\master_thesis_2025\src\MATLAB_R2024b" /I ".\interface" /I "C:\Program Files\MATLAB\R2024b\extern\include" /I "." -DHAVE_LAPACK_CONFIG_H -DLAPACK_COMPLEX_STRUCTURE -DMW_HAVE_LAPACK_DECLS -DMODEL=mexFunctions -DMW_NEEDS_VERSION_H /wd4251  fmincon.cpp /Fobuild\win64\fmincon.obj
fmincon.cpp
[41/105] cl /c /Zc:__cplusplus /Zp8 /GR /W3 /EHs /nologo /MD /D_CRT_SECURE_NO_DEPRECATE /D_SCL_SECURE_NO_DEPRECATE /D_SECURE_SCL=0   /DMATLAB_MEX_FILE  /DMATLAB_MEX_FILE /O2 /Oy- /DNDEBUG /fp:strict /utf-8 /I "." /I "C:\Users\kovac\Desktop\TESI\master_thesis_2025\src\MATLAB_R2024b" /I ".\interface" /I "C:\Program Files\MATLAB\R2024b\extern\include" /I "." -DHAVE_LAPACK_CONFIG_H -DLAPACK_COMPLEX_STRUCTURE -DMW_HAVE_LAPACK_DECLS -DMODEL=mexFunctions -DMW_NEEDS_VERSION_H /wd4251  countsort.cpp /Fobuild\win64\countsort.obj
countsort.cpp
[42/105] cl /c /Zc:__cplusplus /Zp8 /GR /W3 /EHs /nologo /MD /D_CRT_SECURE_NO_DEPRECATE /D_SCL_SECURE_NO_DEPRECATE /D_SECURE_SCL=0   /DMATLAB_MEX_FILE  /DMATLAB_MEX_FILE /O2 /Oy- /DNDEBUG /fp:strict /utf-8 /I "." /I "C:\Users\kovac\Desktop\TESI\master_thesis_2025\src\MATLAB_R2024b" /I ".\interface" /I "C:\Program Files\MATLAB\R2024b\extern\include" /I "." -DHAVE_LAPACK_CONFIG_H -DLAPACK_COMPLEX_STRUCTURE -DMW_HAVE_LAPACK_DECLS -DMODEL=mexFunctions -DMW_NEEDS_VERSION_H /wd4251  removeConstr.cpp /Fobuild\win64\removeConstr.obj
removeConstr.cpp
[43/105] cl /c /Zc:__cplusplus /Zp8 /GR /W3 /EHs /nologo /MD /D_CRT_SECURE_NO_DEPRECATE /D_SCL_SECURE_NO_DEPRECATE /D_SECURE_SCL=0   /DMATLAB_MEX_FILE  /DMATLAB_MEX_FILE /O2 /Oy- /DNDEBUG /fp:strict /utf-8 /I "." /I "C:\Users\kovac\Desktop\TESI\master_thesis_2025\src\MATLAB_R2024b" /I ".\interface" /I "C:\Program Files\MATLAB\R2024b\extern\include" /I "." -DHAVE_LAPACK_CONFIG_H -DLAPACK_COMPLEX_STRUCTURE -DMW_HAVE_LAPACK_DECLS -DMODEL=mexFunctions -DMW_NEEDS_VERSION_H /wd4251  normal.cpp /Fobuild\win64\normal.obj
normal.cpp
[44/105] cl /c /Zc:__cplusplus /Zp8 /GR /W3 /EHs /nologo /MD /D_CRT_SECURE_NO_DEPRECATE /D_SCL_SECURE_NO_DEPRECATE /D_SECURE_SCL=0   /DMATLAB_MEX_FILE  /DMATLAB_MEX_FILE /O2 /Oy- /DNDEBUG /fp:strict /utf-8 /I "." /I "C:\Users\kovac\Desktop\TESI\master_thesis_2025\src\MATLAB_R2024b" /I ".\interface" /I "C:\Program Files\MATLAB\R2024b\extern\include" /I "." -DHAVE_LAPACK_CONFIG_H -DLAPACK_COMPLEX_STRUCTURE -DMW_HAVE_LAPACK_DECLS -DMODEL=mexFunctions -DMW_NEEDS_VERSION_H /wd4251  RemoveDependentIneq_.cpp /Fobuild\win64\RemoveDependentIneq_.obj
RemoveDependentIneq_.cpp
[45/105] cl /c /Zc:__cplusplus /Zp8 /GR /W3 /EHs /nologo /MD /D_CRT_SECURE_NO_DEPRECATE /D_SCL_SECURE_NO_DEPRECATE /D_SECURE_SCL=0   /DMATLAB_MEX_FILE  /DMATLAB_MEX_FILE /O2 /Oy- /DNDEBUG /fp:strict /utf-8 /I "." /I "C:\Users\kovac\Desktop\TESI\master_thesis_2025\src\MATLAB_R2024b" /I ".\interface" /I "C:\Program Files\MATLAB\R2024b\extern\include" /I "." -DHAVE_LAPACK_CONFIG_H -DLAPACK_COMPLEX_STRUCTURE -DMW_HAVE_LAPACK_DECLS -DMODEL=mexFunctions -DMW_NEEDS_VERSION_H /wd4251  xcopy.cpp /Fobuild\win64\xcopy.obj
xcopy.cpp
[46/105] cl /c /Zc:__cplusplus /Zp8 /GR /W3 /EHs /nologo /MD /D_CRT_SECURE_NO_DEPRECATE /D_SCL_SECURE_NO_DEPRECATE /D_SECURE_SCL=0   /DMATLAB_MEX_FILE  /DMATLAB_MEX_FILE /O2 /Oy- /DNDEBUG /fp:strict /utf-8 /I "." /I "C:\Users\kovac\Desktop\TESI\master_thesis_2025\src\MATLAB_R2024b" /I ".\interface" /I "C:\Program Files\MATLAB\R2024b\extern\include" /I "." -DHAVE_LAPACK_CONFIG_H -DLAPACK_COMPLEX_STRUCTURE -DMW_HAVE_LAPACK_DECLS -DMODEL=mexFunctions -DMW_NEEDS_VERSION_H /wd4251  sortLambdaQP.cpp /Fobuild\win64\sortLambdaQP.obj
sortLambdaQP.cpp
[47/105] cl /c /Zc:__cplusplus /Zp8 /GR /W3 /EHs /nologo /MD /D_CRT_SECURE_NO_DEPRECATE /D_SCL_SECURE_NO_DEPRECATE /D_SECURE_SCL=0   /DMATLAB_MEX_FILE  /DMATLAB_MEX_FILE /O2 /Oy- /DNDEBUG /fp:strict /utf-8 /I "." /I "C:\Users\kovac\Desktop\TESI\master_thesis_2025\src\MATLAB_R2024b" /I ".\interface" /I "C:\Program Files\MATLAB\R2024b\extern\include" /I "." -DHAVE_LAPACK_CONFIG_H -DLAPACK_COMPLEX_STRUCTURE -DMW_HAVE_LAPACK_DECLS -DMODEL=mexFunctions -DMW_NEEDS_VERSION_H /wd4251  computeQ_.cpp /Fobuild\win64\computeQ_.obj
computeQ_.cpp
[48/105] cl /c /Zc:__cplusplus /Zp8 /GR /W3 /EHs /nologo /MD /D_CRT_SECURE_NO_DEPRECATE /D_SCL_SECURE_NO_DEPRECATE /D_SECURE_SCL=0   /DMATLAB_MEX_FILE  /DMATLAB_MEX_FILE /O2 /Oy- /DNDEBUG /fp:strict /utf-8 /I "." /I "C:\Users\kovac\Desktop\TESI\master_thesis_2025\src\MATLAB_R2024b" /I ".\interface" /I "C:\Program Files\MATLAB\R2024b\extern\include" /I "." -DHAVE_LAPACK_CONFIG_H -DLAPACK_COMPLEX_STRUCTURE -DMW_HAVE_LAPACK_DECLS -DMODEL=mexFunctions -DMW_NEEDS_VERSION_H /wd4251  RemoveDependentEq_.cpp /Fobuild\win64\RemoveDependentEq_.obj
RemoveDependentEq_.cpp
[49/105] cl /c /Zc:__cplusplus /Zp8 /GR /W3 /EHs /nologo /MD /D_CRT_SECURE_NO_DEPRECATE /D_SCL_SECURE_NO_DEPRECATE /D_SECURE_SCL=0   /DMATLAB_MEX_FILE  /DMATLAB_MEX_FILE /O2 /Oy- /DNDEBUG /fp:strict /utf-8 /I "." /I "C:\Users\kovac\Desktop\TESI\master_thesis_2025\src\MATLAB_R2024b" /I ".\interface" /I "C:\Program Files\MATLAB\R2024b\extern\include" /I "." -DHAVE_LAPACK_CONFIG_H -DLAPACK_COMPLEX_STRUCTURE -DMW_HAVE_LAPACK_DECLS -DMODEL=mexFunctions -DMW_NEEDS_VERSION_H /wd4251  PresolveWorkingSet.cpp /Fobuild\win64\PresolveWorkingSet.obj
PresolveWorkingSet.cpp
[50/105] cl /c /Zc:__cplusplus /Zp8 /GR /W3 /EHs /nologo /MD /D_CRT_SECURE_NO_DEPRECATE /D_SCL_SECURE_NO_DEPRECATE /D_SECURE_SCL=0   /DMATLAB_MEX_FILE  /DMATLAB_MEX_FILE /O2 /Oy- /DNDEBUG /fp:strict /utf-8 /I "." /I "C:\Users\kovac\Desktop\TESI\master_thesis_2025\src\MATLAB_R2024b" /I ".\interface" /I "C:\Program Files\MATLAB\R2024b\extern\include" /I "." -DHAVE_LAPACK_CONFIG_H -DLAPACK_COMPLEX_STRUCTURE -DMW_HAVE_LAPACK_DECLS -DMODEL=mexFunctions -DMW_NEEDS_VERSION_H /wd4251  saveState.cpp /Fobuild\win64\saveState.obj
saveState.cpp
[51/105] cl /c /Zc:__cplusplus /Zp8 /GR /W3 /EHs /nologo /MD /D_CRT_SECURE_NO_DEPRECATE /D_SCL_SECURE_NO_DEPRECATE /D_SECURE_SCL=0   /DMATLAB_MEX_FILE  /DMATLAB_MEX_FILE /O2 /Oy- /DNDEBUG /fp:strict /utf-8 /I "." /I "C:\Users\kovac\Desktop\TESI\master_thesis_2025\src\MATLAB_R2024b" /I ".\interface" /I "C:\Program Files\MATLAB\R2024b\extern\include" /I "." -DHAVE_LAPACK_CONFIG_H -DLAPACK_COMPLEX_STRUCTURE -DMW_HAVE_LAPACK_DECLS -DMODEL=mexFunctions -DMW_NEEDS_VERSION_H /wd4251  driver1.cpp /Fobuild\win64\driver1.obj
driver1.cpp
[52/105] cl /c /Zc:__cplusplus /Zp8 /GR /W3 /EHs /nologo /MD /D_CRT_SECURE_NO_DEPRECATE /D_SCL_SECURE_NO_DEPRECATE /D_SECURE_SCL=0   /DMATLAB_MEX_FILE  /DMATLAB_MEX_FILE /O2 /Oy- /DNDEBUG /fp:strict /utf-8 /I "." /I "C:\Users\kovac\Desktop\TESI\master_thesis_2025\src\MATLAB_R2024b" /I ".\interface" /I "C:\Program Files\MATLAB\R2024b\extern\include" /I "." -DHAVE_LAPACK_CONFIG_H -DLAPACK_COMPLEX_STRUCTURE -DMW_HAVE_LAPACK_DECLS -DMODEL=mexFunctions -DMW_NEEDS_VERSION_H /wd4251  maxConstraintViolation_AMats_regularized_.cpp /Fobuild\win64\maxConstraintViolation_AMats_regularized_.obj
maxConstraintViolation_AMats_regularized_.cpp
[53/105] cl /c /Zc:__cplusplus /Zp8 /GR /W3 /EHs /nologo /MD /D_CRT_SECURE_NO_DEPRECATE /D_SCL_SECURE_NO_DEPRECATE /D_SECURE_SCL=0   /DMATLAB_MEX_FILE  /DMATLAB_MEX_FILE /O2 /Oy- /DNDEBUG /fp:strict /utf-8 /I "." /I "C:\Users\kovac\Desktop\TESI\master_thesis_2025\src\MATLAB_R2024b" /I ".\interface" /I "C:\Program Files\MATLAB\R2024b\extern\include" /I "." -DHAVE_LAPACK_CONFIG_H -DLAPACK_COMPLEX_STRUCTURE -DMW_HAVE_LAPACK_DECLS -DMODEL=mexFunctions -DMW_NEEDS_VERSION_H /wd4251  xgeqp3.cpp /Fobuild\win64\xgeqp3.obj
xgeqp3.cpp
[54/105] cl /c /Zc:__cplusplus /Zp8 /GR /W3 /EHs /nologo /MD /D_CRT_SECURE_NO_DEPRECATE /D_SCL_SECURE_NO_DEPRECATE /D_SECURE_SCL=0   /DMATLAB_MEX_FILE  /DMATLAB_MEX_FILE /O2 /Oy- /DNDEBUG /fp:strict /utf-8 /I "." /I "C:\Users\kovac\Desktop\TESI\master_thesis_2025\src\MATLAB_R2024b" /I ".\interface" /I "C:\Program Files\MATLAB\R2024b\extern\include" /I "." -DHAVE_LAPACK_CONFIG_H -DLAPACK_COMPLEX_STRUCTURE -DMW_HAVE_LAPACK_DECLS -DMODEL=mexFunctions -DMW_NEEDS_VERSION_H /wd4251  step.cpp /Fobuild\win64\step.obj
step.cpp
[55/105] cl /c /Zc:__cplusplus /Zp8 /GR /W3 /EHs /nologo /MD /D_CRT_SECURE_NO_DEPRECATE /D_SCL_SECURE_NO_DEPRECATE /D_SECURE_SCL=0   /DMATLAB_MEX_FILE  /DMATLAB_MEX_FILE /O2 /Oy- /DNDEBUG /fp:strict /utf-8 /I "." /I "C:\Users\kovac\Desktop\TESI\master_thesis_2025\src\MATLAB_R2024b" /I ".\interface" /I "C:\Program Files\MATLAB\R2024b\extern\include" /I "." -DHAVE_LAPACK_CONFIG_H -DLAPACK_COMPLEX_STRUCTURE -DMW_HAVE_LAPACK_DECLS -DMODEL=mexFunctions -DMW_NEEDS_VERSION_H /wd4251  maxConstraintViolation_AMats_nonregularized_.cpp /Fobuild\win64\maxConstraintViolation_AMats_nonregularized_.obj
maxConstraintViolation_AMats_nonregularized_.cpp
[56/105] cl /c /Zc:__cplusplus /Zp8 /GR /W3 /EHs /nologo /MD /D_CRT_SECURE_NO_DEPRECATE /D_SCL_SECURE_NO_DEPRECATE /D_SECURE_SCL=0   /DMATLAB_MEX_FILE  /DMATLAB_MEX_FILE /O2 /Oy- /DNDEBUG /fp:strict /utf-8 /I "." /I "C:\Users\kovac\Desktop\TESI\master_thesis_2025\src\MATLAB_R2024b" /I ".\interface" /I "C:\Program Files\MATLAB\R2024b\extern\include" /I "." -DHAVE_LAPACK_CONFIG_H -DLAPACK_COMPLEX_STRUCTURE -DMW_HAVE_LAPACK_DECLS -DMODEL=mexFunctions -DMW_NEEDS_VERSION_H /wd4251  xgemv.cpp /Fobuild\win64\xgemv.obj
xgemv.cpp
[57/105] cl /c /Zc:__cplusplus /Zp8 /GR /W3 /EHs /nologo /MD /D_CRT_SECURE_NO_DEPRECATE /D_SCL_SECURE_NO_DEPRECATE /D_SECURE_SCL=0   /DMATLAB_MEX_FILE  /DMATLAB_MEX_FILE /O2 /Oy- /DNDEBUG /fp:strict /utf-8 /I "." /I "C:\Users\kovac\Desktop\TESI\master_thesis_2025\src\MATLAB_R2024b" /I ".\interface" /I "C:\Program Files\MATLAB\R2024b\extern\include" /I "." -DHAVE_LAPACK_CONFIG_H -DLAPACK_COMPLEX_STRUCTURE -DMW_HAVE_LAPACK_DECLS -DMODEL=mexFunctions -DMW_NEEDS_VERSION_H /wd4251  xgemm.cpp /Fobuild\win64\xgemm.obj
xgemm.cpp
[58/105] cl /c /Zc:__cplusplus /Zp8 /GR /W3 /EHs /nologo /MD /D_CRT_SECURE_NO_DEPRECATE /D_SCL_SECURE_NO_DEPRECATE /D_SECURE_SCL=0   /DMATLAB_MEX_FILE  /DMATLAB_MEX_FILE /O2 /Oy- /DNDEBUG /fp:strict /utf-8 /I "." /I "C:\Users\kovac\Desktop\TESI\master_thesis_2025\src\MATLAB_R2024b" /I ".\interface" /I "C:\Program Files\MATLAB\R2024b\extern\include" /I "." -DHAVE_LAPACK_CONFIG_H -DLAPACK_COMPLEX_STRUCTURE -DMW_HAVE_LAPACK_DECLS -DMODEL=mexFunctions -DMW_NEEDS_VERSION_H /wd4251  computeGrad_StoreHx.cpp /Fobuild\win64\computeGrad_StoreHx.obj
computeGrad_StoreHx.cpp
[59/105] cl /c /Zc:__cplusplus /Zp8 /GR /W3 /EHs /nologo /MD /D_CRT_SECURE_NO_DEPRECATE /D_SCL_SECURE_NO_DEPRECATE /D_SECURE_SCL=0   /DMATLAB_MEX_FILE  /DMATLAB_MEX_FILE /O2 /Oy- /DNDEBUG /fp:strict /utf-8 /I "." /I "C:\Users\kovac\Desktop\TESI\master_thesis_2025\src\MATLAB_R2024b" /I ".\interface" /I "C:\Program Files\MATLAB\R2024b\extern\include" /I "." -DHAVE_LAPACK_CONFIG_H -DLAPACK_COMPLEX_STRUCTURE -DMW_HAVE_LAPACK_DECLS -DMODEL=mexFunctions -DMW_NEEDS_VERSION_H /wd4251  xtrsm.cpp /Fobuild\win64\xtrsm.obj
xtrsm.cpp
[60/105] cl /c /Zc:__cplusplus /Zp8 /GR /W3 /EHs /nologo /MD /D_CRT_SECURE_NO_DEPRECATE /D_SCL_SECURE_NO_DEPRECATE /D_SECURE_SCL=0   /DMATLAB_MEX_FILE  /DMATLAB_MEX_FILE /O2 /Oy- /DNDEBUG /fp:strict /utf-8 /I "." /I "C:\Users\kovac\Desktop\TESI\master_thesis_2025\src\MATLAB_R2024b" /I ".\interface" /I "C:\Program Files\MATLAB\R2024b\extern\include" /I "." -DHAVE_LAPACK_CONFIG_H -DLAPACK_COMPLEX_STRUCTURE -DMW_HAVE_LAPACK_DECLS -DMODEL=mexFunctions -DMW_NEEDS_VERSION_H /wd4251  phaseone.cpp /Fobuild\win64\phaseone.obj
phaseone.cpp
[61/105] cl /c /Zc:__cplusplus /Zp8 /GR /W3 /EHs /nologo /MD /D_CRT_SECURE_NO_DEPRECATE /D_SCL_SECURE_NO_DEPRECATE /D_SECURE_SCL=0   /DMATLAB_MEX_FILE  /DMATLAB_MEX_FILE /O2 /Oy- /DNDEBUG /fp:strict /utf-8 /I "." /I "C:\Users\kovac\Desktop\TESI\master_thesis_2025\src\MATLAB_R2024b" /I ".\interface" /I "C:\Program Files\MATLAB\R2024b\extern\include" /I "." -DHAVE_LAPACK_CONFIG_H -DLAPACK_COMPLEX_STRUCTURE -DMW_HAVE_LAPACK_DECLS -DMODEL=mexFunctions -DMW_NEEDS_VERSION_H /wd4251  feasibleX0ForWorkingSet.cpp /Fobuild\win64\feasibleX0ForWorkingSet.obj
feasibleX0ForWorkingSet.cpp
[62/105] cl /c /Zc:__cplusplus /Zp8 /GR /W3 /EHs /nologo /MD /D_CRT_SECURE_NO_DEPRECATE /D_SCL_SECURE_NO_DEPRECATE /D_SECURE_SCL=0   /DMATLAB_MEX_FILE  /DMATLAB_MEX_FILE /O2 /Oy- /DNDEBUG /fp:strict /utf-8 /I "." /I "C:\Users\kovac\Desktop\TESI\master_thesis_2025\src\MATLAB_R2024b" /I ".\interface" /I "C:\Program Files\MATLAB\R2024b\extern\include" /I "." -DHAVE_LAPACK_CONFIG_H -DLAPACK_COMPLEX_STRUCTURE -DMW_HAVE_LAPACK_DECLS -DMODEL=mexFunctions -DMW_NEEDS_VERSION_H /wd4251  xaxpy.cpp /Fobuild\win64\xaxpy.obj
xaxpy.cpp
[63/105] cl /c /Zc:__cplusplus /Zp8 /GR /W3 /EHs /nologo /MD /D_CRT_SECURE_NO_DEPRECATE /D_SCL_SECURE_NO_DEPRECATE /D_SECURE_SCL=0   /DMATLAB_MEX_FILE  /DMATLAB_MEX_FILE /O2 /Oy- /DNDEBUG /fp:strict /utf-8 /I "." /I "C:\Users\kovac\Desktop\TESI\master_thesis_2025\src\MATLAB_R2024b" /I ".\interface" /I "C:\Program Files\MATLAB\R2024b\extern\include" /I "." -DHAVE_LAPACK_CONFIG_H -DLAPACK_COMPLEX_STRUCTURE -DMW_HAVE_LAPACK_DECLS -DMODEL=mexFunctions -DMW_NEEDS_VERSION_H /wd4251  compute_lambda.cpp /Fobuild\win64\compute_lambda.obj
compute_lambda.cpp
[64/105] cl /c /Zc:__cplusplus /Zp8 /GR /W3 /EHs /nologo /MD /D_CRT_SECURE_NO_DEPRECATE /D_SCL_SECURE_NO_DEPRECATE /D_SECURE_SCL=0   /DMATLAB_MEX_FILE  /DMATLAB_MEX_FILE /O2 /Oy- /DNDEBUG /fp:strict /utf-8 /I "." /I "C:\Users\kovac\Desktop\TESI\master_thesis_2025\src\MATLAB_R2024b" /I ".\interface" /I "C:\Program Files\MATLAB\R2024b\extern\include" /I "." -DHAVE_LAPACK_CONFIG_H -DLAPACK_COMPLEX_STRUCTURE -DMW_HAVE_LAPACK_DECLS -DMODEL=mexFunctions -DMW_NEEDS_VERSION_H /wd4251  iterate.cpp /Fobuild\win64\iterate.obj
iterate.cpp
[65/105] cl /c /Zc:__cplusplus /Zp8 /GR /W3 /EHs /nologo /MD /D_CRT_SECURE_NO_DEPRECATE /D_SCL_SECURE_NO_DEPRECATE /D_SECURE_SCL=0   /DMATLAB_MEX_FILE  /DMATLAB_MEX_FILE /O2 /Oy- /DNDEBUG /fp:strict /utf-8 /I "." /I "C:\Users\kovac\Desktop\TESI\master_thesis_2025\src\MATLAB_R2024b" /I ".\interface" /I "C:\Program Files\MATLAB\R2024b\extern\include" /I "." -DHAVE_LAPACK_CONFIG_H -DLAPACK_COMPLEX_STRUCTURE -DMW_HAVE_LAPACK_DECLS -DMODEL=mexFunctions -DMW_NEEDS_VERSION_H /wd4251  computeFval_ReuseHx.cpp /Fobuild\win64\computeFval_ReuseHx.obj
computeFval_ReuseHx.cpp
[66/105] cl /c /Zc:__cplusplus /Zp8 /GR /W3 /EHs /nologo /MD /D_CRT_SECURE_NO_DEPRECATE /D_SCL_SECURE_NO_DEPRECATE /D_SECURE_SCL=0   /DMATLAB_MEX_FILE  /DMATLAB_MEX_FILE /O2 /Oy- /DNDEBUG /fp:strict /utf-8 /I "." /I "C:\Users\kovac\Desktop\TESI\master_thesis_2025\src\MATLAB_R2024b" /I ".\interface" /I "C:\Program Files\MATLAB\R2024b\extern\include" /I "." -DHAVE_LAPACK_CONFIG_H -DLAPACK_COMPLEX_STRUCTURE -DMW_HAVE_LAPACK_DECLS -DMODEL=mexFunctions -DMW_NEEDS_VERSION_H /wd4251  solve.cpp /Fobuild\win64\solve.obj
solve.cpp
[67/105] cl /c /Zc:__cplusplus /Zp8 /GR /W3 /EHs /nologo /MD /D_CRT_SECURE_NO_DEPRECATE /D_SCL_SECURE_NO_DEPRECATE /D_SECURE_SCL=0   /DMATLAB_MEX_FILE  /DMATLAB_MEX_FILE /O2 /Oy- /DNDEBUG /fp:strict /utf-8 /I "." /I "C:\Users\kovac\Desktop\TESI\master_thesis_2025\src\MATLAB_R2024b" /I ".\interface" /I "C:\Program Files\MATLAB\R2024b\extern\include" /I "." -DHAVE_LAPACK_CONFIG_H -DLAPACK_COMPLEX_STRUCTURE -DMW_HAVE_LAPACK_DECLS -DMODEL=mexFunctions -DMW_NEEDS_VERSION_H /wd4251  linearForm_.cpp /Fobuild\win64\linearForm_.obj
linearForm_.cpp
[68/105] cl /c /Zc:__cplusplus /Zp8 /GR /W3 /EHs /nologo /MD /D_CRT_SECURE_NO_DEPRECATE /D_SCL_SECURE_NO_DEPRECATE /D_SECURE_SCL=0   /DMATLAB_MEX_FILE  /DMATLAB_MEX_FILE /O2 /Oy- /DNDEBUG /fp:strict /utf-8 /I "." /I "C:\Users\kovac\Desktop\TESI\master_thesis_2025\src\MATLAB_R2024b" /I ".\interface" /I "C:\Program Files\MATLAB\R2024b\extern\include" /I "." -DHAVE_LAPACK_CONFIG_H -DLAPACK_COMPLEX_STRUCTURE -DMW_HAVE_LAPACK_DECLS -DMODEL=mexFunctions -DMW_NEEDS_VERSION_H /wd4251  checkUnboundedOrIllPosed.cpp /Fobuild\win64\checkUnboundedOrIllPosed.obj
checkUnboundedOrIllPosed.cpp
[69/105] cl /c /Zc:__cplusplus /Zp8 /GR /W3 /EHs /nologo /MD /D_CRT_SECURE_NO_DEPRECATE /D_SCL_SECURE_NO_DEPRECATE /D_SECURE_SCL=0   /DMATLAB_MEX_FILE  /DMATLAB_MEX_FILE /O2 /Oy- /DNDEBUG /fp:strict /utf-8 /I "." /I "C:\Users\kovac\Desktop\TESI\master_thesis_2025\src\MATLAB_R2024b" /I ".\interface" /I "C:\Program Files\MATLAB\R2024b\extern\include" /I "." -DHAVE_LAPACK_CONFIG_H -DLAPACK_COMPLEX_STRUCTURE -DMW_HAVE_LAPACK_DECLS -DMODEL=mexFunctions -DMW_NEEDS_VERSION_H /wd4251  compressBounds.cpp /Fobuild\win64\compressBounds.obj
compressBounds.cpp
[70/105] cl /c /Zc:__cplusplus /Zp8 /GR /W3 /EHs /nologo /MD /D_CRT_SECURE_NO_DEPRECATE /D_SCL_SECURE_NO_DEPRECATE /D_SECURE_SCL=0   /DMATLAB_MEX_FILE  /DMATLAB_MEX_FILE /O2 /Oy- /DNDEBUG /fp:strict /utf-8 /I "." /I "C:\Users\kovac\Desktop\TESI\master_thesis_2025\src\MATLAB_R2024b" /I ".\interface" /I "C:\Program Files\MATLAB\R2024b\extern\include" /I "." -DHAVE_LAPACK_CONFIG_H -DLAPACK_COMPLEX_STRUCTURE -DMW_HAVE_LAPACK_DECLS -DMODEL=mexFunctions -DMW_NEEDS_VERSION_H /wd4251  addBoundToActiveSetMatrix_.cpp /Fobuild\win64\addBoundToActiveSetMatrix_.obj
addBoundToActiveSetMatrix_.cpp
[71/105] cl /c /Zc:__cplusplus /Zp8 /GR /W3 /EHs /nologo /MD /D_CRT_SECURE_NO_DEPRECATE /D_SCL_SECURE_NO_DEPRECATE /D_SECURE_SCL=0   /DMATLAB_MEX_FILE  /DMATLAB_MEX_FILE /O2 /Oy- /DNDEBUG /fp:strict /utf-8 /I "." /I "C:\Users\kovac\Desktop\TESI\master_thesis_2025\src\MATLAB_R2024b" /I ".\interface" /I "C:\Program Files\MATLAB\R2024b\extern\include" /I "." -DHAVE_LAPACK_CONFIG_H -DLAPACK_COMPLEX_STRUCTURE -DMW_HAVE_LAPACK_DECLS -DMODEL=mexFunctions -DMW_NEEDS_VERSION_H /wd4251  factorQR.cpp /Fobuild\win64\factorQR.obj
factorQR.cpp
[72/105] cl /c /Zc:__cplusplus /Zp8 /GR /W3 /EHs /nologo /MD /D_CRT_SECURE_NO_DEPRECATE /D_SCL_SECURE_NO_DEPRECATE /D_SECURE_SCL=0   /DMATLAB_MEX_FILE  /DMATLAB_MEX_FILE /O2 /Oy- /DNDEBUG /fp:strict /utf-8 /I "." /I "C:\Users\kovac\Desktop\TESI\master_thesis_2025\src\MATLAB_R2024b" /I ".\interface" /I "C:\Program Files\MATLAB\R2024b\extern\include" /I "." -DHAVE_LAPACK_CONFIG_H -DLAPACK_COMPLEX_STRUCTURE -DMW_HAVE_LAPACK_DECLS -DMODEL=mexFunctions -DMW_NEEDS_VERSION_H /wd4251  computeFval.cpp /Fobuild\win64\computeFval.obj
computeFval.cpp
[73/105] cl /c /Zc:__cplusplus /Zp8 /GR /W3 /EHs /nologo /MD /D_CRT_SECURE_NO_DEPRECATE /D_SCL_SECURE_NO_DEPRECATE /D_SECURE_SCL=0   /DMATLAB_MEX_FILE  /DMATLAB_MEX_FILE /O2 /Oy- /DNDEBUG /fp:strict /utf-8 /I "." /I "C:\Users\kovac\Desktop\TESI\master_thesis_2025\src\MATLAB_R2024b" /I ".\interface" /I "C:\Program Files\MATLAB\R2024b\extern\include" /I "." -DHAVE_LAPACK_CONFIG_H -DLAPACK_COMPLEX_STRUCTURE -DMW_HAVE_LAPACK_DECLS -DMODEL=mexFunctions -DMW_NEEDS_VERSION_H /wd4251  factor.cpp /Fobuild\win64\factor.obj
factor.cpp
[74/105] cl /c /Zc:__cplusplus /Zp8 /GR /W3 /EHs /nologo /MD /D_CRT_SECURE_NO_DEPRECATE /D_SCL_SECURE_NO_DEPRECATE /D_SECURE_SCL=0   /DMATLAB_MEX_FILE  /DMATLAB_MEX_FILE /O2 /Oy- /DNDEBUG /fp:strict /utf-8 /I "." /I "C:\Users\kovac\Desktop\TESI\master_thesis_2025\src\MATLAB_R2024b" /I ".\interface" /I "C:\Program Files\MATLAB\R2024b\extern\include" /I "." -DHAVE_LAPACK_CONFIG_H -DLAPACK_COMPLEX_STRUCTURE -DMW_HAVE_LAPACK_DECLS -DMODEL=mexFunctions -DMW_NEEDS_VERSION_H /wd4251  squareQ_appendCol.cpp /Fobuild\win64\squareQ_appendCol.obj
squareQ_appendCol.cpp
[75/105] cl /c /Zc:__cplusplus /Zp8 /GR /W3 /EHs /nologo /MD /D_CRT_SECURE_NO_DEPRECATE /D_SCL_SECURE_NO_DEPRECATE /D_SECURE_SCL=0   /DMATLAB_MEX_FILE  /DMATLAB_MEX_FILE /O2 /Oy- /DNDEBUG /fp:strict /utf-8 /I "." /I "C:\Users\kovac\Desktop\TESI\master_thesis_2025\src\MATLAB_R2024b" /I ".\interface" /I "C:\Program Files\MATLAB\R2024b\extern\include" /I "." -DHAVE_LAPACK_CONFIG_H -DLAPACK_COMPLEX_STRUCTURE -DMW_HAVE_LAPACK_DECLS -DMODEL=mexFunctions -DMW_NEEDS_VERSION_H /wd4251  assignResidualsToXSlack.cpp /Fobuild\win64\assignResidualsToXSlack.obj
assignResidualsToXSlack.cpp
[76/105] cl /c /Zc:__cplusplus /Zp8 /GR /W3 /EHs /nologo /MD /D_CRT_SECURE_NO_DEPRECATE /D_SCL_SECURE_NO_DEPRECATE /D_SECURE_SCL=0   /DMATLAB_MEX_FILE  /DMATLAB_MEX_FILE /O2 /Oy- /DNDEBUG /fp:strict /utf-8 /I "." /I "C:\Users\kovac\Desktop\TESI\master_thesis_2025\src\MATLAB_R2024b" /I ".\interface" /I "C:\Program Files\MATLAB\R2024b\extern\include" /I "." -DHAVE_LAPACK_CONFIG_H -DLAPACK_COMPLEX_STRUCTURE -DMW_HAVE_LAPACK_DECLS -DMODEL=mexFunctions -DMW_NEEDS_VERSION_H /wd4251  soc.cpp /Fobuild\win64\soc.obj
soc.cpp
[77/105] cl /c /Zc:__cplusplus /Zp8 /GR /W3 /EHs /nologo /MD /D_CRT_SECURE_NO_DEPRECATE /D_SCL_SECURE_NO_DEPRECATE /D_SECURE_SCL=0   /DMATLAB_MEX_FILE  /DMATLAB_MEX_FILE /O2 /Oy- /DNDEBUG /fp:strict /utf-8 /I "." /I "C:\Users\kovac\Desktop\TESI\master_thesis_2025\src\MATLAB_R2024b" /I ".\interface" /I "C:\Program Files\MATLAB\R2024b\extern\include" /I "." -DHAVE_LAPACK_CONFIG_H -DLAPACK_COMPLEX_STRUCTURE -DMW_HAVE_LAPACK_DECLS -DMODEL=mexFunctions -DMW_NEEDS_VERSION_H /wd4251  deleteColMoveEnd.cpp /Fobuild\win64\deleteColMoveEnd.obj
deleteColMoveEnd.cpp
[78/105] cl /c /Zc:__cplusplus /Zp8 /GR /W3 /EHs /nologo /MD /D_CRT_SECURE_NO_DEPRECATE /D_SCL_SECURE_NO_DEPRECATE /D_SECURE_SCL=0   /DMATLAB_MEX_FILE  /DMATLAB_MEX_FILE /O2 /Oy- /DNDEBUG /fp:strict /utf-8 /I "." /I "C:\Users\kovac\Desktop\TESI\master_thesis_2025\src\MATLAB_R2024b" /I ".\interface" /I "C:\Program Files\MATLAB\R2024b\extern\include" /I "." -DHAVE_LAPACK_CONFIG_H -DLAPACK_COMPLEX_STRUCTURE -DMW_HAVE_LAPACK_DECLS -DMODEL=mexFunctions -DMW_NEEDS_VERSION_H /wd4251  BFGSUpdate.cpp /Fobuild\win64\BFGSUpdate.obj
BFGSUpdate.cpp
[79/105] cl /c /Zc:__cplusplus /Zp8 /GR /W3 /EHs /nologo /MD /D_CRT_SECURE_NO_DEPRECATE /D_SCL_SECURE_NO_DEPRECATE /D_SECURE_SCL=0   /DMATLAB_MEX_FILE  /DMATLAB_MEX_FILE /O2 /Oy- /DNDEBUG /fp:strict /utf-8 /I "." /I "C:\Users\kovac\Desktop\TESI\master_thesis_2025\src\MATLAB_R2024b" /I ".\interface" /I "C:\Program Files\MATLAB\R2024b\extern\include" /I "." -DHAVE_LAPACK_CONFIG_H -DLAPACK_COMPLEX_STRUCTURE -DMW_HAVE_LAPACK_DECLS -DMODEL=mexFunctions -DMW_NEEDS_VERSION_H /wd4251  compute_deltax.cpp /Fobuild\win64\compute_deltax.obj
compute_deltax.cpp
[80/105] cl /c /Zc:__cplusplus /Zp8 /GR /W3 /EHs /nologo /MD /D_CRT_SECURE_NO_DEPRECATE /D_SCL_SECURE_NO_DEPRECATE /D_SECURE_SCL=0   /DMATLAB_MEX_FILE  /DMATLAB_MEX_FILE /O2 /Oy- /DNDEBUG /fp:strict /utf-8 /I "." /I "C:\Users\kovac\Desktop\TESI\master_thesis_2025\src\MATLAB_R2024b" /I ".\interface" /I "C:\Program Files\MATLAB\R2024b\extern\include" /I "." -DHAVE_LAPACK_CONFIG_H -DLAPACK_COMPLEX_STRUCTURE -DMW_HAVE_LAPACK_DECLS -DMODEL=mexFunctions -DMW_NEEDS_VERSION_H /wd4251  relaxed.cpp /Fobuild\win64\relaxed.obj
relaxed.cpp
[81/105] cl /c /Zc:__cplusplus /Zp8 /GR /W3 /EHs /nologo /MD /D_CRT_SECURE_NO_DEPRECATE /D_SCL_SECURE_NO_DEPRECATE /D_SECURE_SCL=0   /DMATLAB_MEX_FILE  /DMATLAB_MEX_FILE /O2 /Oy- /DNDEBUG /fp:strict /utf-8 /I "." /I "C:\Users\kovac\Desktop\TESI\master_thesis_2025\src\MATLAB_R2024b" /I ".\interface" /I "C:\Program Files\MATLAB\R2024b\extern\include" /I "." -DHAVE_LAPACK_CONFIG_H -DLAPACK_COMPLEX_STRUCTURE -DMW_HAVE_LAPACK_DECLS -DMODEL=mexFunctions -DMW_NEEDS_VERSION_H /wd4251  updatePenaltyParam.cpp /Fobuild\win64\updatePenaltyParam.obj
updatePenaltyParam.cpp
[82/105] cl /c /Zc:__cplusplus /Zp8 /GR /W3 /EHs /nologo /MD /D_CRT_SECURE_NO_DEPRECATE /D_SCL_SECURE_NO_DEPRECATE /D_SECURE_SCL=0   /DMATLAB_MEX_FILE  /DMATLAB_MEX_FILE /O2 /Oy- /DNDEBUG /fp:strict /utf-8 /I "." /I "C:\Users\kovac\Desktop\TESI\master_thesis_2025\src\MATLAB_R2024b" /I ".\interface" /I "C:\Program Files\MATLAB\R2024b\extern\include" /I "." -DHAVE_LAPACK_CONFIG_H -DLAPACK_COMPLEX_STRUCTURE -DMW_HAVE_LAPACK_DECLS -DMODEL=mexFunctions -DMW_NEEDS_VERSION_H /wd4251  initActiveSet.cpp /Fobuild\win64\initActiveSet.obj
initActiveSet.cpp
[83/105] cl /c /Zc:__cplusplus /Zp8 /GR /W3 /EHs /nologo /MD /D_CRT_SECURE_NO_DEPRECATE /D_SCL_SECURE_NO_DEPRECATE /D_SECURE_SCL=0   /DMATLAB_MEX_FILE  /DMATLAB_MEX_FILE /O2 /Oy- /DNDEBUG /fp:strict /utf-8 /I "." /I "C:\Users\kovac\Desktop\TESI\master_thesis_2025\src\MATLAB_R2024b" /I ".\interface" /I "C:\Program Files\MATLAB\R2024b\extern\include" /I "." -DHAVE_LAPACK_CONFIG_H -DLAPACK_COMPLEX_STRUCTURE -DMW_HAVE_LAPACK_DECLS -DMODEL=mexFunctions -DMW_NEEDS_VERSION_H /wd4251  computeFiniteDifferences.cpp /Fobuild\win64\computeFiniteDifferences.obj
computeFiniteDifferences.cpp
[84/105] cl /c /Zc:__cplusplus /Zp8 /GR /W3 /EHs /nologo /MD /D_CRT_SECURE_NO_DEPRECATE /D_SCL_SECURE_NO_DEPRECATE /D_SECURE_SCL=0   /DMATLAB_MEX_FILE  /DMATLAB_MEX_FILE /O2 /Oy- /DNDEBUG /fp:strict /utf-8 /I "." /I "C:\Users\kovac\Desktop\TESI\master_thesis_2025\src\MATLAB_R2024b" /I ".\interface" /I "C:\Program Files\MATLAB\R2024b\extern\include" /I "." -DHAVE_LAPACK_CONFIG_H -DLAPACK_COMPLEX_STRUCTURE -DMW_HAVE_LAPACK_DECLS -DMODEL=mexFunctions -DMW_NEEDS_VERSION_H /wd4251  updateWorkingSetForNewQP.cpp /Fobuild\win64\updateWorkingSetForNewQP.obj
updateWorkingSetForNewQP.cpp
[85/105] cl /c /Zc:__cplusplus /Zp8 /GR /W3 /EHs /nologo /MD /D_CRT_SECURE_NO_DEPRECATE /D_SCL_SECURE_NO_DEPRECATE /D_SECURE_SCL=0   /DMATLAB_MEX_FILE  /DMATLAB_MEX_FILE /O2 /Oy- /DNDEBUG /fp:strict /utf-8 /I "." /I "C:\Users\kovac\Desktop\TESI\master_thesis_2025\src\MATLAB_R2024b" /I ".\interface" /I "C:\Program Files\MATLAB\R2024b\extern\include" /I "." -DHAVE_LAPACK_CONFIG_H -DLAPACK_COMPLEX_STRUCTURE -DMW_HAVE_LAPACK_DECLS -DMODEL=mexFunctions -DMW_NEEDS_VERSION_H /wd4251  revertSolution.cpp /Fobuild\win64\revertSolution.obj
revertSolution.cpp
[86/105] cl /c /Zc:__cplusplus /Zp8 /GR /W3 /EHs /nologo /MD /D_CRT_SECURE_NO_DEPRECATE /D_SCL_SECURE_NO_DEPRECATE /D_SECURE_SCL=0   /DMATLAB_MEX_FILE  /DMATLAB_MEX_FILE /O2 /Oy- /DNDEBUG /fp:strict /utf-8 /I "." /I "C:\Users\kovac\Desktop\TESI\master_thesis_2025\src\MATLAB_R2024b" /I ".\interface" /I "C:\Program Files\MATLAB\R2024b\extern\include" /I "." -DHAVE_LAPACK_CONFIG_H -DLAPACK_COMPLEX_STRUCTURE -DMW_HAVE_LAPACK_DECLS -DMODEL=mexFunctions -DMW_NEEDS_VERSION_H /wd4251  fullColLDL2_.cpp /Fobuild\win64\fullColLDL2_.obj
fullColLDL2_.cpp
[87/105] cl /c /Zc:__cplusplus /Zp8 /GR /W3 /EHs /nologo /MD /D_CRT_SECURE_NO_DEPRECATE /D_SCL_SECURE_NO_DEPRECATE /D_SECURE_SCL=0   /DMATLAB_MEX_FILE  /DMATLAB_MEX_FILE /O2 /Oy- /DNDEBUG /fp:strict /utf-8 /I "." /I "C:\Users\kovac\Desktop\TESI\master_thesis_2025\src\MATLAB_R2024b" /I ".\interface" /I "C:\Program Files\MATLAB\R2024b\extern\include" /I "." -DHAVE_LAPACK_CONFIG_H -DLAPACK_COMPLEX_STRUCTURE -DMW_HAVE_LAPACK_DECLS -DMODEL=mexFunctions -DMW_NEEDS_VERSION_H /wd4251  updateWorkingSet.cpp /Fobuild\win64\updateWorkingSet.obj
updateWorkingSet.cpp
[88/105] cl /c /Zc:__cplusplus /Zp8 /GR /W3 /EHs /nologo /MD /D_CRT_SECURE_NO_DEPRECATE /D_SCL_SECURE_NO_DEPRECATE /D_SECURE_SCL=0   /DMATLAB_MEX_FILE  /DMATLAB_MEX_FILE /O2 /Oy- /DNDEBUG /fp:strict /utf-8 /I "." /I "C:\Users\kovac\Desktop\TESI\master_thesis_2025\src\MATLAB_R2024b" /I ".\interface" /I "C:\Program Files\MATLAB\R2024b\extern\include" /I "." -DHAVE_LAPACK_CONFIG_H -DLAPACK_COMPLEX_STRUCTURE -DMW_HAVE_LAPACK_DECLS -DMODEL=mexFunctions -DMW_NEEDS_VERSION_H /wd4251  linesearch.cpp /Fobuild\win64\linesearch.obj
linesearch.cpp
[89/105] cl /c /Zc:__cplusplus /Zp8 /GR /W3 /EHs /nologo /MD /D_CRT_SECURE_NO_DEPRECATE /D_SCL_SECURE_NO_DEPRECATE /D_SECURE_SCL=0   /DMATLAB_MEX_FILE  /DMATLAB_MEX_FILE /O2 /Oy- /DNDEBUG /fp:strict /utf-8 /I "." /I "C:\Users\kovac\Desktop\TESI\master_thesis_2025\src\MATLAB_R2024b" /I ".\interface" /I "C:\Program Files\MATLAB\R2024b\extern\include" /I "." -DHAVE_LAPACK_CONFIG_H -DLAPACK_COMPLEX_STRUCTURE -DMW_HAVE_LAPACK_DECLS -DMODEL=mexFunctions -DMW_NEEDS_VERSION_H /wd4251  computeLinearResiduals.cpp /Fobuild\win64\computeLinearResiduals.obj
computeLinearResiduals.cpp
[90/105] cl /c /Zc:__cplusplus /Zp8 /GR /W3 /EHs /nologo /MD /D_CRT_SECURE_NO_DEPRECATE /D_SCL_SECURE_NO_DEPRECATE /D_SECURE_SCL=0   /DMATLAB_MEX_FILE  /DMATLAB_MEX_FILE /O2 /Oy- /DNDEBUG /fp:strict /utf-8 /I "." /I "C:\Users\kovac\Desktop\TESI\master_thesis_2025\src\MATLAB_R2024b" /I ".\interface" /I "C:\Program Files\MATLAB\R2024b\extern\include" /I "." -DHAVE_LAPACK_CONFIG_H -DLAPACK_COMPLEX_STRUCTURE -DMW_HAVE_LAPACK_DECLS -DMODEL=mexFunctions -DMW_NEEDS_VERSION_H /wd4251  evalObjAndConstrAndDerivatives.cpp /Fobuild\win64\evalObjAndConstrAndDerivatives.obj
evalObjAndConstrAndDerivatives.cpp
[91/105] cl /c /Zc:__cplusplus /Zp8 /GR /W3 /EHs /nologo /MD /D_CRT_SECURE_NO_DEPRECATE /D_SCL_SECURE_NO_DEPRECATE /D_SECURE_SCL=0   /DMATLAB_MEX_FILE  /DMATLAB_MEX_FILE /O2 /Oy- /DNDEBUG /fp:strict /utf-8 /I "." /I "C:\Users\kovac\Desktop\TESI\master_thesis_2025\src\MATLAB_R2024b" /I ".\interface" /I "C:\Program Files\MATLAB\R2024b\extern\include" /I "." -DHAVE_LAPACK_CONFIG_H -DLAPACK_COMPLEX_STRUCTURE -DMW_HAVE_LAPACK_DECLS -DMODEL=mexFunctions -DMW_NEEDS_VERSION_H /wd4251  checkStoppingAndUpdateFval.cpp /Fobuild\win64\checkStoppingAndUpdateFval.obj
checkStoppingAndUpdateFval.cpp
[92/105] cl /c /Zc:__cplusplus /Zp8 /GR /W3 /EHs /nologo /MD /D_CRT_SECURE_NO_DEPRECATE /D_SCL_SECURE_NO_DEPRECATE /D_SECURE_SCL=0   /DMATLAB_MEX_FILE  /DMATLAB_MEX_FILE /O2 /Oy- /DNDEBUG /fp:strict /utf-8 /I "." /I "C:\Users\kovac\Desktop\TESI\master_thesis_2025\src\MATLAB_R2024b" /I ".\interface" /I "C:\Program Files\MATLAB\R2024b\extern\include" /I "." -DHAVE_LAPACK_CONFIG_H -DLAPACK_COMPLEX_STRUCTURE -DMW_HAVE_LAPACK_DECLS -DMODEL=mexFunctions -DMW_NEEDS_VERSION_H /wd4251  computeForwardDifferences.cpp /Fobuild\win64\computeForwardDifferences.obj
computeForwardDifferences.cpp
[93/105] cl /c /Zc:__cplusplus /Zp8 /GR /W3 /EHs /nologo /MD /D_CRT_SECURE_NO_DEPRECATE /D_SCL_SECURE_NO_DEPRECATE /D_SECURE_SCL=0   /DMATLAB_MEX_FILE  /DMATLAB_MEX_FILE /O2 /Oy- /DNDEBUG /fp:strict /utf-8 /I "." /I "C:\Users\kovac\Desktop\TESI\master_thesis_2025\src\MATLAB_R2024b" /I ".\interface" /I "C:\Program Files\MATLAB\R2024b\extern\include" /I "." -DHAVE_LAPACK_CONFIG_H -DLAPACK_COMPLEX_STRUCTURE -DMW_HAVE_LAPACK_DECLS -DMODEL=mexFunctions -DMW_NEEDS_VERSION_H /wd4251  hasFiniteBounds.cpp /Fobuild\win64\hasFiniteBounds.obj
hasFiniteBounds.cpp
[94/105] cl /c /Zc:__cplusplus /Zp8 /GR /W3 /EHs /nologo /MD /D_CRT_SECURE_NO_DEPRECATE /D_SCL_SECURE_NO_DEPRECATE /D_SECURE_SCL=0   /DMATLAB_MEX_FILE  /DMATLAB_MEX_FILE /O2 /Oy- /DNDEBUG /fp:strict /utf-8 /I "." /I "C:\Users\kovac\Desktop\TESI\master_thesis_2025\src\MATLAB_R2024b" /I ".\interface" /I "C:\Program Files\MATLAB\R2024b\extern\include" /I "." -DHAVE_LAPACK_CONFIG_H -DLAPACK_COMPLEX_STRUCTURE -DMW_HAVE_LAPACK_DECLS -DMODEL=mexFunctions -DMW_NEEDS_VERSION_H /wd4251  interface\_coder_mexFunctions_info.cpp /Fobuild\win64\_coder_mexFunctions_info.obj
_coder_mexFunctions_info.cpp
[95/105] cl /c /Zc:__cplusplus /Zp8 /GR /W3 /EHs /nologo /MD /D_CRT_SECURE_NO_DEPRECATE /D_SCL_SECURE_NO_DEPRECATE /D_SECURE_SCL=0   /DMATLAB_MEX_FILE  /DMATLAB_MEX_FILE /O2 /Oy- /DNDEBUG /fp:strict /utf-8 /I "." /I "C:\Users\kovac\Desktop\TESI\master_thesis_2025\src\MATLAB_R2024b" /I ".\interface" /I "C:\Program Files\MATLAB\R2024b\extern\include" /I "." -DHAVE_LAPACK_CONFIG_H -DLAPACK_COMPLEX_STRUCTURE -DMW_HAVE_LAPACK_DECLS -DMODEL=mexFunctions -DMW_NEEDS_VERSION_H /wd4251  feasibleratiotest.cpp /Fobuild\win64\feasibleratiotest.obj
feasibleratiotest.cpp
[96/105] cl /c /Zc:__cplusplus /Zp8 /GR /W3 /EHs /nologo /MD /D_CRT_SECURE_NO_DEPRECATE /D_SCL_SECURE_NO_DEPRECATE /D_SECURE_SCL=0   /DMATLAB_MEX_FILE  /DMATLAB_MEX_FILE /O2 /Oy- /DNDEBUG /fp:strict /utf-8 /I "." /I "C:\Users\kovac\Desktop\TESI\master_thesis_2025\src\MATLAB_R2024b" /I ".\interface" /I "C:\Program Files\MATLAB\R2024b\extern\include" /I "." -DHAVE_LAPACK_CONFIG_H -DLAPACK_COMPLEX_STRUCTURE -DMW_HAVE_LAPACK_DECLS -DMODEL=mexFunctions -DMW_NEEDS_VERSION_H /wd4251  computeConstraints_.cpp /Fobuild\win64\computeConstraints_.obj
computeConstraints_.cpp
[97/105] cl /c /Zc:__cplusplus /Zp8 /GR /W3 /EHs /nologo /MD /D_CRT_SECURE_NO_DEPRECATE /D_SCL_SECURE_NO_DEPRECATE /D_SECURE_SCL=0   /DMATLAB_MEX_FILE  /DMATLAB_MEX_FILE /O2 /Oy- /DNDEBUG /fp:strict /utf-8 /I "." /I "C:\Users\kovac\Desktop\TESI\master_thesis_2025\src\MATLAB_R2024b" /I ".\interface" /I "C:\Program Files\MATLAB\R2024b\extern\include" /I "." -DHAVE_LAPACK_CONFIG_H -DLAPACK_COMPLEX_STRUCTURE -DMW_HAVE_LAPACK_DECLS -DMODEL=mexFunctions -DMW_NEEDS_VERSION_H /wd4251  "C:\Program Files\MATLAB\R2024b\extern\version\cpp_mexapi_version.cpp" /Fobuild\win64\cpp_mexapi_version.obj
cpp_mexapi_version.cpp
[98/105] cl /c /Zc:__cplusplus /Zp8 /GR /W3 /EHs /nologo /MD /D_CRT_SECURE_NO_DEPRECATE /D_SCL_SECURE_NO_DEPRECATE /D_SECURE_SCL=0   /DMATLAB_MEX_FILE  /DMATLAB_MEX_FILE /O2 /Oy- /DNDEBUG /fp:strict /utf-8 /I "." /I "C:\Users\kovac\Desktop\TESI\master_thesis_2025\src\MATLAB_R2024b" /I ".\interface" /I "C:\Program Files\MATLAB\R2024b\extern\include" /I "." -DHAVE_LAPACK_CONFIG_H -DLAPACK_COMPLEX_STRUCTURE -DMW_HAVE_LAPACK_DECLS -DMODEL=mexFunctions -DMW_NEEDS_VERSION_H /wd4251  computeDeltaLag.cpp /Fobuild\win64\computeDeltaLag.obj
computeDeltaLag.cpp
[99/105] cl /c /Zc:__cplusplus /Zp8 /GR /W3 /EHs /nologo /MD /D_CRT_SECURE_NO_DEPRECATE /D_SCL_SECURE_NO_DEPRECATE /D_SECURE_SCL=0   /DMATLAB_MEX_FILE  /DMATLAB_MEX_FILE /O2 /Oy- /DNDEBUG /fp:strict /utf-8 /I "." /I "C:\Users\kovac\Desktop\TESI\master_thesis_2025\src\MATLAB_R2024b" /I ".\interface" /I "C:\Program Files\MATLAB\R2024b\extern\include" /I "." -DHAVE_LAPACK_CONFIG_H -DLAPACK_COMPLEX_STRUCTURE -DMW_HAVE_LAPACK_DECLS -DMODEL=mexFunctions -DMW_NEEDS_VERSION_H /wd4251  saveJacobian.cpp /Fobuild\win64\saveJacobian.obj
saveJacobian.cpp
[100/105] cl /c /Zc:__cplusplus /Zp8 /GR /W3 /EHs /nologo /MD /D_CRT_SECURE_NO_DEPRECATE /D_SCL_SECURE_NO_DEPRECATE /D_SECURE_SCL=0   /DMATLAB_MEX_FILE  /DMATLAB_MEX_FILE /O2 /Oy- /DNDEBUG /fp:strict /utf-8 /I "." /I "C:\Users\kovac\Desktop\TESI\master_thesis_2025\src\MATLAB_R2024b" /I ".\interface" /I "C:\Program Files\MATLAB\R2024b\extern\include" /I "." -DHAVE_LAPACK_CONFIG_H -DLAPACK_COMPLEX_STRUCTURE -DMW_HAVE_LAPACK_DECLS -DMODEL=mexFunctions -DMW_NEEDS_VERSION_H /wd4251  followerCost.cpp /Fobuild\win64\followerCost.obj
followerCost.cpp
[101/105] cl /c /Zc:__cplusplus /Zp8 /GR /W3 /EHs /nologo /MD /D_CRT_SECURE_NO_DEPRECATE /D_SCL_SECURE_NO_DEPRECATE /D_SECURE_SCL=0   /DMATLAB_MEX_FILE  /DMATLAB_MEX_FILE /O2 /Oy- /DNDEBUG /fp:strict /utf-8 /I "." /I "C:\Users\kovac\Desktop\TESI\master_thesis_2025\src\MATLAB_R2024b" /I ".\interface" /I "C:\Program Files\MATLAB\R2024b\extern\include" /I "." -DHAVE_LAPACK_CONFIG_H -DLAPACK_COMPLEX_STRUCTURE -DMW_HAVE_LAPACK_DECLS -DMODEL=mexFunctions -DMW_NEEDS_VERSION_H /wd4251  constraints.cpp /Fobuild\win64\constraints.obj
constraints.cpp
[102/105] cl /c /Zc:__cplusplus /Zp8 /GR /W3 /EHs /nologo /MD /D_CRT_SECURE_NO_DEPRECATE /D_SCL_SECURE_NO_DEPRECATE /D_SECURE_SCL=0   /DMATLAB_MEX_FILE  /DMATLAB_MEX_FILE /O2 /Oy- /DNDEBUG /fp:strict /utf-8 /I "." /I "C:\Users\kovac\Desktop\TESI\master_thesis_2025\src\MATLAB_R2024b" /I ".\interface" /I "C:\Program Files\MATLAB\R2024b\extern\include" /I "." -DHAVE_LAPACK_CONFIG_H -DLAPACK_COMPLEX_STRUCTURE -DMW_HAVE_LAPACK_DECLS -DMODEL=mexFunctions -DMW_NEEDS_VERSION_H /wd4251  computeGradLag.cpp /Fobuild\win64\computeGradLag.obj
computeGradLag.cpp
[103/105] cl /c /Zc:__cplusplus /Zp8 /GR /W3 /EHs /nologo /MD /D_CRT_SECURE_NO_DEPRECATE /D_SCL_SECURE_NO_DEPRECATE /D_SECURE_SCL=0   /DMATLAB_MEX_FILE  /DMATLAB_MEX_FILE /O2 /Oy- /DNDEBUG /fp:strict /utf-8 /I "." /I "C:\Users\kovac\Desktop\TESI\master_thesis_2025\src\MATLAB_R2024b" /I ".\interface" /I "C:\Program Files\MATLAB\R2024b\extern\include" /I "." -DHAVE_LAPACK_CONFIG_H -DLAPACK_COMPLEX_STRUCTURE -DMW_HAVE_LAPACK_DECLS -DMODEL=mexFunctions -DMW_NEEDS_VERSION_H /wd4251  partialColLDL3_.cpp /Fobuild\win64\partialColLDL3_.obj
partialColLDL3_.cpp
[104/105] cl /c /Zc:__cplusplus /Zp8 /GR /W3 /EHs /nologo /MD /D_CRT_SECURE_NO_DEPRECATE /D_SCL_SECURE_NO_DEPRECATE /D_SECURE_SCL=0   /DMATLAB_MEX_FILE  /DMATLAB_MEX_FILE /O2 /Oy- /DNDEBUG /fp:strict /utf-8 /I "." /I "C:\Users\kovac\Desktop\TESI\master_thesis_2025\src\MATLAB_R2024b" /I ".\interface" /I "C:\Program Files\MATLAB\R2024b\extern\include" /I "." -DHAVE_LAPACK_CONFIG_H -DLAPACK_COMPLEX_STRUCTURE -DMW_HAVE_LAPACK_DECLS -DMODEL=mexFunctions -DMW_NEEDS_VERSION_H /wd4251  eml_mtimes_helper.cpp /Fobuild\win64\eml_mtimes_helper.obj
eml_mtimes_helper.cpp
[105/105] link build\win64\mexFunctions_data.obj build\win64\rt_nonfinite.obj build\win64\mexFunctions_initialize.obj build\win64\mexFunctions_terminate.obj build\win64\evaluateObstacles.obj build\win64\getObstacleInfo.obj build\win64\repmat.obj build\win64\followerMPCandUpdate.obj build\win64\stateEvolution.obj build\win64\mtimes.obj build\win64\factoryConstruct.obj build\win64\factoryConstruct1.obj build\win64\factoryConstruct2.obj build\win64\sumMatrixIncludeNaN.obj build\win64\sum.obj build\win64\checkVectorNonFinite.obj build\win64\computeDualFeasError.obj build\win64\computeComplError.obj build\win64\xdot.obj build\win64\xnrm2.obj build\win64\maxConstraintViolation.obj build\win64\xasum.obj build\win64\fillOutputStruct.obj build\win64\leaderMPCandUpdate.obj build\win64\leaderMPCandUpdateHalt.obj build\win64\Rmat.obj build\win64\_coder_mexFunctions_api.obj build\win64\_coder_mexFunctions_mex.obj build\win64\factoryConstruct3.obj build\win64\computePrimalFeasError.obj build\win64\strcmp.obj build\win64\fmincon.obj build\win64\loadProblem.obj build\win64\fwdFinDiffInsideBnds.obj build\win64\finDiffEvalAndChkErr.obj build\win64\setProblemType.obj build\win64\modifyOverheadPhaseOne_.obj build\win64\driver.obj build\win64\test_exit.obj build\win64\factorQRE.obj build\win64\xgeqp3.obj build\win64\computeQ_.obj build\win64\sortLambdaQP.obj build\win64\saveState.obj build\win64\step.obj build\win64\normal.obj build\win64\driver1.obj build\win64\PresolveWorkingSet.obj build\win64\RemoveDependentEq_.obj build\win64\countsort.obj build\win64\removeConstr.obj build\win64\RemoveDependentIneq_.obj build\win64\feasibleX0ForWorkingSet.obj build\win64\xgemv.obj build\win64\xgemm.obj build\win64\xtrsm.obj build\win64\xcopy.obj build\win64\maxConstraintViolation_AMats_regularized_.obj build\win64\maxConstraintViolation_AMats_nonregularized_.obj build\win64\phaseone.obj build\win64\iterate.obj build\win64\computeGrad_StoreHx.obj build\win64\xaxpy.obj build\win64\computeFval_ReuseHx.obj build\win64\squareQ_appendCol.obj build\win64\deleteColMoveEnd.obj build\win64\factorQR.obj build\win64\compute_deltax.obj build\win64\factor.obj build\win64\solve.obj build\win64\compute_lambda.obj build\win64\addBoundToActiveSetMatrix_.obj build\win64\checkUnboundedOrIllPosed.obj build\win64\computeFval.obj build\win64\linearForm_.obj build\win64\relaxed.obj build\win64\assignResidualsToXSlack.obj build\win64\updatePenaltyParam.obj build\win64\soc.obj build\win64\updateWorkingSet.obj build\win64\linesearch.obj build\win64\revertSolution.obj build\win64\BFGSUpdate.obj build\win64\compressBounds.obj build\win64\computeFiniteDifferences.obj build\win64\updateWorkingSetForNewQP.obj build\win64\initActiveSet.obj build\win64\computeConstraints_.obj build\win64\hasFiniteBounds.obj build\win64\saveJacobian.obj build\win64\computeLinearResiduals.obj build\win64\computeDeltaLag.obj build\win64\computeGradLag.obj build\win64\checkStoppingAndUpdateFval.obj build\win64\feasibleratiotest.obj build\win64\partialColLDL3_.obj build\win64\fullColLDL2_.obj build\win64\evalObjAndConstrAndDerivatives.obj build\win64\computeForwardDifferences.obj build\win64\constraints.obj build\win64\eml_mtimes_helper.obj build\win64\followerCost.obj build\win64\_coder_mexFunctions_info.obj build\win64\cpp_mexapi_version.obj  /nologo    /DLL /LIBPATH:"C:\Program Files\MATLAB\R2024b\extern\lib\win64\microsoft" libmx.lib libmex.lib libmat.lib kernel32.lib user32.lib gdi32.lib winspool.lib comdlg32.lib advapi32.lib shell32.lib ole32.lib oleaut32.lib uuid.lib odbc32.lib odbccp32.lib libMatlabDataArray.lib libMatlabEngine.lib  /out:"mexFunctions.mexw64" /LIBPATH:"C:\Program Files\MATLAB\R2024b\extern\lib\win64\microsoft" libmwblas.lib libmwlapack.lib libemlrt.lib libcovrt.lib libut.lib libmwmathutil.lib 
   Creazione della libreria mexFunctions.lib e dell'oggetto mexFunctions.exp
