[1/109] cl /c /Zc:__cplusplus /Zp8 /GR /W3 /EHs /nologo /MD /D_CRT_SECURE_NO_DEPRECATE /D_SCL_SECURE_NO_DEPRECATE /D_SECURE_SCL=0   /DMATLAB_MEX_FILE  /DMATLAB_MEX_FILE /O2 /Oy- /DNDEBUG /fp:strict /utf-8 /I "." /I "C:\Users\kovac\Desktop\TESI\master_thesis_2025\src\MATLAB_R2024b" /I ".\interface" /I "C:\Program Files\MATLAB\R2024b\extern\include" /I "." -DHAVE_LAPACK_CONFIG_H -DLAPACK_COMPLEX_STRUCTURE -DMW_HAVE_LAPACK_DECLS -DMODEL=evaluateObstacles_mex -arch:AVX2  mtimes.c /Fobuild\win64\mtimes.obj
mtimes.c
[2/109] cl /c /Zc:__cplusplus /Zp8 /GR /W3 /EHs /nologo /MD /D_CRT_SECURE_NO_DEPRECATE /D_SCL_SECURE_NO_DEPRECATE /D_SECURE_SCL=0   /DMATLAB_MEX_FILE  /DMATLAB_MEX_FILE /O2 /Oy- /DNDEBUG /fp:strict /utf-8 /I "." /I "C:\Users\kovac\Desktop\TESI\master_thesis_2025\src\MATLAB_R2024b" /I ".\interface" /I "C:\Program Files\MATLAB\R2024b\extern\include" /I "." -DHAVE_LAPACK_CONFIG_H -DLAPACK_COMPLEX_STRUCTURE -DMW_HAVE_LAPACK_DECLS -DMODEL=evaluateObstacles_mex -arch:AVX2  stateEvolution.c /Fobuild\win64\stateEvolution.obj
stateEvolution.c
[3/109] cl /c /Zc:__cplusplus /Zp8 /GR /W3 /EHs /nologo /MD /D_CRT_SECURE_NO_DEPRECATE /D_SCL_SECURE_NO_DEPRECATE /D_SECURE_SCL=0   /DMATLAB_MEX_FILE  /DMATLAB_MEX_FILE /O2 /Oy- /DNDEBUG /fp:strict /utf-8 /I "." /I "C:\Users\kovac\Desktop\TESI\master_thesis_2025\src\MATLAB_R2024b" /I ".\interface" /I "C:\Program Files\MATLAB\R2024b\extern\include" /I "." -DHAVE_LAPACK_CONFIG_H -DLAPACK_COMPLEX_STRUCTURE -DMW_HAVE_LAPACK_DECLS -DMODEL=evaluateObstacles_mex -arch:AVX2  fillOutputStruct.c /Fobuild\win64\fillOutputStruct.obj
fillOutputStruct.c
[4/109] cl /c /Zc:__cplusplus /Zp8 /GR /W3 /EHs /nologo /MD /D_CRT_SECURE_NO_DEPRECATE /D_SCL_SECURE_NO_DEPRECATE /D_SECURE_SCL=0   /DMATLAB_MEX_FILE  /DMATLAB_MEX_FILE /O2 /Oy- /DNDEBUG /fp:strict /utf-8 /I "." /I "C:\Users\kovac\Desktop\TESI\master_thesis_2025\src\MATLAB_R2024b" /I ".\interface" /I "C:\Program Files\MATLAB\R2024b\extern\include" /I "." -DHAVE_LAPACK_CONFIG_H -DLAPACK_COMPLEX_STRUCTURE -DMW_HAVE_LAPACK_DECLS -DMODEL=evaluateObstacles_mex -arch:AVX2  factoryConstruct1.c /Fobuild\win64\factoryConstruct1.obj
factoryConstruct1.c
[5/109] cl /c /Zc:__cplusplus /Zp8 /GR /W3 /EHs /nologo /MD /D_CRT_SECURE_NO_DEPRECATE /D_SCL_SECURE_NO_DEPRECATE /D_SECURE_SCL=0   /DMATLAB_MEX_FILE  /DMATLAB_MEX_FILE /O2 /Oy- /DNDEBUG /fp:strict /utf-8 /I "." /I "C:\Users\kovac\Desktop\TESI\master_thesis_2025\src\MATLAB_R2024b" /I ".\interface" /I "C:\Program Files\MATLAB\R2024b\extern\include" /I "." -DHAVE_LAPACK_CONFIG_H -DLAPACK_COMPLEX_STRUCTURE -DMW_HAVE_LAPACK_DECLS -DMODEL=evaluateObstacles_mex -arch:AVX2  checkLinearInputs.c /Fobuild\win64\checkLinearInputs.obj
checkLinearInputs.c
[6/109] cl /c /Zc:__cplusplus /Zp8 /GR /W3 /EHs /nologo /MD /D_CRT_SECURE_NO_DEPRECATE /D_SCL_SECURE_NO_DEPRECATE /D_SECURE_SCL=0   /DMATLAB_MEX_FILE  /DMATLAB_MEX_FILE /O2 /Oy- /DNDEBUG /fp:strict /utf-8 /I "." /I "C:\Users\kovac\Desktop\TESI\master_thesis_2025\src\MATLAB_R2024b" /I ".\interface" /I "C:\Program Files\MATLAB\R2024b\extern\include" /I "." -DHAVE_LAPACK_CONFIG_H -DLAPACK_COMPLEX_STRUCTURE -DMW_HAVE_LAPACK_DECLS -DMODEL=evaluateObstacles_mex -arch:AVX2  factoryConstruct2.c /Fobuild\win64\factoryConstruct2.obj
factoryConstruct2.c
[7/109] cl /c /Zc:__cplusplus /Zp8 /GR /W3 /EHs /nologo /MD /D_CRT_SECURE_NO_DEPRECATE /D_SCL_SECURE_NO_DEPRECATE /D_SECURE_SCL=0   /DMATLAB_MEX_FILE  /DMATLAB_MEX_FILE /O2 /Oy- /DNDEBUG /fp:strict /utf-8 /I "." /I "C:\Users\kovac\Desktop\TESI\master_thesis_2025\src\MATLAB_R2024b" /I ".\interface" /I "C:\Program Files\MATLAB\R2024b\extern\include" /I "." -DHAVE_LAPACK_CONFIG_H -DLAPACK_COMPLEX_STRUCTURE -DMW_HAVE_LAPACK_DECLS -DMODEL=evaluateObstacles_mex -arch:AVX2  modelDynamics.c /Fobuild\win64\modelDynamics.obj
modelDynamics.c
[8/109] cl /c /Zc:__cplusplus /Zp8 /GR /W3 /EHs /nologo /MD /D_CRT_SECURE_NO_DEPRECATE /D_SCL_SECURE_NO_DEPRECATE /D_SECURE_SCL=0   /DMATLAB_MEX_FILE  /DMATLAB_MEX_FILE /O2 /Oy- /DNDEBUG /fp:strict /utf-8 /I "." /I "C:\Users\kovac\Desktop\TESI\master_thesis_2025\src\MATLAB_R2024b" /I ".\interface" /I "C:\Program Files\MATLAB\R2024b\extern\include" /I "." -DHAVE_LAPACK_CONFIG_H -DLAPACK_COMPLEX_STRUCTURE -DMW_HAVE_LAPACK_DECLS -DMODEL=evaluateObstacles_mex -arch:AVX2  repmat.c /Fobuild\win64\repmat.obj
repmat.c
[9/109] cl /c /Zc:__cplusplus /Zp8 /GR /W3 /EHs /nologo /MD /D_CRT_SECURE_NO_DEPRECATE /D_SCL_SECURE_NO_DEPRECATE /D_SECURE_SCL=0   /DMATLAB_MEX_FILE  /DMATLAB_MEX_FILE /O2 /Oy- /DNDEBUG /fp:strict /utf-8 /I "." /I "C:\Users\kovac\Desktop\TESI\master_thesis_2025\src\MATLAB_R2024b" /I ".\interface" /I "C:\Program Files\MATLAB\R2024b\extern\include" /I "." -DHAVE_LAPACK_CONFIG_H -DLAPACK_COMPLEX_STRUCTURE -DMW_HAVE_LAPACK_DECLS -DMODEL=evaluateObstacles_mex -arch:AVX2  computeComplError.c /Fobuild\win64\computeComplError.obj
computeComplError.c
[10/109] cl /c /Zc:__cplusplus /Zp8 /GR /W3 /EHs /nologo /MD /D_CRT_SECURE_NO_DEPRECATE /D_SCL_SECURE_NO_DEPRECATE /D_SECURE_SCL=0   /DMATLAB_MEX_FILE  /DMATLAB_MEX_FILE /O2 /Oy- /DNDEBUG /fp:strict /utf-8 /I "." /I "C:\Users\kovac\Desktop\TESI\master_thesis_2025\src\MATLAB_R2024b" /I ".\interface" /I "C:\Program Files\MATLAB\R2024b\extern\include" /I "." -DHAVE_LAPACK_CONFIG_H -DLAPACK_COMPLEX_STRUCTURE -DMW_HAVE_LAPACK_DECLS -DMODEL=evaluateObstacles_mex -arch:AVX2  sumMatrixIncludeNaN.c /Fobuild\win64\sumMatrixIncludeNaN.obj
sumMatrixIncludeNaN.c
[11/109] cl /c /Zc:__cplusplus /Zp8 /GR /W3 /EHs /nologo /MD /D_CRT_SECURE_NO_DEPRECATE /D_SCL_SECURE_NO_DEPRECATE /D_SECURE_SCL=0   /DMATLAB_MEX_FILE  /DMATLAB_MEX_FILE /O2 /Oy- /DNDEBUG /fp:strict /utf-8 /I "." /I "C:\Users\kovac\Desktop\TESI\master_thesis_2025\src\MATLAB_R2024b" /I ".\interface" /I "C:\Program Files\MATLAB\R2024b\extern\include" /I "." -DHAVE_LAPACK_CONFIG_H -DLAPACK_COMPLEX_STRUCTURE -DMW_HAVE_LAPACK_DECLS -DMODEL=evaluateObstacles_mex -arch:AVX2  kron.c /Fobuild\win64\kron.obj
kron.c
[12/109] cl /c /Zc:__cplusplus /Zp8 /GR /W3 /EHs /nologo /MD /D_CRT_SECURE_NO_DEPRECATE /D_SCL_SECURE_NO_DEPRECATE /D_SECURE_SCL=0   /DMATLAB_MEX_FILE  /DMATLAB_MEX_FILE /O2 /Oy- /DNDEBUG /fp:strict /utf-8 /I "." /I "C:\Users\kovac\Desktop\TESI\master_thesis_2025\src\MATLAB_R2024b" /I ".\interface" /I "C:\Program Files\MATLAB\R2024b\extern\include" /I "." -DHAVE_LAPACK_CONFIG_H -DLAPACK_COMPLEX_STRUCTURE -DMW_HAVE_LAPACK_DECLS -DMODEL=evaluateObstacles_mex -arch:AVX2  factoryConstruct.c /Fobuild\win64\factoryConstruct.obj
factoryConstruct.c
[13/109] cl /c /Zc:__cplusplus /Zp8 /GR /W3 /EHs /nologo /MD /D_CRT_SECURE_NO_DEPRECATE /D_SCL_SECURE_NO_DEPRECATE /D_SECURE_SCL=0   /DMATLAB_MEX_FILE  /DMATLAB_MEX_FILE /O2 /Oy- /DNDEBUG /fp:strict /utf-8 /I "." /I "C:\Users\kovac\Desktop\TESI\master_thesis_2025\src\MATLAB_R2024b" /I ".\interface" /I "C:\Program Files\MATLAB\R2024b\extern\include" /I "." -DHAVE_LAPACK_CONFIG_H -DLAPACK_COMPLEX_STRUCTURE -DMW_HAVE_LAPACK_DECLS -DMODEL=evaluateObstacles_mex -arch:AVX2  constraints.c /Fobuild\win64\constraints.obj
constraints.c
[14/109] cl /c /Zc:__cplusplus /Zp8 /GR /W3 /EHs /nologo /MD /D_CRT_SECURE_NO_DEPRECATE /D_SCL_SECURE_NO_DEPRECATE /D_SECURE_SCL=0   /DMATLAB_MEX_FILE  /DMATLAB_MEX_FILE /O2 /Oy- /DNDEBUG /fp:strict /utf-8 /I "." /I "C:\Users\kovac\Desktop\TESI\master_thesis_2025\src\MATLAB_R2024b" /I ".\interface" /I "C:\Program Files\MATLAB\R2024b\extern\include" /I "." -DHAVE_LAPACK_CONFIG_H -DLAPACK_COMPLEX_STRUCTURE -DMW_HAVE_LAPACK_DECLS -DMODEL=evaluateObstacles_mex -arch:AVX2  xnrm2.c /Fobuild\win64\xnrm2.obj
xnrm2.c
[15/109] cl /c /Zc:__cplusplus /Zp8 /GR /W3 /EHs /nologo /MD /D_CRT_SECURE_NO_DEPRECATE /D_SCL_SECURE_NO_DEPRECATE /D_SECURE_SCL=0   /DMATLAB_MEX_FILE  /DMATLAB_MEX_FILE /O2 /Oy- /DNDEBUG /fp:strict /utf-8 /I "." /I "C:\Users\kovac\Desktop\TESI\master_thesis_2025\src\MATLAB_R2024b" /I ".\interface" /I "C:\Program Files\MATLAB\R2024b\extern\include" /I "." -DHAVE_LAPACK_CONFIG_H -DLAPACK_COMPLEX_STRUCTURE -DMW_HAVE_LAPACK_DECLS -DMODEL=evaluateObstacles_mex -arch:AVX2  followerMPCandUpdate.c /Fobuild\win64\followerMPCandUpdate.obj
followerMPCandUpdate.c
[16/109] cl /c /Zc:__cplusplus /Zp8 /GR /W3 /EHs /nologo /MD /D_CRT_SECURE_NO_DEPRECATE /D_SCL_SECURE_NO_DEPRECATE /D_SECURE_SCL=0   /DMATLAB_MEX_FILE  /DMATLAB_MEX_FILE /O2 /Oy- /DNDEBUG /fp:strict /utf-8 /I "." /I "C:\Users\kovac\Desktop\TESI\master_thesis_2025\src\MATLAB_R2024b" /I ".\interface" /I "C:\Program Files\MATLAB\R2024b\extern\include" /I "." -DHAVE_LAPACK_CONFIG_H -DLAPACK_COMPLEX_STRUCTURE -DMW_HAVE_LAPACK_DECLS -DMODEL=evaluateObstacles_mex -arch:AVX2  computeDualFeasError.c /Fobuild\win64\computeDualFeasError.obj
computeDualFeasError.c
[17/109] cl /c /Zc:__cplusplus /Zp8 /GR /W3 /EHs /nologo /MD /D_CRT_SECURE_NO_DEPRECATE /D_SCL_SECURE_NO_DEPRECATE /D_SECURE_SCL=0   /DMATLAB_MEX_FILE  /DMATLAB_MEX_FILE /O2 /Oy- /DNDEBUG /fp:strict /utf-8 /I "." /I "C:\Users\kovac\Desktop\TESI\master_thesis_2025\src\MATLAB_R2024b" /I ".\interface" /I "C:\Program Files\MATLAB\R2024b\extern\include" /I "." -DHAVE_LAPACK_CONFIG_H -DLAPACK_COMPLEX_STRUCTURE -DMW_HAVE_LAPACK_DECLS -DMODEL=evaluateObstacles_mex -arch:AVX2  checkVectorNonFinite.c /Fobuild\win64\checkVectorNonFinite.obj
checkVectorNonFinite.c
[18/109] cl /c /Zc:__cplusplus /Zp8 /GR /W3 /EHs /nologo /MD /D_CRT_SECURE_NO_DEPRECATE /D_SCL_SECURE_NO_DEPRECATE /D_SECURE_SCL=0   /DMATLAB_MEX_FILE  /DMATLAB_MEX_FILE /O2 /Oy- /DNDEBUG /fp:strict /utf-8 /I "." /I "C:\Users\kovac\Desktop\TESI\master_thesis_2025\src\MATLAB_R2024b" /I ".\interface" /I "C:\Program Files\MATLAB\R2024b\extern\include" /I "." -DHAVE_LAPACK_CONFIG_H -DLAPACK_COMPLEX_STRUCTURE -DMW_HAVE_LAPACK_DECLS -DMODEL=evaluateObstacles_mex -arch:AVX2  leaderMPCandUpdate.c /Fobuild\win64\leaderMPCandUpdate.obj
leaderMPCandUpdate.c
[19/109] cl /c /Zc:__cplusplus /Zp8 /GR /W3 /EHs /nologo /MD /D_CRT_SECURE_NO_DEPRECATE /D_SCL_SECURE_NO_DEPRECATE /D_SECURE_SCL=0   /DMATLAB_MEX_FILE  /DMATLAB_MEX_FILE /O2 /Oy- /DNDEBUG /fp:strict /utf-8 /I "." /I "C:\Users\kovac\Desktop\TESI\master_thesis_2025\src\MATLAB_R2024b" /I ".\interface" /I "C:\Program Files\MATLAB\R2024b\extern\include" /I "." -DHAVE_LAPACK_CONFIG_H -DLAPACK_COMPLEX_STRUCTURE -DMW_HAVE_LAPACK_DECLS -DMODEL=evaluateObstacles_mex -arch:AVX2  maxConstraintViolation.c /Fobuild\win64\maxConstraintViolation.obj
maxConstraintViolation.c
[20/109] cl /c /Zc:__cplusplus /Zp8 /GR /W3 /EHs /nologo /MD /D_CRT_SECURE_NO_DEPRECATE /D_SCL_SECURE_NO_DEPRECATE /D_SECURE_SCL=0   /DMATLAB_MEX_FILE  /DMATLAB_MEX_FILE /O2 /Oy- /DNDEBUG /fp:strict /utf-8 /I "." /I "C:\Users\kovac\Desktop\TESI\master_thesis_2025\src\MATLAB_R2024b" /I ".\interface" /I "C:\Program Files\MATLAB\R2024b\extern\include" /I "." -DHAVE_LAPACK_CONFIG_H -DLAPACK_COMPLEX_STRUCTURE -DMW_HAVE_LAPACK_DECLS -DMODEL=evaluateObstacles_mex -arch:AVX2  rt_nonfinite.c /Fobuild\win64\rt_nonfinite.obj
rt_nonfinite.c
[21/109] cl /c /Zc:__cplusplus /Zp8 /GR /W3 /EHs /nologo /MD /D_CRT_SECURE_NO_DEPRECATE /D_SCL_SECURE_NO_DEPRECATE /D_SECURE_SCL=0   /DMATLAB_MEX_FILE  /DMATLAB_MEX_FILE /O2 /Oy- /DNDEBUG /fp:strict /utf-8 /I "." /I "C:\Users\kovac\Desktop\TESI\master_thesis_2025\src\MATLAB_R2024b" /I ".\interface" /I "C:\Program Files\MATLAB\R2024b\extern\include" /I "." -DHAVE_LAPACK_CONFIG_H -DLAPACK_COMPLEX_STRUCTURE -DMW_HAVE_LAPACK_DECLS -DMODEL=evaluateObstacles_mex -arch:AVX2  xasum.c /Fobuild\win64\xasum.obj
xasum.c
[22/109] cl /c /Zc:__cplusplus /Zp8 /GR /W3 /EHs /nologo /MD /D_CRT_SECURE_NO_DEPRECATE /D_SCL_SECURE_NO_DEPRECATE /D_SECURE_SCL=0   /DMATLAB_MEX_FILE  /DMATLAB_MEX_FILE /O2 /Oy- /DNDEBUG /fp:strict /utf-8 /I "." /I "C:\Users\kovac\Desktop\TESI\master_thesis_2025\src\MATLAB_R2024b" /I ".\interface" /I "C:\Program Files\MATLAB\R2024b\extern\include" /I "." -DHAVE_LAPACK_CONFIG_H -DLAPACK_COMPLEX_STRUCTURE -DMW_HAVE_LAPACK_DECLS -DMODEL=evaluateObstacles_mex -arch:AVX2  xdot.c /Fobuild\win64\xdot.obj
xdot.c
[23/109] cl /c /Zc:__cplusplus /Zp8 /GR /W3 /EHs /nologo /MD /D_CRT_SECURE_NO_DEPRECATE /D_SCL_SECURE_NO_DEPRECATE /D_SECURE_SCL=0   /DMATLAB_MEX_FILE  /DMATLAB_MEX_FILE /O2 /Oy- /DNDEBUG /fp:strict /utf-8 /I "." /I "C:\Users\kovac\Desktop\TESI\master_thesis_2025\src\MATLAB_R2024b" /I ".\interface" /I "C:\Program Files\MATLAB\R2024b\extern\include" /I "." -DHAVE_LAPACK_CONFIG_H -DLAPACK_COMPLEX_STRUCTURE -DMW_HAVE_LAPACK_DECLS -DMODEL=evaluateObstacles_mex -arch:AVX2  sum.c /Fobuild\win64\sum.obj
sum.c
[24/109] cl /c /Zc:__cplusplus /Zp8 /GR /W3 /EHs /nologo /MD /D_CRT_SECURE_NO_DEPRECATE /D_SCL_SECURE_NO_DEPRECATE /D_SECURE_SCL=0   /DMATLAB_MEX_FILE  /DMATLAB_MEX_FILE /O2 /Oy- /DNDEBUG /fp:strict /utf-8 /I "." /I "C:\Users\kovac\Desktop\TESI\master_thesis_2025\src\MATLAB_R2024b" /I ".\interface" /I "C:\Program Files\MATLAB\R2024b\extern\include" /I "." -DHAVE_LAPACK_CONFIG_H -DLAPACK_COMPLEX_STRUCTURE -DMW_HAVE_LAPACK_DECLS -DMODEL=evaluateObstacles_mex -arch:AVX2  evaluateObstacles_mex_initialize.c /Fobuild\win64\evaluateObstacles_mex_initialize.obj
evaluateObstacles_mex_initialize.c
[25/109] cl /c /Zc:__cplusplus /Zp8 /GR /W3 /EHs /nologo /MD /D_CRT_SECURE_NO_DEPRECATE /D_SCL_SECURE_NO_DEPRECATE /D_SECURE_SCL=0   /DMATLAB_MEX_FILE  /DMATLAB_MEX_FILE /O2 /Oy- /DNDEBUG /fp:strict /utf-8 /I "." /I "C:\Users\kovac\Desktop\TESI\master_thesis_2025\src\MATLAB_R2024b" /I ".\interface" /I "C:\Program Files\MATLAB\R2024b\extern\include" /I "." -DHAVE_LAPACK_CONFIG_H -DLAPACK_COMPLEX_STRUCTURE -DMW_HAVE_LAPACK_DECLS -DMODEL=evaluateObstacles_mex -arch:AVX2  fwdFinDiffInsideBnds.c /Fobuild\win64\fwdFinDiffInsideBnds.obj
fwdFinDiffInsideBnds.c
[26/109] cl /c /Zc:__cplusplus /Zp8 /GR /W3 /EHs /nologo /MD /D_CRT_SECURE_NO_DEPRECATE /D_SCL_SECURE_NO_DEPRECATE /D_SECURE_SCL=0   /DMATLAB_MEX_FILE  /DMATLAB_MEX_FILE /O2 /Oy- /DNDEBUG /fp:strict /utf-8 /I "." /I "C:\Users\kovac\Desktop\TESI\master_thesis_2025\src\MATLAB_R2024b" /I ".\interface" /I "C:\Program Files\MATLAB\R2024b\extern\include" /I "." -DHAVE_LAPACK_CONFIG_H -DLAPACK_COMPLEX_STRUCTURE -DMW_HAVE_LAPACK_DECLS -DMODEL=evaluateObstacles_mex -arch:AVX2  leaderMPCandUpdateHalt.c /Fobuild\win64\leaderMPCandUpdateHalt.obj
leaderMPCandUpdateHalt.c
[27/109] cl /c /Zc:__cplusplus /Zp8 /GR /W3 /EHs /nologo /MD /D_CRT_SECURE_NO_DEPRECATE /D_SCL_SECURE_NO_DEPRECATE /D_SECURE_SCL=0   /DMATLAB_MEX_FILE  /DMATLAB_MEX_FILE /O2 /Oy- /DNDEBUG /fp:strict /utf-8 /I "." /I "C:\Users\kovac\Desktop\TESI\master_thesis_2025\src\MATLAB_R2024b" /I ".\interface" /I "C:\Program Files\MATLAB\R2024b\extern\include" /I "." -DHAVE_LAPACK_CONFIG_H -DLAPACK_COMPLEX_STRUCTURE -DMW_HAVE_LAPACK_DECLS -DMODEL=evaluateObstacles_mex -arch:AVX2  evaluateObstacles_mex_data.c /Fobuild\win64\evaluateObstacles_mex_data.obj
evaluateObstacles_mex_data.c
[28/109] cl /c /Zc:__cplusplus /Zp8 /GR /W3 /EHs /nologo /MD /D_CRT_SECURE_NO_DEPRECATE /D_SCL_SECURE_NO_DEPRECATE /D_SECURE_SCL=0   /DMATLAB_MEX_FILE  /DMATLAB_MEX_FILE /O2 /Oy- /DNDEBUG /fp:strict /utf-8 /I "." /I "C:\Users\kovac\Desktop\TESI\master_thesis_2025\src\MATLAB_R2024b" /I ".\interface" /I "C:\Program Files\MATLAB\R2024b\extern\include" /I "." -DHAVE_LAPACK_CONFIG_H -DLAPACK_COMPLEX_STRUCTURE -DMW_HAVE_LAPACK_DECLS -DMODEL=evaluateObstacles_mex -arch:AVX2  getObstacleInfo.c /Fobuild\win64\getObstacleInfo.obj
getObstacleInfo.c
[29/109] cl /c /Zc:__cplusplus /Zp8 /GR /W3 /EHs /nologo /MD /D_CRT_SECURE_NO_DEPRECATE /D_SCL_SECURE_NO_DEPRECATE /D_SECURE_SCL=0   /DMATLAB_MEX_FILE  /DMATLAB_MEX_FILE /O2 /Oy- /DNDEBUG /fp:strict /utf-8 /I "." /I "C:\Users\kovac\Desktop\TESI\master_thesis_2025\src\MATLAB_R2024b" /I ".\interface" /I "C:\Program Files\MATLAB\R2024b\extern\include" /I "." -DHAVE_LAPACK_CONFIG_H -DLAPACK_COMPLEX_STRUCTURE -DMW_HAVE_LAPACK_DECLS -DMODEL=evaluateObstacles_mex -arch:AVX2  evaluateObstacles_mex_terminate.c /Fobuild\win64\evaluateObstacles_mex_terminate.obj
evaluateObstacles_mex_terminate.c
[30/109] cl /c /Zc:__cplusplus /Zp8 /GR /W3 /EHs /nologo /MD /D_CRT_SECURE_NO_DEPRECATE /D_SCL_SECURE_NO_DEPRECATE /D_SECURE_SCL=0   /DMATLAB_MEX_FILE  /DMATLAB_MEX_FILE /O2 /Oy- /DNDEBUG /fp:strict /utf-8 /I "." /I "C:\Users\kovac\Desktop\TESI\master_thesis_2025\src\MATLAB_R2024b" /I ".\interface" /I "C:\Program Files\MATLAB\R2024b\extern\include" /I "." -DHAVE_LAPACK_CONFIG_H -DLAPACK_COMPLEX_STRUCTURE -DMW_HAVE_LAPACK_DECLS -DMODEL=evaluateObstacles_mex -arch:AVX2  factoryConstruct3.c /Fobuild\win64\factoryConstruct3.obj
factoryConstruct3.c
[31/109] cl /c /Zc:__cplusplus /Zp8 /GR /W3 /EHs /nologo /MD /D_CRT_SECURE_NO_DEPRECATE /D_SCL_SECURE_NO_DEPRECATE /D_SECURE_SCL=0   /DMATLAB_MEX_FILE  /DMATLAB_MEX_FILE /O2 /Oy- /DNDEBUG /fp:strict /utf-8 /I "." /I "C:\Users\kovac\Desktop\TESI\master_thesis_2025\src\MATLAB_R2024b" /I ".\interface" /I "C:\Program Files\MATLAB\R2024b\extern\include" /I "." -DHAVE_LAPACK_CONFIG_H -DLAPACK_COMPLEX_STRUCTURE -DMW_HAVE_LAPACK_DECLS -DMODEL=evaluateObstacles_mex -arch:AVX2  finDiffEvalAndChkErr.c /Fobuild\win64\finDiffEvalAndChkErr.obj
finDiffEvalAndChkErr.c
[32/109] cl /c /Zc:__cplusplus /Zp8 /GR /W3 /EHs /nologo /MD /D_CRT_SECURE_NO_DEPRECATE /D_SCL_SECURE_NO_DEPRECATE /D_SECURE_SCL=0   /DMATLAB_MEX_FILE  /DMATLAB_MEX_FILE /O2 /Oy- /DNDEBUG /fp:strict /utf-8 /I "." /I "C:\Users\kovac\Desktop\TESI\master_thesis_2025\src\MATLAB_R2024b" /I ".\interface" /I "C:\Program Files\MATLAB\R2024b\extern\include" /I "." -DHAVE_LAPACK_CONFIG_H -DLAPACK_COMPLEX_STRUCTURE -DMW_HAVE_LAPACK_DECLS -DMODEL=evaluateObstacles_mex -arch:AVX2  computePrimalFeasError.c /Fobuild\win64\computePrimalFeasError.obj
computePrimalFeasError.c
[33/109] cl /c /Zc:__cplusplus /Zp8 /GR /W3 /EHs /nologo /MD /D_CRT_SECURE_NO_DEPRECATE /D_SCL_SECURE_NO_DEPRECATE /D_SECURE_SCL=0   /DMATLAB_MEX_FILE  /DMATLAB_MEX_FILE /O2 /Oy- /DNDEBUG /fp:strict /utf-8 /I "." /I "C:\Users\kovac\Desktop\TESI\master_thesis_2025\src\MATLAB_R2024b" /I ".\interface" /I "C:\Program Files\MATLAB\R2024b\extern\include" /I "." -DHAVE_LAPACK_CONFIG_H -DLAPACK_COMPLEX_STRUCTURE -DMW_HAVE_LAPACK_DECLS -DMODEL=evaluateObstacles_mex -arch:AVX2  evaluateObstacles.c /Fobuild\win64\evaluateObstacles.obj
evaluateObstacles.c
[34/109] cl /c /Zc:__cplusplus /Zp8 /GR /W3 /EHs /nologo /MD /D_CRT_SECURE_NO_DEPRECATE /D_SCL_SECURE_NO_DEPRECATE /D_SECURE_SCL=0   /DMATLAB_MEX_FILE  /DMATLAB_MEX_FILE /O2 /Oy- /DNDEBUG /fp:strict /utf-8 /I "." /I "C:\Users\kovac\Desktop\TESI\master_thesis_2025\src\MATLAB_R2024b" /I ".\interface" /I "C:\Program Files\MATLAB\R2024b\extern\include" /I "." -DHAVE_LAPACK_CONFIG_H -DLAPACK_COMPLEX_STRUCTURE -DMW_HAVE_LAPACK_DECLS -DMODEL=evaluateObstacles_mex -arch:AVX2  strcmp.c /Fobuild\win64\strcmp.obj
strcmp.c
[35/109] cl /c /Zc:__cplusplus /Zp8 /GR /W3 /EHs /nologo /MD /D_CRT_SECURE_NO_DEPRECATE /D_SCL_SECURE_NO_DEPRECATE /D_SECURE_SCL=0   /DMATLAB_MEX_FILE  /DMATLAB_MEX_FILE /O2 /Oy- /DNDEBUG /fp:strict /utf-8 /I "." /I "C:\Users\kovac\Desktop\TESI\master_thesis_2025\src\MATLAB_R2024b" /I ".\interface" /I "C:\Program Files\MATLAB\R2024b\extern\include" /I "." -DHAVE_LAPACK_CONFIG_H -DLAPACK_COMPLEX_STRUCTURE -DMW_HAVE_LAPACK_DECLS -DMODEL=evaluateObstacles_mex -arch:AVX2  factorQRE.c /Fobuild\win64\factorQRE.obj
factorQRE.c
[36/109] cl /c /Zc:__cplusplus /Zp8 /GR /W3 /EHs /nologo /MD /D_CRT_SECURE_NO_DEPRECATE /D_SCL_SECURE_NO_DEPRECATE /D_SECURE_SCL=0   /DMATLAB_MEX_FILE  /DMATLAB_MEX_FILE /O2 /Oy- /DNDEBUG /fp:strict /utf-8 /I "." /I "C:\Users\kovac\Desktop\TESI\master_thesis_2025\src\MATLAB_R2024b" /I ".\interface" /I "C:\Program Files\MATLAB\R2024b\extern\include" /I "." -DHAVE_LAPACK_CONFIG_H -DLAPACK_COMPLEX_STRUCTURE -DMW_HAVE_LAPACK_DECLS -DMODEL=evaluateObstacles_mex -arch:AVX2  Rmat.c /Fobuild\win64\Rmat.obj
Rmat.c
[37/109] cl /c /Zc:__cplusplus /Zp8 /GR /W3 /EHs /nologo /MD /D_CRT_SECURE_NO_DEPRECATE /D_SCL_SECURE_NO_DEPRECATE /D_SECURE_SCL=0   /DMATLAB_MEX_FILE  /DMATLAB_MEX_FILE /O2 /Oy- /DNDEBUG /fp:strict /utf-8 /I "." /I "C:\Users\kovac\Desktop\TESI\master_thesis_2025\src\MATLAB_R2024b" /I ".\interface" /I "C:\Program Files\MATLAB\R2024b\extern\include" /I "." -DHAVE_LAPACK_CONFIG_H -DLAPACK_COMPLEX_STRUCTURE -DMW_HAVE_LAPACK_DECLS -DMODEL=evaluateObstacles_mex -arch:AVX2  modifyOverheadPhaseOne_.c /Fobuild\win64\modifyOverheadPhaseOne_.obj
modifyOverheadPhaseOne_.c
[38/109] cl /c /Zc:__cplusplus /Zp8 /GR /W3 /EHs /nologo /MD /D_CRT_SECURE_NO_DEPRECATE /D_SCL_SECURE_NO_DEPRECATE /D_SECURE_SCL=0   /DMATLAB_MEX_FILE  /DMATLAB_MEX_FILE /O2 /Oy- /DNDEBUG /fp:strict /utf-8 /I "." /I "C:\Users\kovac\Desktop\TESI\master_thesis_2025\src\MATLAB_R2024b" /I ".\interface" /I "C:\Program Files\MATLAB\R2024b\extern\include" /I "." -DHAVE_LAPACK_CONFIG_H -DLAPACK_COMPLEX_STRUCTURE -DMW_HAVE_LAPACK_DECLS -DMODEL=evaluateObstacles_mex -arch:AVX2  interface\_coder_evaluateObstacles_mex_mex.c /Fobuild\win64\_coder_evaluateObstacles_mex_mex.obj
_coder_evaluateObstacles_mex_mex.c
[39/109] cl /c /Zc:__cplusplus /Zp8 /GR /W3 /EHs /nologo /MD /D_CRT_SECURE_NO_DEPRECATE /D_SCL_SECURE_NO_DEPRECATE /D_SECURE_SCL=0   /DMATLAB_MEX_FILE  /DMATLAB_MEX_FILE /O2 /Oy- /DNDEBUG /fp:strict /utf-8 /I "." /I "C:\Users\kovac\Desktop\TESI\master_thesis_2025\src\MATLAB_R2024b" /I ".\interface" /I "C:\Program Files\MATLAB\R2024b\extern\include" /I "." -DHAVE_LAPACK_CONFIG_H -DLAPACK_COMPLEX_STRUCTURE -DMW_HAVE_LAPACK_DECLS -DMODEL=evaluateObstacles_mex -arch:AVX2  loadProblem.c /Fobuild\win64\loadProblem.obj
loadProblem.c
[40/109] cl /c /Zc:__cplusplus /Zp8 /GR /W3 /EHs /nologo /MD /D_CRT_SECURE_NO_DEPRECATE /D_SCL_SECURE_NO_DEPRECATE /D_SECURE_SCL=0   /DMATLAB_MEX_FILE  /DMATLAB_MEX_FILE /O2 /Oy- /DNDEBUG /fp:strict /utf-8 /I "." /I "C:\Users\kovac\Desktop\TESI\master_thesis_2025\src\MATLAB_R2024b" /I ".\interface" /I "C:\Program Files\MATLAB\R2024b\extern\include" /I "." -DHAVE_LAPACK_CONFIG_H -DLAPACK_COMPLEX_STRUCTURE -DMW_HAVE_LAPACK_DECLS -DMODEL=evaluateObstacles_mex -arch:AVX2  interface\_coder_evaluateObstacles_mex_api.c /Fobuild\win64\_coder_evaluateObstacles_mex_api.obj
_coder_evaluateObstacles_mex_api.c
[41/109] cl /c /Zc:__cplusplus /Zp8 /GR /W3 /EHs /nologo /MD /D_CRT_SECURE_NO_DEPRECATE /D_SCL_SECURE_NO_DEPRECATE /D_SECURE_SCL=0   /DMATLAB_MEX_FILE  /DMATLAB_MEX_FILE /O2 /Oy- /DNDEBUG /fp:strict /utf-8 /I "." /I "C:\Users\kovac\Desktop\TESI\master_thesis_2025\src\MATLAB_R2024b" /I ".\interface" /I "C:\Program Files\MATLAB\R2024b\extern\include" /I "." -DHAVE_LAPACK_CONFIG_H -DLAPACK_COMPLEX_STRUCTURE -DMW_HAVE_LAPACK_DECLS -DMODEL=evaluateObstacles_mex -arch:AVX2  xcopy.c /Fobuild\win64\xcopy.obj
xcopy.c
[42/109] cl /c /Zc:__cplusplus /Zp8 /GR /W3 /EHs /nologo /MD /D_CRT_SECURE_NO_DEPRECATE /D_SCL_SECURE_NO_DEPRECATE /D_SECURE_SCL=0   /DMATLAB_MEX_FILE  /DMATLAB_MEX_FILE /O2 /Oy- /DNDEBUG /fp:strict /utf-8 /I "." /I "C:\Users\kovac\Desktop\TESI\master_thesis_2025\src\MATLAB_R2024b" /I ".\interface" /I "C:\Program Files\MATLAB\R2024b\extern\include" /I "." -DHAVE_LAPACK_CONFIG_H -DLAPACK_COMPLEX_STRUCTURE -DMW_HAVE_LAPACK_DECLS -DMODEL=evaluateObstacles_mex -arch:AVX2  normal.c /Fobuild\win64\normal.obj
normal.c
[43/109] cl /c /Zc:__cplusplus /Zp8 /GR /W3 /EHs /nologo /MD /D_CRT_SECURE_NO_DEPRECATE /D_SCL_SECURE_NO_DEPRECATE /D_SECURE_SCL=0   /DMATLAB_MEX_FILE  /DMATLAB_MEX_FILE /O2 /Oy- /DNDEBUG /fp:strict /utf-8 /I "." /I "C:\Users\kovac\Desktop\TESI\master_thesis_2025\src\MATLAB_R2024b" /I ".\interface" /I "C:\Program Files\MATLAB\R2024b\extern\include" /I "." -DHAVE_LAPACK_CONFIG_H -DLAPACK_COMPLEX_STRUCTURE -DMW_HAVE_LAPACK_DECLS -DMODEL=evaluateObstacles_mex -arch:AVX2  setProblemType.c /Fobuild\win64\setProblemType.obj
setProblemType.c
[44/109] cl /c /Zc:__cplusplus /Zp8 /GR /W3 /EHs /nologo /MD /D_CRT_SECURE_NO_DEPRECATE /D_SCL_SECURE_NO_DEPRECATE /D_SECURE_SCL=0   /DMATLAB_MEX_FILE  /DMATLAB_MEX_FILE /O2 /Oy- /DNDEBUG /fp:strict /utf-8 /I "." /I "C:\Users\kovac\Desktop\TESI\master_thesis_2025\src\MATLAB_R2024b" /I ".\interface" /I "C:\Program Files\MATLAB\R2024b\extern\include" /I "." -DHAVE_LAPACK_CONFIG_H -DLAPACK_COMPLEX_STRUCTURE -DMW_HAVE_LAPACK_DECLS -DMODEL=evaluateObstacles_mex -arch:AVX2  fmincon.c /Fobuild\win64\fmincon.obj
fmincon.c
[45/109] cl /c /Zc:__cplusplus /Zp8 /GR /W3 /EHs /nologo /MD /D_CRT_SECURE_NO_DEPRECATE /D_SCL_SECURE_NO_DEPRECATE /D_SECURE_SCL=0   /DMATLAB_MEX_FILE  /DMATLAB_MEX_FILE /O2 /Oy- /DNDEBUG /fp:strict /utf-8 /I "." /I "C:\Users\kovac\Desktop\TESI\master_thesis_2025\src\MATLAB_R2024b" /I ".\interface" /I "C:\Program Files\MATLAB\R2024b\extern\include" /I "." -DHAVE_LAPACK_CONFIG_H -DLAPACK_COMPLEX_STRUCTURE -DMW_HAVE_LAPACK_DECLS -DMODEL=evaluateObstacles_mex -arch:AVX2  saveState.c /Fobuild\win64\saveState.obj
saveState.c
[46/109] cl /c /Zc:__cplusplus /Zp8 /GR /W3 /EHs /nologo /MD /D_CRT_SECURE_NO_DEPRECATE /D_SCL_SECURE_NO_DEPRECATE /D_SECURE_SCL=0   /DMATLAB_MEX_FILE  /DMATLAB_MEX_FILE /O2 /Oy- /DNDEBUG /fp:strict /utf-8 /I "." /I "C:\Users\kovac\Desktop\TESI\master_thesis_2025\src\MATLAB_R2024b" /I ".\interface" /I "C:\Program Files\MATLAB\R2024b\extern\include" /I "." -DHAVE_LAPACK_CONFIG_H -DLAPACK_COMPLEX_STRUCTURE -DMW_HAVE_LAPACK_DECLS -DMODEL=evaluateObstacles_mex -arch:AVX2  computeQ_.c /Fobuild\win64\computeQ_.obj
computeQ_.c
[47/109] cl /c /Zc:__cplusplus /Zp8 /GR /W3 /EHs /nologo /MD /D_CRT_SECURE_NO_DEPRECATE /D_SCL_SECURE_NO_DEPRECATE /D_SECURE_SCL=0   /DMATLAB_MEX_FILE  /DMATLAB_MEX_FILE /O2 /Oy- /DNDEBUG /fp:strict /utf-8 /I "." /I "C:\Users\kovac\Desktop\TESI\master_thesis_2025\src\MATLAB_R2024b" /I ".\interface" /I "C:\Program Files\MATLAB\R2024b\extern\include" /I "." -DHAVE_LAPACK_CONFIG_H -DLAPACK_COMPLEX_STRUCTURE -DMW_HAVE_LAPACK_DECLS -DMODEL=evaluateObstacles_mex -arch:AVX2  xtrsm.c /Fobuild\win64\xtrsm.obj
xtrsm.c
[48/109] cl /c /Zc:__cplusplus /Zp8 /GR /W3 /EHs /nologo /MD /D_CRT_SECURE_NO_DEPRECATE /D_SCL_SECURE_NO_DEPRECATE /D_SECURE_SCL=0   /DMATLAB_MEX_FILE  /DMATLAB_MEX_FILE /O2 /Oy- /DNDEBUG /fp:strict /utf-8 /I "." /I "C:\Users\kovac\Desktop\TESI\master_thesis_2025\src\MATLAB_R2024b" /I ".\interface" /I "C:\Program Files\MATLAB\R2024b\extern\include" /I "." -DHAVE_LAPACK_CONFIG_H -DLAPACK_COMPLEX_STRUCTURE -DMW_HAVE_LAPACK_DECLS -DMODEL=evaluateObstacles_mex -arch:AVX2  sortLambdaQP.c /Fobuild\win64\sortLambdaQP.obj
sortLambdaQP.c
[49/109] cl /c /Zc:__cplusplus /Zp8 /GR /W3 /EHs /nologo /MD /D_CRT_SECURE_NO_DEPRECATE /D_SCL_SECURE_NO_DEPRECATE /D_SECURE_SCL=0   /DMATLAB_MEX_FILE  /DMATLAB_MEX_FILE /O2 /Oy- /DNDEBUG /fp:strict /utf-8 /I "." /I "C:\Users\kovac\Desktop\TESI\master_thesis_2025\src\MATLAB_R2024b" /I ".\interface" /I "C:\Program Files\MATLAB\R2024b\extern\include" /I "." -DHAVE_LAPACK_CONFIG_H -DLAPACK_COMPLEX_STRUCTURE -DMW_HAVE_LAPACK_DECLS -DMODEL=evaluateObstacles_mex -arch:AVX2  maxConstraintViolation_AMats_nonregularized_.c /Fobuild\win64\maxConstraintViolation_AMats_nonregularized_.obj
maxConstraintViolation_AMats_nonregularized_.c
[50/109] cl /c /Zc:__cplusplus /Zp8 /GR /W3 /EHs /nologo /MD /D_CRT_SECURE_NO_DEPRECATE /D_SCL_SECURE_NO_DEPRECATE /D_SECURE_SCL=0   /DMATLAB_MEX_FILE  /DMATLAB_MEX_FILE /O2 /Oy- /DNDEBUG /fp:strict /utf-8 /I "." /I "C:\Users\kovac\Desktop\TESI\master_thesis_2025\src\MATLAB_R2024b" /I ".\interface" /I "C:\Program Files\MATLAB\R2024b\extern\include" /I "." -DHAVE_LAPACK_CONFIG_H -DLAPACK_COMPLEX_STRUCTURE -DMW_HAVE_LAPACK_DECLS -DMODEL=evaluateObstacles_mex -arch:AVX2  countsort.c /Fobuild\win64\countsort.obj
countsort.c
[51/109] cl /c /Zc:__cplusplus /Zp8 /GR /W3 /EHs /nologo /MD /D_CRT_SECURE_NO_DEPRECATE /D_SCL_SECURE_NO_DEPRECATE /D_SECURE_SCL=0   /DMATLAB_MEX_FILE  /DMATLAB_MEX_FILE /O2 /Oy- /DNDEBUG /fp:strict /utf-8 /I "." /I "C:\Users\kovac\Desktop\TESI\master_thesis_2025\src\MATLAB_R2024b" /I ".\interface" /I "C:\Program Files\MATLAB\R2024b\extern\include" /I "." -DHAVE_LAPACK_CONFIG_H -DLAPACK_COMPLEX_STRUCTURE -DMW_HAVE_LAPACK_DECLS -DMODEL=evaluateObstacles_mex -arch:AVX2  PresolveWorkingSet.c /Fobuild\win64\PresolveWorkingSet.obj
PresolveWorkingSet.c
[52/109] cl /c /Zc:__cplusplus /Zp8 /GR /W3 /EHs /nologo /MD /D_CRT_SECURE_NO_DEPRECATE /D_SCL_SECURE_NO_DEPRECATE /D_SECURE_SCL=0   /DMATLAB_MEX_FILE  /DMATLAB_MEX_FILE /O2 /Oy- /DNDEBUG /fp:strict /utf-8 /I "." /I "C:\Users\kovac\Desktop\TESI\master_thesis_2025\src\MATLAB_R2024b" /I ".\interface" /I "C:\Program Files\MATLAB\R2024b\extern\include" /I "." -DHAVE_LAPACK_CONFIG_H -DLAPACK_COMPLEX_STRUCTURE -DMW_HAVE_LAPACK_DECLS -DMODEL=evaluateObstacles_mex -arch:AVX2  xgemm.c /Fobuild\win64\xgemm.obj
xgemm.c
[53/109] cl /c /Zc:__cplusplus /Zp8 /GR /W3 /EHs /nologo /MD /D_CRT_SECURE_NO_DEPRECATE /D_SCL_SECURE_NO_DEPRECATE /D_SECURE_SCL=0   /DMATLAB_MEX_FILE  /DMATLAB_MEX_FILE /O2 /Oy- /DNDEBUG /fp:strict /utf-8 /I "." /I "C:\Users\kovac\Desktop\TESI\master_thesis_2025\src\MATLAB_R2024b" /I ".\interface" /I "C:\Program Files\MATLAB\R2024b\extern\include" /I "." -DHAVE_LAPACK_CONFIG_H -DLAPACK_COMPLEX_STRUCTURE -DMW_HAVE_LAPACK_DECLS -DMODEL=evaluateObstacles_mex -arch:AVX2  RemoveDependentIneq_.c /Fobuild\win64\RemoveDependentIneq_.obj
RemoveDependentIneq_.c
[54/109] cl /c /Zc:__cplusplus /Zp8 /GR /W3 /EHs /nologo /MD /D_CRT_SECURE_NO_DEPRECATE /D_SCL_SECURE_NO_DEPRECATE /D_SECURE_SCL=0   /DMATLAB_MEX_FILE  /DMATLAB_MEX_FILE /O2 /Oy- /DNDEBUG /fp:strict /utf-8 /I "." /I "C:\Users\kovac\Desktop\TESI\master_thesis_2025\src\MATLAB_R2024b" /I ".\interface" /I "C:\Program Files\MATLAB\R2024b\extern\include" /I "." -DHAVE_LAPACK_CONFIG_H -DLAPACK_COMPLEX_STRUCTURE -DMW_HAVE_LAPACK_DECLS -DMODEL=evaluateObstacles_mex -arch:AVX2  test_exit.c /Fobuild\win64\test_exit.obj
test_exit.c
[55/109] cl /c /Zc:__cplusplus /Zp8 /GR /W3 /EHs /nologo /MD /D_CRT_SECURE_NO_DEPRECATE /D_SCL_SECURE_NO_DEPRECATE /D_SECURE_SCL=0   /DMATLAB_MEX_FILE  /DMATLAB_MEX_FILE /O2 /Oy- /DNDEBUG /fp:strict /utf-8 /I "." /I "C:\Users\kovac\Desktop\TESI\master_thesis_2025\src\MATLAB_R2024b" /I ".\interface" /I "C:\Program Files\MATLAB\R2024b\extern\include" /I "." -DHAVE_LAPACK_CONFIG_H -DLAPACK_COMPLEX_STRUCTURE -DMW_HAVE_LAPACK_DECLS -DMODEL=evaluateObstacles_mex -arch:AVX2  driver1.c /Fobuild\win64\driver1.obj
driver1.c
[56/109] cl /c /Zc:__cplusplus /Zp8 /GR /W3 /EHs /nologo /MD /D_CRT_SECURE_NO_DEPRECATE /D_SCL_SECURE_NO_DEPRECATE /D_SECURE_SCL=0   /DMATLAB_MEX_FILE  /DMATLAB_MEX_FILE /O2 /Oy- /DNDEBUG /fp:strict /utf-8 /I "." /I "C:\Users\kovac\Desktop\TESI\master_thesis_2025\src\MATLAB_R2024b" /I ".\interface" /I "C:\Program Files\MATLAB\R2024b\extern\include" /I "." -DHAVE_LAPACK_CONFIG_H -DLAPACK_COMPLEX_STRUCTURE -DMW_HAVE_LAPACK_DECLS -DMODEL=evaluateObstacles_mex -arch:AVX2  xgeqp3.c /Fobuild\win64\xgeqp3.obj
xgeqp3.c
[57/109] cl /c /Zc:__cplusplus /Zp8 /GR /W3 /EHs /nologo /MD /D_CRT_SECURE_NO_DEPRECATE /D_SCL_SECURE_NO_DEPRECATE /D_SECURE_SCL=0   /DMATLAB_MEX_FILE  /DMATLAB_MEX_FILE /O2 /Oy- /DNDEBUG /fp:strict /utf-8 /I "." /I "C:\Users\kovac\Desktop\TESI\master_thesis_2025\src\MATLAB_R2024b" /I ".\interface" /I "C:\Program Files\MATLAB\R2024b\extern\include" /I "." -DHAVE_LAPACK_CONFIG_H -DLAPACK_COMPLEX_STRUCTURE -DMW_HAVE_LAPACK_DECLS -DMODEL=evaluateObstacles_mex -arch:AVX2  phaseone.c /Fobuild\win64\phaseone.obj
phaseone.c
[58/109] cl /c /Zc:__cplusplus /Zp8 /GR /W3 /EHs /nologo /MD /D_CRT_SECURE_NO_DEPRECATE /D_SCL_SECURE_NO_DEPRECATE /D_SECURE_SCL=0   /DMATLAB_MEX_FILE  /DMATLAB_MEX_FILE /O2 /Oy- /DNDEBUG /fp:strict /utf-8 /I "." /I "C:\Users\kovac\Desktop\TESI\master_thesis_2025\src\MATLAB_R2024b" /I ".\interface" /I "C:\Program Files\MATLAB\R2024b\extern\include" /I "." -DHAVE_LAPACK_CONFIG_H -DLAPACK_COMPLEX_STRUCTURE -DMW_HAVE_LAPACK_DECLS -DMODEL=evaluateObstacles_mex -arch:AVX2  driver.c /Fobuild\win64\driver.obj
driver.c
[59/109] cl /c /Zc:__cplusplus /Zp8 /GR /W3 /EHs /nologo /MD /D_CRT_SECURE_NO_DEPRECATE /D_SCL_SECURE_NO_DEPRECATE /D_SECURE_SCL=0   /DMATLAB_MEX_FILE  /DMATLAB_MEX_FILE /O2 /Oy- /DNDEBUG /fp:strict /utf-8 /I "." /I "C:\Users\kovac\Desktop\TESI\master_thesis_2025\src\MATLAB_R2024b" /I ".\interface" /I "C:\Program Files\MATLAB\R2024b\extern\include" /I "." -DHAVE_LAPACK_CONFIG_H -DLAPACK_COMPLEX_STRUCTURE -DMW_HAVE_LAPACK_DECLS -DMODEL=evaluateObstacles_mex -arch:AVX2  removeConstr.c /Fobuild\win64\removeConstr.obj
removeConstr.c
[60/109] cl /c /Zc:__cplusplus /Zp8 /GR /W3 /EHs /nologo /MD /D_CRT_SECURE_NO_DEPRECATE /D_SCL_SECURE_NO_DEPRECATE /D_SECURE_SCL=0   /DMATLAB_MEX_FILE  /DMATLAB_MEX_FILE /O2 /Oy- /DNDEBUG /fp:strict /utf-8 /I "." /I "C:\Users\kovac\Desktop\TESI\master_thesis_2025\src\MATLAB_R2024b" /I ".\interface" /I "C:\Program Files\MATLAB\R2024b\extern\include" /I "." -DHAVE_LAPACK_CONFIG_H -DLAPACK_COMPLEX_STRUCTURE -DMW_HAVE_LAPACK_DECLS -DMODEL=evaluateObstacles_mex -arch:AVX2  xgemv.c /Fobuild\win64\xgemv.obj
xgemv.c
[61/109] cl /c /Zc:__cplusplus /Zp8 /GR /W3 /EHs /nologo /MD /D_CRT_SECURE_NO_DEPRECATE /D_SCL_SECURE_NO_DEPRECATE /D_SECURE_SCL=0   /DMATLAB_MEX_FILE  /DMATLAB_MEX_FILE /O2 /Oy- /DNDEBUG /fp:strict /utf-8 /I "." /I "C:\Users\kovac\Desktop\TESI\master_thesis_2025\src\MATLAB_R2024b" /I ".\interface" /I "C:\Program Files\MATLAB\R2024b\extern\include" /I "." -DHAVE_LAPACK_CONFIG_H -DLAPACK_COMPLEX_STRUCTURE -DMW_HAVE_LAPACK_DECLS -DMODEL=evaluateObstacles_mex -arch:AVX2  step.c /Fobuild\win64\step.obj
step.c
[62/109] cl /c /Zc:__cplusplus /Zp8 /GR /W3 /EHs /nologo /MD /D_CRT_SECURE_NO_DEPRECATE /D_SCL_SECURE_NO_DEPRECATE /D_SECURE_SCL=0   /DMATLAB_MEX_FILE  /DMATLAB_MEX_FILE /O2 /Oy- /DNDEBUG /fp:strict /utf-8 /I "." /I "C:\Users\kovac\Desktop\TESI\master_thesis_2025\src\MATLAB_R2024b" /I ".\interface" /I "C:\Program Files\MATLAB\R2024b\extern\include" /I "." -DHAVE_LAPACK_CONFIG_H -DLAPACK_COMPLEX_STRUCTURE -DMW_HAVE_LAPACK_DECLS -DMODEL=evaluateObstacles_mex -arch:AVX2  maxConstraintViolation_AMats_regularized_.c /Fobuild\win64\maxConstraintViolation_AMats_regularized_.obj
maxConstraintViolation_AMats_regularized_.c
[63/109] cl /c /Zc:__cplusplus /Zp8 /GR /W3 /EHs /nologo /MD /D_CRT_SECURE_NO_DEPRECATE /D_SCL_SECURE_NO_DEPRECATE /D_SECURE_SCL=0   /DMATLAB_MEX_FILE  /DMATLAB_MEX_FILE /O2 /Oy- /DNDEBUG /fp:strict /utf-8 /I "." /I "C:\Users\kovac\Desktop\TESI\master_thesis_2025\src\MATLAB_R2024b" /I ".\interface" /I "C:\Program Files\MATLAB\R2024b\extern\include" /I "." -DHAVE_LAPACK_CONFIG_H -DLAPACK_COMPLEX_STRUCTURE -DMW_HAVE_LAPACK_DECLS -DMODEL=evaluateObstacles_mex -arch:AVX2  RemoveDependentEq_.c /Fobuild\win64\RemoveDependentEq_.obj
RemoveDependentEq_.c
[64/109] cl /c /Zc:__cplusplus /Zp8 /GR /W3 /EHs /nologo /MD /D_CRT_SECURE_NO_DEPRECATE /D_SCL_SECURE_NO_DEPRECATE /D_SECURE_SCL=0   /DMATLAB_MEX_FILE  /DMATLAB_MEX_FILE /O2 /Oy- /DNDEBUG /fp:strict /utf-8 /I "." /I "C:\Users\kovac\Desktop\TESI\master_thesis_2025\src\MATLAB_R2024b" /I ".\interface" /I "C:\Program Files\MATLAB\R2024b\extern\include" /I "." -DHAVE_LAPACK_CONFIG_H -DLAPACK_COMPLEX_STRUCTURE -DMW_HAVE_LAPACK_DECLS -DMODEL=evaluateObstacles_mex -arch:AVX2  feasibleX0ForWorkingSet.c /Fobuild\win64\feasibleX0ForWorkingSet.obj
feasibleX0ForWorkingSet.c
[65/109] cl /c /Zc:__cplusplus /Zp8 /GR /W3 /EHs /nologo /MD /D_CRT_SECURE_NO_DEPRECATE /D_SCL_SECURE_NO_DEPRECATE /D_SECURE_SCL=0   /DMATLAB_MEX_FILE  /DMATLAB_MEX_FILE /O2 /Oy- /DNDEBUG /fp:strict /utf-8 /I "." /I "C:\Users\kovac\Desktop\TESI\master_thesis_2025\src\MATLAB_R2024b" /I ".\interface" /I "C:\Program Files\MATLAB\R2024b\extern\include" /I "." -DHAVE_LAPACK_CONFIG_H -DLAPACK_COMPLEX_STRUCTURE -DMW_HAVE_LAPACK_DECLS -DMODEL=evaluateObstacles_mex -arch:AVX2  xaxpy.c /Fobuild\win64\xaxpy.obj
xaxpy.c
[66/109] cl /c /Zc:__cplusplus /Zp8 /GR /W3 /EHs /nologo /MD /D_CRT_SECURE_NO_DEPRECATE /D_SCL_SECURE_NO_DEPRECATE /D_SECURE_SCL=0   /DMATLAB_MEX_FILE  /DMATLAB_MEX_FILE /O2 /Oy- /DNDEBUG /fp:strict /utf-8 /I "." /I "C:\Users\kovac\Desktop\TESI\master_thesis_2025\src\MATLAB_R2024b" /I ".\interface" /I "C:\Program Files\MATLAB\R2024b\extern\include" /I "." -DHAVE_LAPACK_CONFIG_H -DLAPACK_COMPLEX_STRUCTURE -DMW_HAVE_LAPACK_DECLS -DMODEL=evaluateObstacles_mex -arch:AVX2  factor.c /Fobuild\win64\factor.obj
factor.c
[67/109] cl /c /Zc:__cplusplus /Zp8 /GR /W3 /EHs /nologo /MD /D_CRT_SECURE_NO_DEPRECATE /D_SCL_SECURE_NO_DEPRECATE /D_SECURE_SCL=0   /DMATLAB_MEX_FILE  /DMATLAB_MEX_FILE /O2 /Oy- /DNDEBUG /fp:strict /utf-8 /I "." /I "C:\Users\kovac\Desktop\TESI\master_thesis_2025\src\MATLAB_R2024b" /I ".\interface" /I "C:\Program Files\MATLAB\R2024b\extern\include" /I "." -DHAVE_LAPACK_CONFIG_H -DLAPACK_COMPLEX_STRUCTURE -DMW_HAVE_LAPACK_DECLS -DMODEL=evaluateObstacles_mex -arch:AVX2  solve.c /Fobuild\win64\solve.obj
solve.c
[68/109] cl /c /Zc:__cplusplus /Zp8 /GR /W3 /EHs /nologo /MD /D_CRT_SECURE_NO_DEPRECATE /D_SCL_SECURE_NO_DEPRECATE /D_SECURE_SCL=0   /DMATLAB_MEX_FILE  /DMATLAB_MEX_FILE /O2 /Oy- /DNDEBUG /fp:strict /utf-8 /I "." /I "C:\Users\kovac\Desktop\TESI\master_thesis_2025\src\MATLAB_R2024b" /I ".\interface" /I "C:\Program Files\MATLAB\R2024b\extern\include" /I "." -DHAVE_LAPACK_CONFIG_H -DLAPACK_COMPLEX_STRUCTURE -DMW_HAVE_LAPACK_DECLS -DMODEL=evaluateObstacles_mex -arch:AVX2  compute_lambda.c /Fobuild\win64\compute_lambda.obj
compute_lambda.c
[69/109] cl /c /Zc:__cplusplus /Zp8 /GR /W3 /EHs /nologo /MD /D_CRT_SECURE_NO_DEPRECATE /D_SCL_SECURE_NO_DEPRECATE /D_SECURE_SCL=0   /DMATLAB_MEX_FILE  /DMATLAB_MEX_FILE /O2 /Oy- /DNDEBUG /fp:strict /utf-8 /I "." /I "C:\Users\kovac\Desktop\TESI\master_thesis_2025\src\MATLAB_R2024b" /I ".\interface" /I "C:\Program Files\MATLAB\R2024b\extern\include" /I "." -DHAVE_LAPACK_CONFIG_H -DLAPACK_COMPLEX_STRUCTURE -DMW_HAVE_LAPACK_DECLS -DMODEL=evaluateObstacles_mex -arch:AVX2  iterate.c /Fobuild\win64\iterate.obj
iterate.c
[70/109] cl /c /Zc:__cplusplus /Zp8 /GR /W3 /EHs /nologo /MD /D_CRT_SECURE_NO_DEPRECATE /D_SCL_SECURE_NO_DEPRECATE /D_SECURE_SCL=0   /DMATLAB_MEX_FILE  /DMATLAB_MEX_FILE /O2 /Oy- /DNDEBUG /fp:strict /utf-8 /I "." /I "C:\Users\kovac\Desktop\TESI\master_thesis_2025\src\MATLAB_R2024b" /I ".\interface" /I "C:\Program Files\MATLAB\R2024b\extern\include" /I "." -DHAVE_LAPACK_CONFIG_H -DLAPACK_COMPLEX_STRUCTURE -DMW_HAVE_LAPACK_DECLS -DMODEL=evaluateObstacles_mex -arch:AVX2  addBoundToActiveSetMatrix_.c /Fobuild\win64\addBoundToActiveSetMatrix_.obj
addBoundToActiveSetMatrix_.c
[71/109] cl /c /Zc:__cplusplus /Zp8 /GR /W3 /EHs /nologo /MD /D_CRT_SECURE_NO_DEPRECATE /D_SCL_SECURE_NO_DEPRECATE /D_SECURE_SCL=0   /DMATLAB_MEX_FILE  /DMATLAB_MEX_FILE /O2 /Oy- /DNDEBUG /fp:strict /utf-8 /I "." /I "C:\Users\kovac\Desktop\TESI\master_thesis_2025\src\MATLAB_R2024b" /I ".\interface" /I "C:\Program Files\MATLAB\R2024b\extern\include" /I "." -DHAVE_LAPACK_CONFIG_H -DLAPACK_COMPLEX_STRUCTURE -DMW_HAVE_LAPACK_DECLS -DMODEL=evaluateObstacles_mex -arch:AVX2  computeGrad_StoreHx.c /Fobuild\win64\computeGrad_StoreHx.obj
computeGrad_StoreHx.c
[72/109] cl /c /Zc:__cplusplus /Zp8 /GR /W3 /EHs /nologo /MD /D_CRT_SECURE_NO_DEPRECATE /D_SCL_SECURE_NO_DEPRECATE /D_SECURE_SCL=0   /DMATLAB_MEX_FILE  /DMATLAB_MEX_FILE /O2 /Oy- /DNDEBUG /fp:strict /utf-8 /I "." /I "C:\Users\kovac\Desktop\TESI\master_thesis_2025\src\MATLAB_R2024b" /I ".\interface" /I "C:\Program Files\MATLAB\R2024b\extern\include" /I "." -DHAVE_LAPACK_CONFIG_H -DLAPACK_COMPLEX_STRUCTURE -DMW_HAVE_LAPACK_DECLS -DMODEL=evaluateObstacles_mex -arch:AVX2  factorQR.c /Fobuild\win64\factorQR.obj
factorQR.c
[73/109] cl /c /Zc:__cplusplus /Zp8 /GR /W3 /EHs /nologo /MD /D_CRT_SECURE_NO_DEPRECATE /D_SCL_SECURE_NO_DEPRECATE /D_SECURE_SCL=0   /DMATLAB_MEX_FILE  /DMATLAB_MEX_FILE /O2 /Oy- /DNDEBUG /fp:strict /utf-8 /I "." /I "C:\Users\kovac\Desktop\TESI\master_thesis_2025\src\MATLAB_R2024b" /I ".\interface" /I "C:\Program Files\MATLAB\R2024b\extern\include" /I "." -DHAVE_LAPACK_CONFIG_H -DLAPACK_COMPLEX_STRUCTURE -DMW_HAVE_LAPACK_DECLS -DMODEL=evaluateObstacles_mex -arch:AVX2  squareQ_appendCol.c /Fobuild\win64\squareQ_appendCol.obj
squareQ_appendCol.c
[74/109] cl /c /Zc:__cplusplus /Zp8 /GR /W3 /EHs /nologo /MD /D_CRT_SECURE_NO_DEPRECATE /D_SCL_SECURE_NO_DEPRECATE /D_SECURE_SCL=0   /DMATLAB_MEX_FILE  /DMATLAB_MEX_FILE /O2 /Oy- /DNDEBUG /fp:strict /utf-8 /I "." /I "C:\Users\kovac\Desktop\TESI\master_thesis_2025\src\MATLAB_R2024b" /I ".\interface" /I "C:\Program Files\MATLAB\R2024b\extern\include" /I "." -DHAVE_LAPACK_CONFIG_H -DLAPACK_COMPLEX_STRUCTURE -DMW_HAVE_LAPACK_DECLS -DMODEL=evaluateObstacles_mex -arch:AVX2  computeFval_ReuseHx.c /Fobuild\win64\computeFval_ReuseHx.obj
computeFval_ReuseHx.c
[75/109] cl /c /Zc:__cplusplus /Zp8 /GR /W3 /EHs /nologo /MD /D_CRT_SECURE_NO_DEPRECATE /D_SCL_SECURE_NO_DEPRECATE /D_SECURE_SCL=0   /DMATLAB_MEX_FILE  /DMATLAB_MEX_FILE /O2 /Oy- /DNDEBUG /fp:strict /utf-8 /I "." /I "C:\Users\kovac\Desktop\TESI\master_thesis_2025\src\MATLAB_R2024b" /I ".\interface" /I "C:\Program Files\MATLAB\R2024b\extern\include" /I "." -DHAVE_LAPACK_CONFIG_H -DLAPACK_COMPLEX_STRUCTURE -DMW_HAVE_LAPACK_DECLS -DMODEL=evaluateObstacles_mex -arch:AVX2  deleteColMoveEnd.c /Fobuild\win64\deleteColMoveEnd.obj
deleteColMoveEnd.c
[76/109] cl /c /Zc:__cplusplus /Zp8 /GR /W3 /EHs /nologo /MD /D_CRT_SECURE_NO_DEPRECATE /D_SCL_SECURE_NO_DEPRECATE /D_SECURE_SCL=0   /DMATLAB_MEX_FILE  /DMATLAB_MEX_FILE /O2 /Oy- /DNDEBUG /fp:strict /utf-8 /I "." /I "C:\Users\kovac\Desktop\TESI\master_thesis_2025\src\MATLAB_R2024b" /I ".\interface" /I "C:\Program Files\MATLAB\R2024b\extern\include" /I "." -DHAVE_LAPACK_CONFIG_H -DLAPACK_COMPLEX_STRUCTURE -DMW_HAVE_LAPACK_DECLS -DMODEL=evaluateObstacles_mex -arch:AVX2  updatePenaltyParam.c /Fobuild\win64\updatePenaltyParam.obj
updatePenaltyParam.c
[77/109] cl /c /Zc:__cplusplus /Zp8 /GR /W3 /EHs /nologo /MD /D_CRT_SECURE_NO_DEPRECATE /D_SCL_SECURE_NO_DEPRECATE /D_SECURE_SCL=0   /DMATLAB_MEX_FILE  /DMATLAB_MEX_FILE /O2 /Oy- /DNDEBUG /fp:strict /utf-8 /I "." /I "C:\Users\kovac\Desktop\TESI\master_thesis_2025\src\MATLAB_R2024b" /I ".\interface" /I "C:\Program Files\MATLAB\R2024b\extern\include" /I "." -DHAVE_LAPACK_CONFIG_H -DLAPACK_COMPLEX_STRUCTURE -DMW_HAVE_LAPACK_DECLS -DMODEL=evaluateObstacles_mex -arch:AVX2  BFGSUpdate.c /Fobuild\win64\BFGSUpdate.obj
BFGSUpdate.c
[78/109] cl /c /Zc:__cplusplus /Zp8 /GR /W3 /EHs /nologo /MD /D_CRT_SECURE_NO_DEPRECATE /D_SCL_SECURE_NO_DEPRECATE /D_SECURE_SCL=0   /DMATLAB_MEX_FILE  /DMATLAB_MEX_FILE /O2 /Oy- /DNDEBUG /fp:strict /utf-8 /I "." /I "C:\Users\kovac\Desktop\TESI\master_thesis_2025\src\MATLAB_R2024b" /I ".\interface" /I "C:\Program Files\MATLAB\R2024b\extern\include" /I "." -DHAVE_LAPACK_CONFIG_H -DLAPACK_COMPLEX_STRUCTURE -DMW_HAVE_LAPACK_DECLS -DMODEL=evaluateObstacles_mex -arch:AVX2  relaxed.c /Fobuild\win64\relaxed.obj
relaxed.c
[79/109] cl /c /Zc:__cplusplus /Zp8 /GR /W3 /EHs /nologo /MD /D_CRT_SECURE_NO_DEPRECATE /D_SCL_SECURE_NO_DEPRECATE /D_SECURE_SCL=0   /DMATLAB_MEX_FILE  /DMATLAB_MEX_FILE /O2 /Oy- /DNDEBUG /fp:strict /utf-8 /I "." /I "C:\Users\kovac\Desktop\TESI\master_thesis_2025\src\MATLAB_R2024b" /I ".\interface" /I "C:\Program Files\MATLAB\R2024b\extern\include" /I "." -DHAVE_LAPACK_CONFIG_H -DLAPACK_COMPLEX_STRUCTURE -DMW_HAVE_LAPACK_DECLS -DMODEL=evaluateObstacles_mex -arch:AVX2  assignResidualsToXSlack.c /Fobuild\win64\assignResidualsToXSlack.obj
assignResidualsToXSlack.c
[80/109] cl /c /Zc:__cplusplus /Zp8 /GR /W3 /EHs /nologo /MD /D_CRT_SECURE_NO_DEPRECATE /D_SCL_SECURE_NO_DEPRECATE /D_SECURE_SCL=0   /DMATLAB_MEX_FILE  /DMATLAB_MEX_FILE /O2 /Oy- /DNDEBUG /fp:strict /utf-8 /I "." /I "C:\Users\kovac\Desktop\TESI\master_thesis_2025\src\MATLAB_R2024b" /I ".\interface" /I "C:\Program Files\MATLAB\R2024b\extern\include" /I "." -DHAVE_LAPACK_CONFIG_H -DLAPACK_COMPLEX_STRUCTURE -DMW_HAVE_LAPACK_DECLS -DMODEL=evaluateObstacles_mex -arch:AVX2  revertSolution.c /Fobuild\win64\revertSolution.obj
revertSolution.c
[81/109] cl /c /Zc:__cplusplus /Zp8 /GR /W3 /EHs /nologo /MD /D_CRT_SECURE_NO_DEPRECATE /D_SCL_SECURE_NO_DEPRECATE /D_SECURE_SCL=0   /DMATLAB_MEX_FILE  /DMATLAB_MEX_FILE /O2 /Oy- /DNDEBUG /fp:strict /utf-8 /I "." /I "C:\Users\kovac\Desktop\TESI\master_thesis_2025\src\MATLAB_R2024b" /I ".\interface" /I "C:\Program Files\MATLAB\R2024b\extern\include" /I "." -DHAVE_LAPACK_CONFIG_H -DLAPACK_COMPLEX_STRUCTURE -DMW_HAVE_LAPACK_DECLS -DMODEL=evaluateObstacles_mex -arch:AVX2  linesearch.c /Fobuild\win64\linesearch.obj
linesearch.c
[82/109] cl /c /Zc:__cplusplus /Zp8 /GR /W3 /EHs /nologo /MD /D_CRT_SECURE_NO_DEPRECATE /D_SCL_SECURE_NO_DEPRECATE /D_SECURE_SCL=0   /DMATLAB_MEX_FILE  /DMATLAB_MEX_FILE /O2 /Oy- /DNDEBUG /fp:strict /utf-8 /I "." /I "C:\Users\kovac\Desktop\TESI\master_thesis_2025\src\MATLAB_R2024b" /I ".\interface" /I "C:\Program Files\MATLAB\R2024b\extern\include" /I "." -DHAVE_LAPACK_CONFIG_H -DLAPACK_COMPLEX_STRUCTURE -DMW_HAVE_LAPACK_DECLS -DMODEL=evaluateObstacles_mex -arch:AVX2  linearForm_.c /Fobuild\win64\linearForm_.obj
linearForm_.c
[83/109] cl /c /Zc:__cplusplus /Zp8 /GR /W3 /EHs /nologo /MD /D_CRT_SECURE_NO_DEPRECATE /D_SCL_SECURE_NO_DEPRECATE /D_SECURE_SCL=0   /DMATLAB_MEX_FILE  /DMATLAB_MEX_FILE /O2 /Oy- /DNDEBUG /fp:strict /utf-8 /I "." /I "C:\Users\kovac\Desktop\TESI\master_thesis_2025\src\MATLAB_R2024b" /I ".\interface" /I "C:\Program Files\MATLAB\R2024b\extern\include" /I "." -DHAVE_LAPACK_CONFIG_H -DLAPACK_COMPLEX_STRUCTURE -DMW_HAVE_LAPACK_DECLS -DMODEL=evaluateObstacles_mex -arch:AVX2  checkUnboundedOrIllPosed.c /Fobuild\win64\checkUnboundedOrIllPosed.obj
checkUnboundedOrIllPosed.c
[84/109] cl /c /Zc:__cplusplus /Zp8 /GR /W3 /EHs /nologo /MD /D_CRT_SECURE_NO_DEPRECATE /D_SCL_SECURE_NO_DEPRECATE /D_SECURE_SCL=0   /DMATLAB_MEX_FILE  /DMATLAB_MEX_FILE /O2 /Oy- /DNDEBUG /fp:strict /utf-8 /I "." /I "C:\Users\kovac\Desktop\TESI\master_thesis_2025\src\MATLAB_R2024b" /I ".\interface" /I "C:\Program Files\MATLAB\R2024b\extern\include" /I "." -DHAVE_LAPACK_CONFIG_H -DLAPACK_COMPLEX_STRUCTURE -DMW_HAVE_LAPACK_DECLS -DMODEL=evaluateObstacles_mex -arch:AVX2  soc.c /Fobuild\win64\soc.obj
soc.c
[85/109] cl /c /Zc:__cplusplus /Zp8 /GR /W3 /EHs /nologo /MD /D_CRT_SECURE_NO_DEPRECATE /D_SCL_SECURE_NO_DEPRECATE /D_SECURE_SCL=0   /DMATLAB_MEX_FILE  /DMATLAB_MEX_FILE /O2 /Oy- /DNDEBUG /fp:strict /utf-8 /I "." /I "C:\Users\kovac\Desktop\TESI\master_thesis_2025\src\MATLAB_R2024b" /I ".\interface" /I "C:\Program Files\MATLAB\R2024b\extern\include" /I "." -DHAVE_LAPACK_CONFIG_H -DLAPACK_COMPLEX_STRUCTURE -DMW_HAVE_LAPACK_DECLS -DMODEL=evaluateObstacles_mex -arch:AVX2  computeFval.c /Fobuild\win64\computeFval.obj
computeFval.c
[86/109] cl /c /Zc:__cplusplus /Zp8 /GR /W3 /EHs /nologo /MD /D_CRT_SECURE_NO_DEPRECATE /D_SCL_SECURE_NO_DEPRECATE /D_SECURE_SCL=0   /DMATLAB_MEX_FILE  /DMATLAB_MEX_FILE /O2 /Oy- /DNDEBUG /fp:strict /utf-8 /I "." /I "C:\Users\kovac\Desktop\TESI\master_thesis_2025\src\MATLAB_R2024b" /I ".\interface" /I "C:\Program Files\MATLAB\R2024b\extern\include" /I "." -DHAVE_LAPACK_CONFIG_H -DLAPACK_COMPLEX_STRUCTURE -DMW_HAVE_LAPACK_DECLS -DMODEL=evaluateObstacles_mex -arch:AVX2  compute_deltax.c /Fobuild\win64\compute_deltax.obj
compute_deltax.c
[87/109] cl /c /Zc:__cplusplus /Zp8 /GR /W3 /EHs /nologo /MD /D_CRT_SECURE_NO_DEPRECATE /D_SCL_SECURE_NO_DEPRECATE /D_SECURE_SCL=0   /DMATLAB_MEX_FILE  /DMATLAB_MEX_FILE /O2 /Oy- /DNDEBUG /fp:strict /utf-8 /I "." /I "C:\Users\kovac\Desktop\TESI\master_thesis_2025\src\MATLAB_R2024b" /I ".\interface" /I "C:\Program Files\MATLAB\R2024b\extern\include" /I "." -DHAVE_LAPACK_CONFIG_H -DLAPACK_COMPLEX_STRUCTURE -DMW_HAVE_LAPACK_DECLS -DMODEL=evaluateObstacles_mex -arch:AVX2  compressBounds.c /Fobuild\win64\compressBounds.obj
compressBounds.c
[88/109] cl /c /Zc:__cplusplus /Zp8 /GR /W3 /EHs /nologo /MD /D_CRT_SECURE_NO_DEPRECATE /D_SCL_SECURE_NO_DEPRECATE /D_SECURE_SCL=0   /DMATLAB_MEX_FILE  /DMATLAB_MEX_FILE /O2 /Oy- /DNDEBUG /fp:strict /utf-8 /I "." /I "C:\Users\kovac\Desktop\TESI\master_thesis_2025\src\MATLAB_R2024b" /I ".\interface" /I "C:\Program Files\MATLAB\R2024b\extern\include" /I "." -DHAVE_LAPACK_CONFIG_H -DLAPACK_COMPLEX_STRUCTURE -DMW_HAVE_LAPACK_DECLS -DMODEL=evaluateObstacles_mex -arch:AVX2  checkStoppingAndUpdateFval.c /Fobuild\win64\checkStoppingAndUpdateFval.obj
checkStoppingAndUpdateFval.c
[89/109] cl /c /Zc:__cplusplus /Zp8 /GR /W3 /EHs /nologo /MD /D_CRT_SECURE_NO_DEPRECATE /D_SCL_SECURE_NO_DEPRECATE /D_SECURE_SCL=0   /DMATLAB_MEX_FILE  /DMATLAB_MEX_FILE /O2 /Oy- /DNDEBUG /fp:strict /utf-8 /I "." /I "C:\Users\kovac\Desktop\TESI\master_thesis_2025\src\MATLAB_R2024b" /I ".\interface" /I "C:\Program Files\MATLAB\R2024b\extern\include" /I "." -DHAVE_LAPACK_CONFIG_H -DLAPACK_COMPLEX_STRUCTURE -DMW_HAVE_LAPACK_DECLS -DMODEL=evaluateObstacles_mex -arch:AVX2  updateWorkingSet.c /Fobuild\win64\updateWorkingSet.obj
updateWorkingSet.c
[90/109] cl /c /Zc:__cplusplus /Zp8 /GR /W3 /EHs /nologo /MD /D_CRT_SECURE_NO_DEPRECATE /D_SCL_SECURE_NO_DEPRECATE /D_SECURE_SCL=0   /DMATLAB_MEX_FILE  /DMATLAB_MEX_FILE /O2 /Oy- /DNDEBUG /fp:strict /utf-8 /I "." /I "C:\Users\kovac\Desktop\TESI\master_thesis_2025\src\MATLAB_R2024b" /I ".\interface" /I "C:\Program Files\MATLAB\R2024b\extern\include" /I "." -DHAVE_LAPACK_CONFIG_H -DLAPACK_COMPLEX_STRUCTURE -DMW_HAVE_LAPACK_DECLS -DMODEL=evaluateObstacles_mex -arch:AVX2  computeFiniteDifferences.c /Fobuild\win64\computeFiniteDifferences.obj
computeFiniteDifferences.c
[91/109] cl /c /Zc:__cplusplus /Zp8 /GR /W3 /EHs /nologo /MD /D_CRT_SECURE_NO_DEPRECATE /D_SCL_SECURE_NO_DEPRECATE /D_SECURE_SCL=0   /DMATLAB_MEX_FILE  /DMATLAB_MEX_FILE /O2 /Oy- /DNDEBUG /fp:strict /utf-8 /I "." /I "C:\Users\kovac\Desktop\TESI\master_thesis_2025\src\MATLAB_R2024b" /I ".\interface" /I "C:\Program Files\MATLAB\R2024b\extern\include" /I "." -DHAVE_LAPACK_CONFIG_H -DLAPACK_COMPLEX_STRUCTURE -DMW_HAVE_LAPACK_DECLS -DMODEL=evaluateObstacles_mex -arch:AVX2  computeLinearResiduals.c /Fobuild\win64\computeLinearResiduals.obj
computeLinearResiduals.c
[92/109] cl /c /Zc:__cplusplus /Zp8 /GR /W3 /EHs /nologo /MD /D_CRT_SECURE_NO_DEPRECATE /D_SCL_SECURE_NO_DEPRECATE /D_SECURE_SCL=0   /DMATLAB_MEX_FILE  /DMATLAB_MEX_FILE /O2 /Oy- /DNDEBUG /fp:strict /utf-8 /I "." /I "C:\Users\kovac\Desktop\TESI\master_thesis_2025\src\MATLAB_R2024b" /I ".\interface" /I "C:\Program Files\MATLAB\R2024b\extern\include" /I "." -DHAVE_LAPACK_CONFIG_H -DLAPACK_COMPLEX_STRUCTURE -DMW_HAVE_LAPACK_DECLS -DMODEL=evaluateObstacles_mex -arch:AVX2  saveJacobian.c /Fobuild\win64\saveJacobian.obj
saveJacobian.c
[93/109] cl /c /Zc:__cplusplus /Zp8 /GR /W3 /EHs /nologo /MD /D_CRT_SECURE_NO_DEPRECATE /D_SCL_SECURE_NO_DEPRECATE /D_SECURE_SCL=0   /DMATLAB_MEX_FILE  /DMATLAB_MEX_FILE /O2 /Oy- /DNDEBUG /fp:strict /utf-8 /I "." /I "C:\Users\kovac\Desktop\TESI\master_thesis_2025\src\MATLAB_R2024b" /I ".\interface" /I "C:\Program Files\MATLAB\R2024b\extern\include" /I "." -DHAVE_LAPACK_CONFIG_H -DLAPACK_COMPLEX_STRUCTURE -DMW_HAVE_LAPACK_DECLS -DMODEL=evaluateObstacles_mex -arch:AVX2  hasFiniteBounds.c /Fobuild\win64\hasFiniteBounds.obj
hasFiniteBounds.c
[94/109] cl /c /Zc:__cplusplus /Zp8 /GR /W3 /EHs /nologo /MD /D_CRT_SECURE_NO_DEPRECATE /D_SCL_SECURE_NO_DEPRECATE /D_SECURE_SCL=0   /DMATLAB_MEX_FILE  /DMATLAB_MEX_FILE /O2 /Oy- /DNDEBUG /fp:strict /utf-8 /I "." /I "C:\Users\kovac\Desktop\TESI\master_thesis_2025\src\MATLAB_R2024b" /I ".\interface" /I "C:\Program Files\MATLAB\R2024b\extern\include" /I "." -DHAVE_LAPACK_CONFIG_H -DLAPACK_COMPLEX_STRUCTURE -DMW_HAVE_LAPACK_DECLS -DMODEL=evaluateObstacles_mex -arch:AVX2  computeGradLag.c /Fobuild\win64\computeGradLag.obj
computeGradLag.c
[95/109] cl /c /Zc:__cplusplus /Zp8 /GR /W3 /EHs /nologo /MD /D_CRT_SECURE_NO_DEPRECATE /D_SCL_SECURE_NO_DEPRECATE /D_SECURE_SCL=0   /DMATLAB_MEX_FILE  /DMATLAB_MEX_FILE /O2 /Oy- /DNDEBUG /fp:strict /utf-8 /I "." /I "C:\Users\kovac\Desktop\TESI\master_thesis_2025\src\MATLAB_R2024b" /I ".\interface" /I "C:\Program Files\MATLAB\R2024b\extern\include" /I "." -DHAVE_LAPACK_CONFIG_H -DLAPACK_COMPLEX_STRUCTURE -DMW_HAVE_LAPACK_DECLS -DMODEL=evaluateObstacles_mex -arch:AVX2  computeDeltaLag.c /Fobuild\win64\computeDeltaLag.obj
computeDeltaLag.c
[96/109] cl /c /Zc:__cplusplus /Zp8 /GR /W3 /EHs /nologo /MD /D_CRT_SECURE_NO_DEPRECATE /D_SCL_SECURE_NO_DEPRECATE /D_SECURE_SCL=0   /DMATLAB_MEX_FILE  /DMATLAB_MEX_FILE /O2 /Oy- /DNDEBUG /fp:strict /utf-8 /I "." /I "C:\Users\kovac\Desktop\TESI\master_thesis_2025\src\MATLAB_R2024b" /I ".\interface" /I "C:\Program Files\MATLAB\R2024b\extern\include" /I "." -DHAVE_LAPACK_CONFIG_H -DLAPACK_COMPLEX_STRUCTURE -DMW_HAVE_LAPACK_DECLS -DMODEL=evaluateObstacles_mex -arch:AVX2  initActiveSet.c /Fobuild\win64\initActiveSet.obj
initActiveSet.c
[97/109] cl /c /Zc:__cplusplus /Zp8 /GR /W3 /EHs /nologo /MD /D_CRT_SECURE_NO_DEPRECATE /D_SCL_SECURE_NO_DEPRECATE /D_SECURE_SCL=0   /DMATLAB_MEX_FILE  /DMATLAB_MEX_FILE /O2 /Oy- /DNDEBUG /fp:strict /utf-8 /I "." /I "C:\Users\kovac\Desktop\TESI\master_thesis_2025\src\MATLAB_R2024b" /I ".\interface" /I "C:\Program Files\MATLAB\R2024b\extern\include" /I "." -DHAVE_LAPACK_CONFIG_H -DLAPACK_COMPLEX_STRUCTURE -DMW_HAVE_LAPACK_DECLS -DMODEL=evaluateObstacles_mex -arch:AVX2  computeForwardDifferences.c /Fobuild\win64\computeForwardDifferences.obj
computeForwardDifferences.c
[98/109] cl /c /Zc:__cplusplus /Zp8 /GR /W3 /EHs /nologo /MD /D_CRT_SECURE_NO_DEPRECATE /D_SCL_SECURE_NO_DEPRECATE /D_SECURE_SCL=0   /DMATLAB_MEX_FILE  /DMATLAB_MEX_FILE /O2 /Oy- /DNDEBUG /fp:strict /utf-8 /I "." /I "C:\Users\kovac\Desktop\TESI\master_thesis_2025\src\MATLAB_R2024b" /I ".\interface" /I "C:\Program Files\MATLAB\R2024b\extern\include" /I "." -DHAVE_LAPACK_CONFIG_H -DLAPACK_COMPLEX_STRUCTURE -DMW_HAVE_LAPACK_DECLS -DMODEL=evaluateObstacles_mex -arch:AVX2  feasibleratiotest.c /Fobuild\win64\feasibleratiotest.obj
feasibleratiotest.c
[99/109] cl /c /Zc:__cplusplus /Zp8 /GR /W3 /EHs /nologo /MD /D_CRT_SECURE_NO_DEPRECATE /D_SCL_SECURE_NO_DEPRECATE /D_SECURE_SCL=0   /DMATLAB_MEX_FILE  /DMATLAB_MEX_FILE /O2 /Oy- /DNDEBUG /fp:strict /utf-8 /I "." /I "C:\Users\kovac\Desktop\TESI\master_thesis_2025\src\MATLAB_R2024b" /I ".\interface" /I "C:\Program Files\MATLAB\R2024b\extern\include" /I "." -DHAVE_LAPACK_CONFIG_H -DLAPACK_COMPLEX_STRUCTURE -DMW_HAVE_LAPACK_DECLS -DMODEL=evaluateObstacles_mex -arch:AVX2  interface\_coder_evaluateObstacles_mex_info.c /Fobuild\win64\_coder_evaluateObstacles_mex_info.obj
_coder_evaluateObstacles_mex_info.c
[100/109] cl /c /Zc:__cplusplus /Zp8 /GR /W3 /EHs /nologo /MD /D_CRT_SECURE_NO_DEPRECATE /D_SCL_SECURE_NO_DEPRECATE /D_SECURE_SCL=0   /DMATLAB_MEX_FILE  /DMATLAB_MEX_FILE /O2 /Oy- /DNDEBUG /fp:strict /utf-8 /I "." /I "C:\Users\kovac\Desktop\TESI\master_thesis_2025\src\MATLAB_R2024b" /I ".\interface" /I "C:\Program Files\MATLAB\R2024b\extern\include" /I "." -DHAVE_LAPACK_CONFIG_H -DLAPACK_COMPLEX_STRUCTURE -DMW_HAVE_LAPACK_DECLS -DMODEL=evaluateObstacles_mex -arch:AVX2  "C:\Program Files\MATLAB\R2024b\extern\version\c_mexapi_version.c" /Fobuild\win64\c_mexapi_version.obj
c_mexapi_version.c
[101/109] cl /c /Zc:__cplusplus /Zp8 /GR /W3 /EHs /nologo /MD /D_CRT_SECURE_NO_DEPRECATE /D_SCL_SECURE_NO_DEPRECATE /D_SECURE_SCL=0   /DMATLAB_MEX_FILE  /DMATLAB_MEX_FILE /O2 /Oy- /DNDEBUG /fp:strict /utf-8 /I "." /I "C:\Users\kovac\Desktop\TESI\master_thesis_2025\src\MATLAB_R2024b" /I ".\interface" /I "C:\Program Files\MATLAB\R2024b\extern\include" /I "." -DHAVE_LAPACK_CONFIG_H -DLAPACK_COMPLEX_STRUCTURE -DMW_HAVE_LAPACK_DECLS -DMODEL=evaluateObstacles_mex -arch:AVX2  evalObjAndConstrAndDerivatives.c /Fobuild\win64\evalObjAndConstrAndDerivatives.obj
evalObjAndConstrAndDerivatives.c
[102/109] cl /c /Zc:__cplusplus /Zp8 /GR /W3 /EHs /nologo /MD /D_CRT_SECURE_NO_DEPRECATE /D_SCL_SECURE_NO_DEPRECATE /D_SECURE_SCL=0   /DMATLAB_MEX_FILE  /DMATLAB_MEX_FILE /O2 /Oy- /DNDEBUG /fp:strict /utf-8 /I "." /I "C:\Users\kovac\Desktop\TESI\master_thesis_2025\src\MATLAB_R2024b" /I ".\interface" /I "C:\Program Files\MATLAB\R2024b\extern\include" /I "." -DHAVE_LAPACK_CONFIG_H -DLAPACK_COMPLEX_STRUCTURE -DMW_HAVE_LAPACK_DECLS -DMODEL=evaluateObstacles_mex -arch:AVX2  updateWorkingSetForNewQP.c /Fobuild\win64\updateWorkingSetForNewQP.obj
updateWorkingSetForNewQP.c
[103/109] cl /c /Zc:__cplusplus /Zp8 /GR /W3 /EHs /nologo /MD /D_CRT_SECURE_NO_DEPRECATE /D_SCL_SECURE_NO_DEPRECATE /D_SECURE_SCL=0   /DMATLAB_MEX_FILE  /DMATLAB_MEX_FILE /O2 /Oy- /DNDEBUG /fp:strict /utf-8 /I "." /I "C:\Users\kovac\Desktop\TESI\master_thesis_2025\src\MATLAB_R2024b" /I ".\interface" /I "C:\Program Files\MATLAB\R2024b\extern\include" /I "." -DHAVE_LAPACK_CONFIG_H -DLAPACK_COMPLEX_STRUCTURE -DMW_HAVE_LAPACK_DECLS -DMODEL=evaluateObstacles_mex -arch:AVX2  eml_mtimes_helper.c /Fobuild\win64\eml_mtimes_helper.obj
eml_mtimes_helper.c
[104/109] cl /c /Zc:__cplusplus /Zp8 /GR /W3 /EHs /nologo /MD /D_CRT_SECURE_NO_DEPRECATE /D_SCL_SECURE_NO_DEPRECATE /D_SECURE_SCL=0   /DMATLAB_MEX_FILE  /DMATLAB_MEX_FILE /O2 /Oy- /DNDEBUG /fp:strict /utf-8 /I "." /I "C:\Users\kovac\Desktop\TESI\master_thesis_2025\src\MATLAB_R2024b" /I ".\interface" /I "C:\Program Files\MATLAB\R2024b\extern\include" /I "." -DHAVE_LAPACK_CONFIG_H -DLAPACK_COMPLEX_STRUCTURE -DMW_HAVE_LAPACK_DECLS -DMODEL=evaluateObstacles_mex -arch:AVX2  followerCost.c /Fobuild\win64\followerCost.obj
followerCost.c
[105/109] cl /c /Zc:__cplusplus /Zp8 /GR /W3 /EHs /nologo /MD /D_CRT_SECURE_NO_DEPRECATE /D_SCL_SECURE_NO_DEPRECATE /D_SECURE_SCL=0   /DMATLAB_MEX_FILE  /DMATLAB_MEX_FILE /O2 /Oy- /DNDEBUG /fp:strict /utf-8 /I "." /I "C:\Users\kovac\Desktop\TESI\master_thesis_2025\src\MATLAB_R2024b" /I ".\interface" /I "C:\Program Files\MATLAB\R2024b\extern\include" /I "." -DHAVE_LAPACK_CONFIG_H -DLAPACK_COMPLEX_STRUCTURE -DMW_HAVE_LAPACK_DECLS -DMODEL=evaluateObstacles_mex -arch:AVX2  evaluateObstacles_mex_emxutil.c /Fobuild\win64\evaluateObstacles_mex_emxutil.obj
evaluateObstacles_mex_emxutil.c
[106/109] cl /c /Zc:__cplusplus /Zp8 /GR /W3 /EHs /nologo /MD /D_CRT_SECURE_NO_DEPRECATE /D_SCL_SECURE_NO_DEPRECATE /D_SECURE_SCL=0   /DMATLAB_MEX_FILE  /DMATLAB_MEX_FILE /O2 /Oy- /DNDEBUG /fp:strict /utf-8 /I "." /I "C:\Users\kovac\Desktop\TESI\master_thesis_2025\src\MATLAB_R2024b" /I ".\interface" /I "C:\Program Files\MATLAB\R2024b\extern\include" /I "." -DHAVE_LAPACK_CONFIG_H -DLAPACK_COMPLEX_STRUCTURE -DMW_HAVE_LAPACK_DECLS -DMODEL=evaluateObstacles_mex -arch:AVX2  computeConstraints_.c /Fobuild\win64\computeConstraints_.obj
computeConstraints_.c
[107/109] cl /c /Zc:__cplusplus /Zp8 /GR /W3 /EHs /nologo /MD /D_CRT_SECURE_NO_DEPRECATE /D_SCL_SECURE_NO_DEPRECATE /D_SECURE_SCL=0   /DMATLAB_MEX_FILE  /DMATLAB_MEX_FILE /O2 /Oy- /DNDEBUG /fp:strict /utf-8 /I "." /I "C:\Users\kovac\Desktop\TESI\master_thesis_2025\src\MATLAB_R2024b" /I ".\interface" /I "C:\Program Files\MATLAB\R2024b\extern\include" /I "." -DHAVE_LAPACK_CONFIG_H -DLAPACK_COMPLEX_STRUCTURE -DMW_HAVE_LAPACK_DECLS -DMODEL=evaluateObstacles_mex -arch:AVX2  fullColLDL2_.c /Fobuild\win64\fullColLDL2_.obj
fullColLDL2_.c
[108/109] cl /c /Zc:__cplusplus /Zp8 /GR /W3 /EHs /nologo /MD /D_CRT_SECURE_NO_DEPRECATE /D_SCL_SECURE_NO_DEPRECATE /D_SECURE_SCL=0   /DMATLAB_MEX_FILE  /DMATLAB_MEX_FILE /O2 /Oy- /DNDEBUG /fp:strict /utf-8 /I "." /I "C:\Users\kovac\Desktop\TESI\master_thesis_2025\src\MATLAB_R2024b" /I ".\interface" /I "C:\Program Files\MATLAB\R2024b\extern\include" /I "." -DHAVE_LAPACK_CONFIG_H -DLAPACK_COMPLEX_STRUCTURE -DMW_HAVE_LAPACK_DECLS -DMODEL=evaluateObstacles_mex -arch:AVX2  partialColLDL3_.c /Fobuild\win64\partialColLDL3_.obj
partialColLDL3_.c
[109/109] link @evaluateObstacles_mex.mexw64.rsp  /nologo    /DLL /LIBPATH:"C:\Program Files\MATLAB\R2024b\extern\lib\win64\microsoft" libmx.lib libmex.lib libmat.lib kernel32.lib user32.lib gdi32.lib winspool.lib comdlg32.lib advapi32.lib shell32.lib ole32.lib oleaut32.lib uuid.lib odbc32.lib odbccp32.lib  /out:"evaluateObstacles_mex.mexw64" /LIBPATH:"C:\Program Files\MATLAB\R2024b\extern\lib\win64\microsoft" libmwblas.lib libmwlapack.lib libemlrt.lib libcovrt.lib libut.lib libmwmathutil.lib  /export:mexFunction /export:mexfilerequiredapiversion /export:emlrtMexFcnProperties /export:evaluateObstacles /export:followerMPCandUpdate /export:leaderMPCandUpdate /export:leaderMPCandUpdateHalt /export:Rmat /export:evaluateObstacles_mex_initialize /export:evaluateObstacles_mex_terminate /export:evaluateObstacles_mex_atexit /export:emxInitStruct_struct4_T /export:emxFreeStruct_struct4_T /export:u_emxInitStruct_coder_internal_ /export:v_emxInitStruct_coder_internal_ /export:w_emxInitStruct_coder_internal_ /export:x_emxInitStruct_coder_internal_ /export:y_emxInitStruct_coder_internal_ /export:ab_emxInitStruct_coder_internal /export:bb_emxInitStruct_coder_internal /export:cb_emxInitStruct_coder_internal /export:db_emxInitStruct_coder_internal /export:emxInitStruct_struct_T12 /export:g_emxInitStruct_anonymous_funct /export:emxInitStruct_struct_T11 /export:emxFreeStruct_struct_T9 /export:ab_emxFreeStruct_coder_internal /export:y_emxFreeStruct_coder_internal_ /export:x_emxFreeStruct_coder_internal_ /export:w_emxFreeStruct_coder_internal_ /export:v_emxFreeStruct_coder_internal_ /export:u_emxFreeStruct_coder_internal_ /export:t_emxFreeStruct_coder_internal_ /export:s_emxFreeStruct_coder_internal_ /export:l_emxInitStruct_coder_internal_ /export:m_emxInitStruct_coder_internal_ /export:n_emxInitStruct_coder_internal_ /export:o_emxInitStruct_coder_internal_ /export:p_emxInitStruct_coder_internal_ /export:q_emxInitStruct_coder_internal_ /export:r_emxInitStruct_coder_internal_ /export:s_emxInitStruct_coder_internal_ /export:t_emxInitStruct_coder_internal_ /export:emxInitStruct_struct_T10 /export:e_emxInitStruct_anonymous_funct /export:emxInitStruct_struct_T9 /export:f_emxInitStruct_anonymous_funct /export:emxInitStruct_struct_T8 /export:emxInitStruct_struct1_T /export:emxFreeStruct_struct_T8 /export:r_emxFreeStruct_coder_internal_ /export:q_emxFreeStruct_coder_internal_ /export:p_emxFreeStruct_coder_internal_ /export:o_emxFreeStruct_coder_internal_ /export:n_emxFreeStruct_coder_internal_ /export:m_emxFreeStruct_coder_internal_ /export:l_emxFreeStruct_coder_internal_ /export:k_emxFreeStruct_coder_internal_ /export:d_emxFreeStruct_anonymous_funct /export:emxFreeStruct_struct_T7 /export:emxInitStruct_struct_T1 /export:c_emxInitStruct_coder_internal_ /export:d_emxInitStruct_coder_internal_ /export:e_emxInitStruct_coder_internal_ /export:f_emxInitStruct_coder_internal_ /export:g_emxInitStruct_coder_internal_ /export:h_emxInitStruct_coder_internal_ /export:i_emxInitStruct_coder_internal_ /export:j_emxInitStruct_coder_internal_ /export:k_emxInitStruct_coder_internal_ /export:emxInitStruct_struct_T4 /export:d_emxInitStruct_anonymous_funct /export:emxInitStruct_struct_T3 /export:c_emxInitStruct_anonymous_funct /export:emxInitStruct_struct_T2 /export:emxInitStruct_struct5_T /export:emxInitStruct_struct2_T /export:emxCopyStruct_struct5_T /export:emxCopy_real_T_800 /export:emxInitStruct_struct_T5 /export:emxInitStruct_struct_T6 /export:emxInitStruct_struct_T7 /export:emxFreeStruct_struct_T6 /export:emxFreeStruct_struct_T5 /export:emxFreeStruct_struct_T4 /export:emxFreeStruct_struct_T3 /export:j_emxFreeStruct_coder_internal_ /export:i_emxFreeStruct_coder_internal_ /export:h_emxFreeStruct_coder_internal_ /export:g_emxFreeStruct_coder_internal_ /export:f_emxFreeStruct_coder_internal_ /export:e_emxFreeStruct_coder_internal_ /export:d_emxFreeStruct_coder_internal_ /export:c_emxFreeStruct_coder_internal_ /export:c_emxFreeStruct_anonymous_funct /export:emxFreeStruct_struct_T2 /export:emxFreeStruct_struct5_T /export:emxFreeStruct_struct_T1 /export:emxInit_ptrdiff_t /export:emxEnsureCapacity_ptrdiff_t /export:emxFree_ptrdiff_t /export:emxInitStruct_struct_T /export:emxInit_real_T /export:emxCopyStruct_struct_T /export:emxCopy_real_T_4200 /export:emxCopy_real_T_0 /export:emxCopy_real_T_4241 /export:emxCopy_int32_T_4241 /export:emxCopy_real_T /export:emxEnsureCapacity_real_T /export:emxCopyMatrix_int32_T2 /export:emxCopy_boolean_T_14801 /export:emxCopy_int32_T_14801 /export:emxCopyMatrix_int32_T1 /export:emxFreeStruct_struct_T /export:emxFree_real_T
   Creazione della libreria evaluateObstacles_mex.lib e dell'oggetto evaluateObstacles_mex.exp
